Ansys Lumerical 2022 R1.4 FDTD Solver Version 8.27.3044 (Linux 64bit)
 expires (month/day/year): 5/2/2023
using config file: Ansys Licensing set with ANSYSLMD_LICENSE_FILE
license host: 1055@10.75.13.24
current time: qui set 1 02:54:32 2022
Running on host: fotonica04-To-be-filled-by-O-E-M
host available memory (GB): 28.334305
All processes are communicating and ready to proceed to simulation...
Running fsp file: /opt/lumerical/v221/bin/fdtd-engine-mpich2nem -t 1 -remote -hide -shared-solve-license QU5TWVNDTF9DT05URVhUX0RBVEE9PEFOU1lTQ0xfQ09OVEVYVF9EQVRBPjxJRD5mNmFhNzNmMy1lNGFmLTQ0NzEtOTQ4Yy02MzI2ZjE5ZjljYTg8L0lEPjxUWVBFPkFQUF9ERUZJTkVEPC9UWVBFPjxOQU1FPmx1bV9zdGFuZGFyZF9zb2x2ZV9zaGFyZTwvTkFNRT48SEFORExFUj40NjQxN0Bmb3RvbmljYTA0LVRvLWJlLWZpbGxlZC1ieS1PLUUtTTwvSEFORExFUj48L0FOU1lTQ0xfQ09OVEVYVF9EQVRBPgpBTlNZU19DT05URVhUX0lEPWY2YWE3M2YzLWU0YWYtNDQ3MS05NDhjLTYzMjZmMTlmOWNhOApBTlNZU19DT05URVhUX1NFUlZFUj00NjQxN0Bmb3RvbmljYTA0LVRvLWJlLWZpbGxlZC1ieS1PLUUtTQo= /home/trainner/Documentos/Vh/photonics-ring-resonator/anel_lumerical_Lc_sweep/Lc_sweep_2.fsp
Starting meshing
Simulation size in gridpoints: 1 x 80 x 28
Refined 0 mesh cells (0%)
Completed meshing!
Meshing complete in 0.002452 seconds of CPU time
Starting meshing
Simulation size in gridpoints: 1 x 80 x 28
Refined 0 mesh cells (0%)
Completed meshing!
Meshing complete in 0.002148 seconds of CPU time
Starting meshing
Simulation size in gridpoints: 1 x 80 x 28
Refined 0 mesh cells (0%)
Completed meshing!
Meshing complete in 0.003102 seconds of CPU time
Starting meshing
Simulation size in gridpoints: 1 x 80 x 28
Refined 0 mesh cells (0%)
Completed meshing!
Meshing complete in 0.002128 seconds of CPU time
Starting meshing
Simulation size in gridpoints: 1 x 80 x 28
Refined 0 mesh cells (0%)
Completed meshing!
Meshing complete in 0.002034 seconds of CPU time
Starting meshing
Simulation size in gridpoints: 1 x 80 x 28
Refined 0 mesh cells (0%)
Completed meshing!
Meshing complete in 0.002826 seconds of CPU time
left is a duplicate key.
bottom is a duplicate key.
z1 is a duplicate key.
z2 is a duplicate key.
Nx is a duplicate key.
Ny is a duplicate key.
Nz is a duplicate key.
Starting meshing
Simulation size in gridpoints: 1 x 80 x 28
Refined 0 mesh cells (0%)
Completed meshing!
Meshing complete in 0.002168 seconds of CPU time
Starting meshing
Simulation size in gridpoints: 1 x 80 x 28
Refined 0 mesh cells (0%)
Completed meshing!
Meshing complete in 0.002055 seconds of CPU time
Starting meshing
Simulation size in gridpoints: 1 x 80 x 28
Refined 0 mesh cells (0%)
Completed meshing!
Meshing complete in 0.002765 seconds of CPU time
left is a duplicate key.
bottom is a duplicate key.
z1 is a duplicate key.
z2 is a duplicate key.
Nx is a duplicate key.
Ny is a duplicate key.
Nz is a duplicate key.
Starting meshing
Simulation size in gridpoints: 85 x 1 x 28
Refined 0 mesh cells (0%)
Completed meshing!
Meshing complete in 0.001433 seconds of CPU time
Starting meshing
Simulation size in gridpoints: 85 x 1 x 28
Refined 0 mesh cells (0%)
Completed meshing!
Meshing complete in 0.00131 seconds of CPU time
Starting meshing
Simulation size in gridpoints: 85 x 1 x 28
Refined 0 mesh cells (0%)
Completed meshing!
Meshing complete in 0.001274 seconds of CPU time
left is a duplicate key.
bottom is a duplicate key.
z1 is a duplicate key.
z2 is a duplicate key.
Nx is a duplicate key.
Ny is a duplicate key.
Nz is a duplicate key.
Starting meshing
Simulation size in gridpoints: 85 x 1 x 28
Refined 0 mesh cells (0%)
Completed meshing!
Meshing complete in 0.00139 seconds of CPU time
Starting meshing
Simulation size in gridpoints: 85 x 1 x 28
Refined 0 mesh cells (0%)
Completed meshing!
Meshing complete in 0.00132 seconds of CPU time
Starting meshing
Simulation size in gridpoints: 85 x 1 x 28
Refined 0 mesh cells (0%)
Completed meshing!
Meshing complete in 0.001297 seconds of CPU time
left is a duplicate key.
bottom is a duplicate key.
z1 is a duplicate key.
z2 is a duplicate key.
Nx is a duplicate key.
Ny is a duplicate key.
Nz is a duplicate key.
number of processors is 4
processors are distributed as: 4x1x1
Running 3D Simulation
Starting meshing
Simulation size in gridpoints: 162 x 258 x 48
Refined 0 mesh cells (0%)
Completed meshing!
Meshing complete in 1.01918 seconds of CPU time
0 0
Starting meshing
Simulation size in gridpoints: 162 x 258 x 48
Refined 0 mesh cells (0%)
Completed meshing!
Meshing complete in 0.637155 seconds of CPU time
0 0
Starting meshing
Simulation size in gridpoints: 162 x 258 x 48
Refined 0 mesh cells (0%)
Completed meshing!
Meshing complete in 0.735101 seconds of CPU time
0 0
finished material properties
Meshing Time: 1.86947 seconds, Init Electrical Material Time: 0.214658 seconds, Init Magnetic Material Time: 0.00596
Using selected optimization level: 2
Selecting 3d kernel for splitFieldDirection=0 and optLevel=2
-----------------------------------------
Beginning initialization of 3D Simulation
Starting to add sources to simulation
Adding 3D Mode source propagating in X
Using frequency dependent profile
Starting to add boundary conditions to simulation
Adding 3D PML BC
Adding 3D Parallel BC
Adding 3D PML BC
Adding 3D PML BC
Adding 3D PML BC
Adding 3D PML BC
Starting to add monitors to Simulation
Adding analysis monitor
Adding 3D DFT monitor
Adding 3D DFT monitor
Adding 3D DFT monitor
Adding 3D DFT monitor
Finished initialization of 3D Simulation
-----------------------------------------
All processes are communicating and ready to proceed to simulation...
Starting 22106 total iterations
0.21714% complete. Max time remaining: 15 mins, 45 secs. Auto Shutoff: 1
1.23046% complete. Max time remaining: 15 mins, 41 secs. Auto Shutoff: 1
2.24378% complete. Max time remaining: 15 mins, 32 secs. Auto Shutoff: 1
3.2571% complete. Max time remaining: 15 mins, 25 secs. Auto Shutoff: 1
4.27042% complete. Max time remaining: 15 mins, 15 secs. Auto Shutoff: 1
5.28374% complete. Max time remaining: 15 mins, 6 secs. Auto Shutoff: 1
6.29706% complete. Max time remaining: 14 mins, 57 secs. Auto Shutoff: 1
7.31038% complete. Max time remaining: 14 mins, 47 secs. Auto Shutoff: 0.957107
8.3237% complete. Max time remaining: 14 mins, 40 secs. Auto Shutoff: 0.956518
9.33702% complete. Max time remaining: 14 mins, 31 secs. Auto Shutoff: 0.956469
10.3503% complete. Max time remaining: 14 mins, 20 secs. Auto Shutoff: 0.956783
11.3637% complete. Max time remaining: 14 mins, 10 secs. Auto Shutoff: 0.98748
12.377% complete. Max time remaining: 14 mins, 0 secs. Auto Shutoff: 0.956957
13.3903% complete. Max time remaining: 13 mins, 50 secs. Auto Shutoff: 0.95628
14.4036% complete. Max time remaining: 13 mins, 40 secs. Auto Shutoff: 0.956237
15.4169% complete. Max time remaining: 13 mins, 30 secs. Auto Shutoff: 0.956278
16.4303% complete. Max time remaining: 13 mins, 21 secs. Auto Shutoff: 0.984029
17.4436% complete. Max time remaining: 13 mins, 11 secs. Auto Shutoff: 0.959659
18.4569% complete. Max time remaining: 13 mins, 1 secs. Auto Shutoff: 0.957749
19.4702% complete. Max time remaining: 12 mins, 51 secs. Auto Shutoff: 0.957937
20.4835% complete. Max time remaining: 12 mins, 41 secs. Auto Shutoff: 0.949856
21.4969% complete. Max time remaining: 12 mins, 31 secs. Auto Shutoff: 0.449747
22.5102% complete. Max time remaining: 12 mins, 21 secs. Auto Shutoff: 0.0319284
23.5235% complete. Max time remaining: 12 mins, 11 secs. Auto Shutoff: 0.000656569
100% complete. Max time remaining: 0 mins, 0 secs. Auto Shutoff: 8.46585e-06
Early termination of simulation, the autoshutoff criteria are satisfied.
Completed 5341 iterations, or 2.416135e-13s of Simulation Time
Process 0 starting to collect data
    collecting monitor data
    collecting source data
Using frequency dependent profile
Finished collecting data
left is a duplicate key.
bottom is a duplicate key.
z1 is a duplicate key.
z2 is a duplicate key.
Nx is a duplicate key.
Ny is a duplicate key.
Nz is a duplicate key.
left is a duplicate key.
bottom is a duplicate key.
z1 is a duplicate key.
z2 is a duplicate key.
Nx is a duplicate key.
Ny is a duplicate key.
Nz is a duplicate key.
left is a duplicate key.
bottom is a duplicate key.
z1 is a duplicate key.
z2 is a duplicate key.
Nx is a duplicate key.
Ny is a duplicate key.
Nz is a duplicate key.
left is a duplicate key.
bottom is a duplicate key.
z1 is a duplicate key.
z2 is a duplicate key.
Nx is a duplicate key.
Ny is a duplicate key.
Nz is a duplicate key.
Simulation completed successfully at: qui set 1 02:58:31 2022
Overall wall time measurements in seconds: 240.067
    time to mesh and initialize: 6.9725
    time to run FDTD simulation: 231.133
    time to checkpoint simulation: 1e-06
    time to finalize data and save to files: 0.112168
    miscellaneous time: 1.84951
    FDTD solver speed on process 0: 46.3593 Mnodes/s
    total FDTD solver speed on 4 processes: 185.437 Mnodes/s
