Ansys Lumerical 2022 R1.4 FDTD Solver Version 8.27.3044 (Linux 64bit)
 expires (month/day/year): 5/2/2023
using config file: Ansys Licensing set with ANSYSLMD_LICENSE_FILE
license host: 1055@10.75.13.24
current time: qui set 1 20:12:24 2022
Running on host: fotonica04-To-be-filled-by-O-E-M
host available memory (GB): 27.660247
All processes are communicating and ready to proceed to simulation...
Running fsp file: /opt/lumerical/v221/bin/fdtd-engine-mpich2nem -t 1 -remote -hide -shared-solve-license QU5TWVNDTF9DT05URVhUX0RBVEE9PEFOU1lTQ0xfQ09OVEVYVF9EQVRBPjxJRD5iMGE2OTIyMy0wMTkzLTQxZmYtYjM4Zi0yYTliMzY0YzEwMzQ8L0lEPjxUWVBFPkFQUF9ERUZJTkVEPC9UWVBFPjxOQU1FPmx1bV9zdGFuZGFyZF9zb2x2ZV9zaGFyZTwvTkFNRT48SEFORExFUj40NjQxN0Bmb3RvbmljYTA0LVRvLWJlLWZpbGxlZC1ieS1PLUUtTTwvSEFORExFUj48L0FOU1lTQ0xfQ09OVEVYVF9EQVRBPgpBTlNZU19DT05URVhUX0lEPWIwYTY5MjIzLTAxOTMtNDFmZi1iMzhmLTJhOWIzNjRjMTAzNApBTlNZU19DT05URVhUX1NFUlZFUj00NjQxN0Bmb3RvbmljYTA0LVRvLWJlLWZpbGxlZC1ieS1PLUUtTQo= /home/trainner/Documentos/Vh/photonics-ring-resonator/anel_lumerical_Lc_sweep/Lc_sweep_3.fsp
Starting meshing
Simulation size in gridpoints: 1 x 66 x 28
Refined 0 mesh cells (0%)
Completed meshing!
Meshing complete in 0.001419 seconds of CPU time
Starting meshing
Simulation size in gridpoints: 1 x 66 x 28
Refined 0 mesh cells (0%)
Completed meshing!
Meshing complete in 0.001074 seconds of CPU time
Starting meshing
Simulation size in gridpoints: 1 x 66 x 28
Refined 0 mesh cells (0%)
Completed meshing!
Meshing complete in 0.001399 seconds of CPU time
Starting meshing
Simulation size in gridpoints: 1 x 66 x 28
Refined 0 mesh cells (0%)
Completed meshing!
Meshing complete in 0.001124 seconds of CPU time
Starting meshing
Simulation size in gridpoints: 1 x 66 x 28
Refined 0 mesh cells (0%)
Completed meshing!
Meshing complete in 0.001006 seconds of CPU time
Starting meshing
Simulation size in gridpoints: 1 x 66 x 28
Refined 0 mesh cells (0%)
Completed meshing!
Meshing complete in 0.001331 seconds of CPU time
left is a duplicate key.
bottom is a duplicate key.
z1 is a duplicate key.
z2 is a duplicate key.
Nx is a duplicate key.
Ny is a duplicate key.
Nz is a duplicate key.
Starting meshing
Simulation size in gridpoints: 1 x 66 x 28
Refined 0 mesh cells (0%)
Completed meshing!
Meshing complete in 0.00111 seconds of CPU time
Starting meshing
Simulation size in gridpoints: 1 x 66 x 28
Refined 0 mesh cells (0%)
Completed meshing!
Meshing complete in 0.001022 seconds of CPU time
Starting meshing
Simulation size in gridpoints: 1 x 66 x 28
Refined 0 mesh cells (0%)
Completed meshing!
Meshing complete in 0.001322 seconds of CPU time
left is a duplicate key.
bottom is a duplicate key.
z1 is a duplicate key.
z2 is a duplicate key.
Nx is a duplicate key.
Ny is a duplicate key.
Nz is a duplicate key.
Starting meshing
Simulation size in gridpoints: 86 x 1 x 28
Refined 0 mesh cells (0%)
Completed meshing!
Meshing complete in 0.000915 seconds of CPU time
Starting meshing
Simulation size in gridpoints: 86 x 1 x 28
Refined 0 mesh cells (0%)
Completed meshing!
Meshing complete in 0.000749 seconds of CPU time
Starting meshing
Simulation size in gridpoints: 86 x 1 x 28
Refined 0 mesh cells (0%)
Completed meshing!
Meshing complete in 0.000736 seconds of CPU time
left is a duplicate key.
bottom is a duplicate key.
z1 is a duplicate key.
z2 is a duplicate key.
Nx is a duplicate key.
Ny is a duplicate key.
Nz is a duplicate key.
Starting meshing
Simulation size in gridpoints: 86 x 1 x 28
Refined 0 mesh cells (0%)
Completed meshing!
Meshing complete in 0.000827 seconds of CPU time
Starting meshing
Simulation size in gridpoints: 86 x 1 x 28
Refined 0 mesh cells (0%)
Completed meshing!
Meshing complete in 0.000784 seconds of CPU time
Starting meshing
Simulation size in gridpoints: 86 x 1 x 28
Refined 0 mesh cells (0%)
Completed meshing!
Meshing complete in 0.000742 seconds of CPU time
left is a duplicate key.
bottom is a duplicate key.
z1 is a duplicate key.
z2 is a duplicate key.
Nx is a duplicate key.
Ny is a duplicate key.
Nz is a duplicate key.
number of processors is 4
processors are distributed as: 4x1x1
Running 3D Simulation
Starting meshing
Simulation size in gridpoints: 162 x 232 x 48
Refined 0 mesh cells (0%)
Completed meshing!
Meshing complete in 0.432226 seconds of CPU time
0 0
Starting meshing
Simulation size in gridpoints: 162 x 232 x 48
Refined 0 mesh cells (0%)
Completed meshing!
Meshing complete in 0.434488 seconds of CPU time
0 0
Starting meshing
Simulation size in gridpoints: 162 x 232 x 48
Refined 0 mesh cells (0%)
Completed meshing!
Meshing complete in 0.530596 seconds of CPU time
0 0
finished material properties
Meshing Time: 1.03671 seconds, Init Electrical Material Time: 0.13475 seconds, Init Magnetic Material Time: 0.005332
Using selected optimization level: 2
Selecting 3d kernel for splitFieldDirection=0 and optLevel=2
-----------------------------------------
Beginning initialization of 3D Simulation
Starting to add sources to simulation
Adding 3D Mode source propagating in X
Using frequency dependent profile
Starting to add boundary conditions to simulation
Adding 3D PML BC
Adding 3D Parallel BC
Adding 3D PML BC
Adding 3D PML BC
Adding 3D PML BC
Adding 3D PML BC
Starting to add monitors to Simulation
Adding analysis monitor
Adding 3D DFT monitor
Adding 3D DFT monitor
Adding 3D DFT monitor
Adding 3D DFT monitor
Finished initialization of 3D Simulation
-----------------------------------------
All processes are communicating and ready to proceed to simulation...
Starting 21951 total iterations
0.218664% complete. Max time remaining: 13 mins, 54 secs. Auto Shutoff: 1
1.2391% complete. Max time remaining: 13 mins, 48 secs. Auto Shutoff: 1
2.25953% complete. Max time remaining: 13 mins, 41 secs. Auto Shutoff: 1
3.27997% complete. Max time remaining: 13 mins, 33 secs. Auto Shutoff: 1
4.3004% complete. Max time remaining: 13 mins, 25 secs. Auto Shutoff: 1
5.32083% complete. Max time remaining: 13 mins, 16 secs. Auto Shutoff: 1
6.34127% complete. Max time remaining: 13 mins, 7 secs. Auto Shutoff: 1
7.3617% complete. Max time remaining: 12 mins, 59 secs. Auto Shutoff: 0.956727
8.38214% complete. Max time remaining: 12 mins, 51 secs. Auto Shutoff: 0.956216
9.40257% complete. Max time remaining: 12 mins, 42 secs. Auto Shutoff: 0.956198
10.423% complete. Max time remaining: 12 mins, 34 secs. Auto Shutoff: 0.956758
11.4434% complete. Max time remaining: 12 mins, 25 secs. Auto Shutoff: 0.988472
12.4639% complete. Max time remaining: 12 mins, 16 secs. Auto Shutoff: 0.95692
13.4843% complete. Max time remaining: 12 mins, 8 secs. Auto Shutoff: 0.955753
14.5047% complete. Max time remaining: 11 mins, 59 secs. Auto Shutoff: 0.955788
15.5252% complete. Max time remaining: 11 mins, 51 secs. Auto Shutoff: 0.956192
16.5456% complete. Max time remaining: 11 mins, 42 secs. Auto Shutoff: 0.961584
17.566% complete. Max time remaining: 11 mins, 33 secs. Auto Shutoff: 0.957539
18.5865% complete. Max time remaining: 11 mins, 26 secs. Auto Shutoff: 0.952544
19.6069% complete. Max time remaining: 11 mins, 20 secs. Auto Shutoff: 0.926216
20.6273% complete. Max time remaining: 11 mins, 13 secs. Auto Shutoff: 0.787716
21.6478% complete. Max time remaining: 11 mins, 4 secs. Auto Shutoff: 0.277087
22.6682% complete. Max time remaining: 10 mins, 55 secs. Auto Shutoff: 0.0198924
23.6886% complete. Max time remaining: 10 mins, 46 secs. Auto Shutoff: 0.000315571
100% complete. Max time remaining: 0 mins, 0 secs. Auto Shutoff: 6.37261e-06
Early termination of simulation, the autoshutoff criteria are satisfied.
Completed 5332 iterations, or 2.428997e-13s of Simulation Time
Process 0 starting to collect data
    collecting monitor data
    collecting source data
Using frequency dependent profile
Finished collecting data
left is a duplicate key.
bottom is a duplicate key.
z1 is a duplicate key.
z2 is a duplicate key.
Nx is a duplicate key.
Ny is a duplicate key.
Nz is a duplicate key.
left is a duplicate key.
bottom is a duplicate key.
z1 is a duplicate key.
z2 is a duplicate key.
Nx is a duplicate key.
Ny is a duplicate key.
Nz is a duplicate key.
left is a duplicate key.
bottom is a duplicate key.
z1 is a duplicate key.
z2 is a duplicate key.
Nx is a duplicate key.
Ny is a duplicate key.
Nz is a duplicate key.
left is a duplicate key.
bottom is a duplicate key.
z1 is a duplicate key.
z2 is a duplicate key.
Nx is a duplicate key.
Ny is a duplicate key.
Nz is a duplicate key.
Simulation completed successfully at: qui set 1 20:15:56 2022
Overall wall time measurements in seconds: 212.238
    time to mesh and initialize: 5.18027
    time to run FDTD simulation: 205.693
    time to checkpoint simulation: 1e-06
    time to finalize data and save to files: 0.123371
    miscellaneous time: 1.24172
    FDTD solver speed on process 0: 46.7643 Mnodes/s
    total FDTD solver speed on 4 processes: 187.057 Mnodes/s
