Ansys Lumerical 2022 R1.4 FDTD Solver Version 8.27.3044 (Linux 64bit)
 expires (month/day/year): 5/2/2023
using config file: Ansys Licensing set with ANSYSLMD_LICENSE_FILE
license host: 1055@10.75.13.24
current time: qui set 1 03:02:33 2022
Running on host: fotonica04-To-be-filled-by-O-E-M
host available memory (GB): 28.331504
All processes are communicating and ready to proceed to simulation...
Running fsp file: /opt/lumerical/v221/bin/fdtd-engine-mpich2nem -t 1 -remote -hide -shared-solve-license QU5TWVNDTF9DT05URVhUX0RBVEE9PEFOU1lTQ0xfQ09OVEVYVF9EQVRBPjxJRD5mNmFhNzNmMy1lNGFmLTQ0NzEtOTQ4Yy02MzI2ZjE5ZjljYTg8L0lEPjxUWVBFPkFQUF9ERUZJTkVEPC9UWVBFPjxOQU1FPmx1bV9zdGFuZGFyZF9zb2x2ZV9zaGFyZTwvTkFNRT48SEFORExFUj40NjQxN0Bmb3RvbmljYTA0LVRvLWJlLWZpbGxlZC1ieS1PLUUtTTwvSEFORExFUj48L0FOU1lTQ0xfQ09OVEVYVF9EQVRBPgpBTlNZU19DT05URVhUX0lEPWY2YWE3M2YzLWU0YWYtNDQ3MS05NDhjLTYzMjZmMTlmOWNhOApBTlNZU19DT05URVhUX1NFUlZFUj00NjQxN0Bmb3RvbmljYTA0LVRvLWJlLWZpbGxlZC1ieS1PLUUtTQo= /home/trainner/Documentos/Vh/photonics-ring-resonator/anel_lumerical_Lc_sweep/Lc_sweep_4.fsp
Starting meshing
Simulation size in gridpoints: 1 x 80 x 28
Refined 0 mesh cells (0%)
Completed meshing!
Meshing complete in 0.002527 seconds of CPU time
Starting meshing
Simulation size in gridpoints: 1 x 80 x 28
Refined 0 mesh cells (0%)
Completed meshing!
Meshing complete in 0.002139 seconds of CPU time
Starting meshing
Simulation size in gridpoints: 1 x 80 x 28
Refined 0 mesh cells (0%)
Completed meshing!
Meshing complete in 0.002997 seconds of CPU time
Starting meshing
Simulation size in gridpoints: 1 x 80 x 28
Refined 0 mesh cells (0%)
Completed meshing!
Meshing complete in 0.001137 seconds of CPU time
Starting meshing
Simulation size in gridpoints: 1 x 80 x 28
Refined 0 mesh cells (0%)
Completed meshing!
Meshing complete in 0.001051 seconds of CPU time
Starting meshing
Simulation size in gridpoints: 1 x 80 x 28
Refined 0 mesh cells (0%)
Completed meshing!
Meshing complete in 0.001391 seconds of CPU time
left is a duplicate key.
bottom is a duplicate key.
z1 is a duplicate key.
z2 is a duplicate key.
Nx is a duplicate key.
Ny is a duplicate key.
Nz is a duplicate key.
Starting meshing
Simulation size in gridpoints: 1 x 80 x 28
Refined 0 mesh cells (0%)
Completed meshing!
Meshing complete in 0.001125 seconds of CPU time
Starting meshing
Simulation size in gridpoints: 1 x 80 x 28
Refined 0 mesh cells (0%)
Completed meshing!
Meshing complete in 0.001054 seconds of CPU time
Starting meshing
Simulation size in gridpoints: 1 x 80 x 28
Refined 0 mesh cells (0%)
Completed meshing!
Meshing complete in 0.00154 seconds of CPU time
left is a duplicate key.
bottom is a duplicate key.
z1 is a duplicate key.
z2 is a duplicate key.
Nx is a duplicate key.
Ny is a duplicate key.
Nz is a duplicate key.
Starting meshing
Simulation size in gridpoints: 86 x 1 x 28
Refined 0 mesh cells (0%)
Completed meshing!
Meshing complete in 0.000819 seconds of CPU time
Starting meshing
Simulation size in gridpoints: 86 x 1 x 28
Refined 0 mesh cells (0%)
Completed meshing!
Meshing complete in 0.000745 seconds of CPU time
Starting meshing
Simulation size in gridpoints: 86 x 1 x 28
Refined 0 mesh cells (0%)
Completed meshing!
Meshing complete in 0.000751 seconds of CPU time
left is a duplicate key.
bottom is a duplicate key.
z1 is a duplicate key.
z2 is a duplicate key.
Nx is a duplicate key.
Ny is a duplicate key.
Nz is a duplicate key.
Starting meshing
Simulation size in gridpoints: 86 x 1 x 28
Refined 0 mesh cells (0%)
Completed meshing!
Meshing complete in 0.000838 seconds of CPU time
Starting meshing
Simulation size in gridpoints: 86 x 1 x 28
Refined 0 mesh cells (0%)
Completed meshing!
Meshing complete in 0.000767 seconds of CPU time
Starting meshing
Simulation size in gridpoints: 86 x 1 x 28
Refined 0 mesh cells (0%)
Completed meshing!
Meshing complete in 0.000748 seconds of CPU time
left is a duplicate key.
bottom is a duplicate key.
z1 is a duplicate key.
z2 is a duplicate key.
Nx is a duplicate key.
Ny is a duplicate key.
Nz is a duplicate key.
number of processors is 4
processors are distributed as: 4x1x1
Running 3D Simulation
Starting meshing
Simulation size in gridpoints: 162 x 258 x 48
Refined 0 mesh cells (0%)
Completed meshing!
Meshing complete in 0.993041 seconds of CPU time
0 0
Starting meshing
Simulation size in gridpoints: 162 x 258 x 48
Refined 0 mesh cells (0%)
Completed meshing!
Meshing complete in 1.00277 seconds of CPU time
0 0
Starting meshing
Simulation size in gridpoints: 162 x 258 x 48
Refined 0 mesh cells (0%)
Completed meshing!
Meshing complete in 1.15966 seconds of CPU time
0 0
finished material properties
Meshing Time: 2.23533 seconds, Init Electrical Material Time: 0.174025 seconds, Init Magnetic Material Time: 0.005966
Using selected optimization level: 2
Selecting 3d kernel for splitFieldDirection=0 and optLevel=2
-----------------------------------------
Beginning initialization of 3D Simulation
Starting to add sources to simulation
Adding 3D Mode source propagating in X
Using frequency dependent profile
Starting to add boundary conditions to simulation
Adding 3D PML BC
Adding 3D Parallel BC
Adding 3D PML BC
Adding 3D PML BC
Adding 3D PML BC
Adding 3D PML BC
Starting to add monitors to Simulation
Adding analysis monitor
Adding 3D DFT monitor
Adding 3D DFT monitor
Adding 3D DFT monitor
Adding 3D DFT monitor
Finished initialization of 3D Simulation
-----------------------------------------
All processes are communicating and ready to proceed to simulation...
Starting 22106 total iterations
0.21714% complete. Max time remaining: 15 mins, 35 secs. Auto Shutoff: 1
1.23046% complete. Max time remaining: 15 mins, 30 secs. Auto Shutoff: 1
2.24378% complete. Max time remaining: 15 mins, 26 secs. Auto Shutoff: 1
3.2571% complete. Max time remaining: 15 mins, 20 secs. Auto Shutoff: 1
4.27042% complete. Max time remaining: 15 mins, 11 secs. Auto Shutoff: 1
5.28374% complete. Max time remaining: 15 mins, 3 secs. Auto Shutoff: 1
6.29706% complete. Max time remaining: 14 mins, 51 secs. Auto Shutoff: 1
7.31038% complete. Max time remaining: 14 mins, 40 secs. Auto Shutoff: 0.957117
8.3237% complete. Max time remaining: 14 mins, 29 secs. Auto Shutoff: 0.956523
9.33702% complete. Max time remaining: 14 mins, 18 secs. Auto Shutoff: 0.956481
10.3503% complete. Max time remaining: 14 mins, 8 secs. Auto Shutoff: 0.956875
11.3637% complete. Max time remaining: 13 mins, 58 secs. Auto Shutoff: 0.988005
12.377% complete. Max time remaining: 13 mins, 48 secs. Auto Shutoff: 0.956918
13.3903% complete. Max time remaining: 13 mins, 39 secs. Auto Shutoff: 0.956325
14.4036% complete. Max time remaining: 13 mins, 35 secs. Auto Shutoff: 0.956349
15.4169% complete. Max time remaining: 13 mins, 26 secs. Auto Shutoff: 0.956471
16.4303% complete. Max time remaining: 13 mins, 15 secs. Auto Shutoff: 0.983838
17.4436% complete. Max time remaining: 13 mins, 5 secs. Auto Shutoff: 0.962514
18.4569% complete. Max time remaining: 12 mins, 55 secs. Auto Shutoff: 0.955984
19.4702% complete. Max time remaining: 12 mins, 45 secs. Auto Shutoff: 0.955028
20.4835% complete. Max time remaining: 12 mins, 35 secs. Auto Shutoff: 0.952322
21.4969% complete. Max time remaining: 12 mins, 25 secs. Auto Shutoff: 0.459069
22.5102% complete. Max time remaining: 12 mins, 15 secs. Auto Shutoff: 0.0392389
23.5235% complete. Max time remaining: 12 mins, 5 secs. Auto Shutoff: 0.00109983
24.5368% complete. Max time remaining: 11 mins, 55 secs. Auto Shutoff: 2.06773e-05
100% complete. Max time remaining: 0 mins, 0 secs. Auto Shutoff: 5.22317e-06
Early termination of simulation, the autoshutoff criteria are satisfied.
Completed 5442 iterations, or 2.461825e-13s of Simulation Time
Process 0 starting to collect data
    collecting monitor data
    collecting source data
Using frequency dependent profile
Finished collecting data
left is a duplicate key.
bottom is a duplicate key.
z1 is a duplicate key.
z2 is a duplicate key.
Nx is a duplicate key.
Ny is a duplicate key.
Nz is a duplicate key.
left is a duplicate key.
bottom is a duplicate key.
z1 is a duplicate key.
z2 is a duplicate key.
Nx is a duplicate key.
Ny is a duplicate key.
Nz is a duplicate key.
left is a duplicate key.
bottom is a duplicate key.
z1 is a duplicate key.
z2 is a duplicate key.
Nx is a duplicate key.
Ny is a duplicate key.
Nz is a duplicate key.
left is a duplicate key.
bottom is a duplicate key.
z1 is a duplicate key.
z2 is a duplicate key.
Nx is a duplicate key.
Ny is a duplicate key.
Nz is a duplicate key.
Simulation completed successfully at: qui set 1 03:06:33 2022
Overall wall time measurements in seconds: 239.933
    time to mesh and initialize: 5.01193
    time to run FDTD simulation: 233.409
    time to checkpoint simulation: 2e-06
    time to finalize data and save to files: 0.112881
    miscellaneous time: 1.3999
    FDTD solver speed on process 0: 46.7754 Mnodes/s
    total FDTD solver speed on 4 processes: 187.102 Mnodes/s
