Ansys Lumerical 2022 R1.4 FDTD Solver Version 8.27.3044 (Linux 64bit)
 expires (month/day/year): 5/2/2023
using config file: Ansys Licensing set with ANSYSLMD_LICENSE_FILE
license host: 1055@10.75.13.24
current time: qui set 1 02:50:19 2022
Running on host: fotonica04-To-be-filled-by-O-E-M
host available memory (GB): 28.335124
All processes are communicating and ready to proceed to simulation...
Running fsp file: /opt/lumerical/v221/bin/fdtd-engine-mpich2nem -t 1 -remote -hide -shared-solve-license QU5TWVNDTF9DT05URVhUX0RBVEE9PEFOU1lTQ0xfQ09OVEVYVF9EQVRBPjxJRD5mNmFhNzNmMy1lNGFmLTQ0NzEtOTQ4Yy02MzI2ZjE5ZjljYTg8L0lEPjxUWVBFPkFQUF9ERUZJTkVEPC9UWVBFPjxOQU1FPmx1bV9zdGFuZGFyZF9zb2x2ZV9zaGFyZTwvTkFNRT48SEFORExFUj40NjQxN0Bmb3RvbmljYTA0LVRvLWJlLWZpbGxlZC1ieS1PLUUtTTwvSEFORExFUj48L0FOU1lTQ0xfQ09OVEVYVF9EQVRBPgpBTlNZU19DT05URVhUX0lEPWY2YWE3M2YzLWU0YWYtNDQ3MS05NDhjLTYzMjZmMTlmOWNhOApBTlNZU19DT05URVhUX1NFUlZFUj00NjQxN0Bmb3RvbmljYTA0LVRvLWJlLWZpbGxlZC1ieS1PLUUtTQo= /home/trainner/Documentos/Vh/photonics-ring-resonator/anel_lumerical_Lc_sweep/Lc_sweep_1.fsp
Starting meshing
Simulation size in gridpoints: 1 x 80 x 28
Refined 0 mesh cells (0%)
Completed meshing!
Meshing complete in 0.001459 seconds of CPU time
Starting meshing
Simulation size in gridpoints: 1 x 80 x 28
Refined 0 mesh cells (0%)
Completed meshing!
Meshing complete in 0.001572 seconds of CPU time
Starting meshing
Simulation size in gridpoints: 1 x 80 x 28
Refined 0 mesh cells (0%)
Completed meshing!
Meshing complete in 0.002744 seconds of CPU time
Starting meshing
Simulation size in gridpoints: 1 x 80 x 28
Refined 0 mesh cells (0%)
Completed meshing!
Meshing complete in 0.002061 seconds of CPU time
Starting meshing
Simulation size in gridpoints: 1 x 80 x 28
Refined 0 mesh cells (0%)
Completed meshing!
Meshing complete in 0.001971 seconds of CPU time
Starting meshing
Simulation size in gridpoints: 1 x 80 x 28
Refined 0 mesh cells (0%)
Completed meshing!
Meshing complete in 0.002647 seconds of CPU time
left is a duplicate key.
bottom is a duplicate key.
z1 is a duplicate key.
z2 is a duplicate key.
Nx is a duplicate key.
Ny is a duplicate key.
Nz is a duplicate key.
Starting meshing
Simulation size in gridpoints: 1 x 80 x 28
Refined 0 mesh cells (0%)
Completed meshing!
Meshing complete in 0.002151 seconds of CPU time
Starting meshing
Simulation size in gridpoints: 1 x 80 x 28
Refined 0 mesh cells (0%)
Completed meshing!
Meshing complete in 0.002088 seconds of CPU time
Starting meshing
Simulation size in gridpoints: 1 x 80 x 28
Refined 0 mesh cells (0%)
Completed meshing!
Meshing complete in 0.002903 seconds of CPU time
left is a duplicate key.
bottom is a duplicate key.
z1 is a duplicate key.
z2 is a duplicate key.
Nx is a duplicate key.
Ny is a duplicate key.
Nz is a duplicate key.
Starting meshing
Simulation size in gridpoints: 85 x 1 x 28
Refined 0 mesh cells (0%)
Completed meshing!
Meshing complete in 0.001449 seconds of CPU time
Starting meshing
Simulation size in gridpoints: 85 x 1 x 28
Refined 0 mesh cells (0%)
Completed meshing!
Meshing complete in 0.00133 seconds of CPU time
Starting meshing
Simulation size in gridpoints: 85 x 1 x 28
Refined 0 mesh cells (0%)
Completed meshing!
Meshing complete in 0.001311 seconds of CPU time
left is a duplicate key.
bottom is a duplicate key.
z1 is a duplicate key.
z2 is a duplicate key.
Nx is a duplicate key.
Ny is a duplicate key.
Nz is a duplicate key.
Starting meshing
Simulation size in gridpoints: 85 x 1 x 28
Refined 0 mesh cells (0%)
Completed meshing!
Meshing complete in 0.001342 seconds of CPU time
Starting meshing
Simulation size in gridpoints: 85 x 1 x 28
Refined 0 mesh cells (0%)
Completed meshing!
Meshing complete in 0.001322 seconds of CPU time
Starting meshing
Simulation size in gridpoints: 85 x 1 x 28
Refined 0 mesh cells (0%)
Completed meshing!
Meshing complete in 0.001285 seconds of CPU time
left is a duplicate key.
bottom is a duplicate key.
z1 is a duplicate key.
z2 is a duplicate key.
Nx is a duplicate key.
Ny is a duplicate key.
Nz is a duplicate key.
number of processors is 4
processors are distributed as: 4x1x1
Running 3D Simulation
Starting meshing
Simulation size in gridpoints: 162 x 258 x 48
Refined 0 mesh cells (0%)
Completed meshing!
Meshing complete in 0.485072 seconds of CPU time
0 0
Starting meshing
Simulation size in gridpoints: 162 x 258 x 48
Refined 0 mesh cells (0%)
Completed meshing!
Meshing complete in 0.467046 seconds of CPU time
0 0
Starting meshing
Simulation size in gridpoints: 162 x 258 x 48
Refined 0 mesh cells (0%)
Completed meshing!
Meshing complete in 0.579511 seconds of CPU time
0 0
finished material properties
Meshing Time: 1.14399 seconds, Init Electrical Material Time: 0.156315 seconds, Init Magnetic Material Time: 0.006019
Using selected optimization level: 2
Selecting 3d kernel for splitFieldDirection=0 and optLevel=2
-----------------------------------------
Beginning initialization of 3D Simulation
Starting to add sources to simulation
Adding 3D Mode source propagating in X
Using frequency dependent profile
Starting to add boundary conditions to simulation
Adding 3D PML BC
Adding 3D Parallel BC
Adding 3D PML BC
Adding 3D PML BC
Adding 3D PML BC
Adding 3D PML BC
Starting to add monitors to Simulation
Adding analysis monitor
Adding 3D DFT monitor
Adding 3D DFT monitor
Adding 3D DFT monitor
Adding 3D DFT monitor
Finished initialization of 3D Simulation
-----------------------------------------
All processes are communicating and ready to proceed to simulation...
Starting 22106 total iterations
0.21714% complete. Max time remaining: 15 mins, 53 secs. Auto Shutoff: 1
1.23046% complete. Max time remaining: 15 mins, 49 secs. Auto Shutoff: 1
2.24378% complete. Max time remaining: 15 mins, 41 secs. Auto Shutoff: 1
3.2571% complete. Max time remaining: 15 mins, 37 secs. Auto Shutoff: 1
4.27042% complete. Max time remaining: 15 mins, 37 secs. Auto Shutoff: 1
5.28374% complete. Max time remaining: 15 mins, 25 secs. Auto Shutoff: 1
6.29706% complete. Max time remaining: 15 mins, 17 secs. Auto Shutoff: 1
7.31038% complete. Max time remaining: 15 mins, 6 secs. Auto Shutoff: 0.957013
8.3237% complete. Max time remaining: 14 mins, 58 secs. Auto Shutoff: 0.95642
9.33702% complete. Max time remaining: 14 mins, 52 secs. Auto Shutoff: 0.956359
10.3503% complete. Max time remaining: 14 mins, 41 secs. Auto Shutoff: 0.956601
11.3637% complete. Max time remaining: 14 mins, 30 secs. Auto Shutoff: 0.986966
12.377% complete. Max time remaining: 14 mins, 26 secs. Auto Shutoff: 0.956958
13.3903% complete. Max time remaining: 14 mins, 18 secs. Auto Shutoff: 0.956208
14.4036% complete. Max time remaining: 14 mins, 15 secs. Auto Shutoff: 0.95617
15.4169% complete. Max time remaining: 14 mins, 9 secs. Auto Shutoff: 0.956174
16.4303% complete. Max time remaining: 14 mins, 1 secs. Auto Shutoff: 0.984394
17.4436% complete. Max time remaining: 13 mins, 52 secs. Auto Shutoff: 0.959175
18.4569% complete. Max time remaining: 13 mins, 44 secs. Auto Shutoff: 0.955576
19.4702% complete. Max time remaining: 13 mins, 34 secs. Auto Shutoff: 0.954573
20.4835% complete. Max time remaining: 13 mins, 24 secs. Auto Shutoff: 0.942901
21.4969% complete. Max time remaining: 13 mins, 13 secs. Auto Shutoff: 0.463514
22.5102% complete. Max time remaining: 13 mins, 2 secs. Auto Shutoff: 0.0328617
23.5235% complete. Max time remaining: 12 mins, 50 secs. Auto Shutoff: 0.000644753
100% complete. Max time remaining: 0 mins, 0 secs. Auto Shutoff: 7.50892e-06
Early termination of simulation, the autoshutoff criteria are satisfied.
Completed 5341 iterations, or 2.416135e-13s of Simulation Time
Process 0 starting to collect data
    collecting monitor data
    collecting source data
Using frequency dependent profile
Finished collecting data
left is a duplicate key.
bottom is a duplicate key.
z1 is a duplicate key.
z2 is a duplicate key.
Nx is a duplicate key.
Ny is a duplicate key.
Nz is a duplicate key.
left is a duplicate key.
bottom is a duplicate key.
z1 is a duplicate key.
z2 is a duplicate key.
Nx is a duplicate key.
Ny is a duplicate key.
Nz is a duplicate key.
left is a duplicate key.
bottom is a duplicate key.
z1 is a duplicate key.
z2 is a duplicate key.
Nx is a duplicate key.
Ny is a duplicate key.
Nz is a duplicate key.
left is a duplicate key.
bottom is a duplicate key.
z1 is a duplicate key.
z2 is a duplicate key.
Nx is a duplicate key.
Ny is a duplicate key.
Nz is a duplicate key.
Simulation completed successfully at: qui set 1 02:54:30 2022
Overall wall time measurements in seconds: 251.632
    time to mesh and initialize: 6.5263
    time to run FDTD simulation: 243.192
    time to checkpoint simulation: 1e-06
    time to finalize data and save to files: 0.114355
    miscellaneous time: 1.79946
    FDTD solver speed on process 0: 44.0604 Mnodes/s
    total FDTD solver speed on 4 processes: 176.242 Mnodes/s
