Ansys Lumerical 2022 R1.4 FDTD Solver Version 8.27.3044 (Linux 64bit)
 expires (month/day/year): 5/2/2023
using config file: Ansys Licensing set with ANSYSLMD_LICENSE_FILE
license host: 1055@10.75.13.24
current time: qua ago 31 19:19:50 2022
Running on host: fotonica04-To-be-filled-by-O-E-M
host available memory (GB): 28.752167
All processes are communicating and ready to proceed to simulation...
Running fsp file: /opt/lumerical/v221/bin/fdtd-engine-mpich2nem -t 1 -remote -hide -shared-solve-license QU5TWVNDTF9DT05URVhUX0RBVEE9PEFOU1lTQ0xfQ09OVEVYVF9EQVRBPjxJRD5iZGJiNzJmMy1kNWMwLTRkOGYtODkyOC02NTFlYTY4ODQ1YTI8L0lEPjxUWVBFPkFQUF9ERUZJTkVEPC9UWVBFPjxOQU1FPmx1bV9zdGFuZGFyZF9zb2x2ZV9zaGFyZTwvTkFNRT48SEFORExFUj40NjQxN0Bmb3RvbmljYTA0LVRvLWJlLWZpbGxlZC1ieS1PLUUtTTwvSEFORExFUj48L0FOU1lTQ0xfQ09OVEVYVF9EQVRBPgpBTlNZU19DT05URVhUX0lEPWJkYmI3MmYzLWQ1YzAtNGQ4Zi04OTI4LTY1MWVhNjg4NDVhMgpBTlNZU19DT05URVhUX1NFUlZFUj00NjQxN0Bmb3RvbmljYTA0LVRvLWJlLWZpbGxlZC1ieS1PLUUtTQo= /home/trainner/Documentos/Vh/photonics-ring-resonator/anel_lumerical_LcGap_sweep/LcGap_sweep_22.fsp
Starting meshing
Simulation size in gridpoints: 1 x 62 x 28
Refined 0 mesh cells (0%)
Completed meshing!
Meshing complete in 0.001136 seconds of CPU time
Starting meshing
Simulation size in gridpoints: 1 x 62 x 28
Refined 0 mesh cells (0%)
Completed meshing!
Meshing complete in 0.000843 seconds of CPU time
Starting meshing
Simulation size in gridpoints: 1 x 62 x 28
Refined 0 mesh cells (0%)
Completed meshing!
Meshing complete in 0.001188 seconds of CPU time
Starting meshing
Simulation size in gridpoints: 1 x 62 x 28
Refined 0 mesh cells (0%)
Completed meshing!
Meshing complete in 0.001188 seconds of CPU time
Starting meshing
Simulation size in gridpoints: 1 x 62 x 28
Refined 0 mesh cells (0%)
Completed meshing!
Meshing complete in 0.000864 seconds of CPU time
Starting meshing
Simulation size in gridpoints: 1 x 62 x 28
Refined 0 mesh cells (0%)
Completed meshing!
Meshing complete in 0.001116 seconds of CPU time
left is a duplicate key.
bottom is a duplicate key.
z1 is a duplicate key.
z2 is a duplicate key.
Nx is a duplicate key.
Ny is a duplicate key.
Nz is a duplicate key.
Starting meshing
Simulation size in gridpoints: 1 x 62 x 28
Refined 0 mesh cells (0%)
Completed meshing!
Meshing complete in 0.000897 seconds of CPU time
Starting meshing
Simulation size in gridpoints: 1 x 62 x 28
Refined 0 mesh cells (0%)
Completed meshing!
Meshing complete in 0.000989 seconds of CPU time
Starting meshing
Simulation size in gridpoints: 1 x 62 x 28
Refined 0 mesh cells (0%)
Completed meshing!
Meshing complete in 0.001115 seconds of CPU time
left is a duplicate key.
bottom is a duplicate key.
z1 is a duplicate key.
z2 is a duplicate key.
Nx is a duplicate key.
Ny is a duplicate key.
Nz is a duplicate key.
Starting meshing
Simulation size in gridpoints: 86 x 1 x 28
Refined 0 mesh cells (0%)
Completed meshing!
Meshing complete in 0.000828 seconds of CPU time
Starting meshing
Simulation size in gridpoints: 86 x 1 x 28
Refined 0 mesh cells (0%)
Completed meshing!
Meshing complete in 0.000791 seconds of CPU time
Starting meshing
Simulation size in gridpoints: 86 x 1 x 28
Refined 0 mesh cells (0%)
Completed meshing!
Meshing complete in 0.000738 seconds of CPU time
left is a duplicate key.
bottom is a duplicate key.
z1 is a duplicate key.
z2 is a duplicate key.
Nx is a duplicate key.
Ny is a duplicate key.
Nz is a duplicate key.
Starting meshing
Simulation size in gridpoints: 86 x 1 x 28
Refined 0 mesh cells (0%)
Completed meshing!
Meshing complete in 0.00085 seconds of CPU time
Starting meshing
Simulation size in gridpoints: 86 x 1 x 28
Refined 0 mesh cells (0%)
Completed meshing!
Meshing complete in 0.000755 seconds of CPU time
Starting meshing
Simulation size in gridpoints: 86 x 1 x 28
Refined 0 mesh cells (0%)
Completed meshing!
Meshing complete in 0.000746 seconds of CPU time
left is a duplicate key.
bottom is a duplicate key.
z1 is a duplicate key.
z2 is a duplicate key.
Nx is a duplicate key.
Ny is a duplicate key.
Nz is a duplicate key.
number of processors is 4
processors are distributed as: 4x1x1
Running 3D Simulation
Starting meshing
Simulation size in gridpoints: 162 x 245 x 48
Refined 0 mesh cells (0%)
Completed meshing!
Meshing complete in 0.906795 seconds of CPU time
0 0
Starting meshing
Simulation size in gridpoints: 162 x 245 x 48
Refined 0 mesh cells (0%)
Completed meshing!
Meshing complete in 0.866465 seconds of CPU time
0 0
Starting meshing
Simulation size in gridpoints: 162 x 245 x 48
Refined 0 mesh cells (0%)
Completed meshing!
Meshing complete in 1.0686 seconds of CPU time
0 0
finished material properties
Meshing Time: 2.05325 seconds, Init Electrical Material Time: 0.160757 seconds, Init Magnetic Material Time: 0.00569
Using selected optimization level: 2
Selecting 3d kernel for splitFieldDirection=0 and optLevel=2
-----------------------------------------
Beginning initialization of 3D Simulation
Starting to add sources to simulation
Adding 3D Mode source propagating in X
Using frequency dependent profile
Starting to add boundary conditions to simulation
Adding 3D PML BC
Adding 3D Parallel BC
Adding 3D PML BC
Adding 3D PML BC
Adding 3D PML BC
Adding 3D PML BC
Starting to add monitors to Simulation
Adding analysis monitor
Adding 3D DFT monitor
Adding 3D DFT monitor
Adding 3D DFT monitor
Adding 3D DFT monitor
Finished initialization of 3D Simulation
-----------------------------------------
All processes are communicating and ready to proceed to simulation...
Starting 22106 total iterations
0.21714% complete. Max time remaining: 14 mins, 48 secs. Auto Shutoff: 1
1.23046% complete. Max time remaining: 14 mins, 41 secs. Auto Shutoff: 1
2.24378% complete. Max time remaining: 14 mins, 31 secs. Auto Shutoff: 1
3.2571% complete. Max time remaining: 14 mins, 23 secs. Auto Shutoff: 1
4.27042% complete. Max time remaining: 14 mins, 13 secs. Auto Shutoff: 1
5.28374% complete. Max time remaining: 14 mins, 5 secs. Auto Shutoff: 1
6.29706% complete. Max time remaining: 13 mins, 57 secs. Auto Shutoff: 1
7.31038% complete. Max time remaining: 13 mins, 48 secs. Auto Shutoff: 0.954106
8.3237% complete. Max time remaining: 13 mins, 39 secs. Auto Shutoff: 0.953462
9.33702% complete. Max time remaining: 13 mins, 30 secs. Auto Shutoff: 0.953129
10.3503% complete. Max time remaining: 13 mins, 21 secs. Auto Shutoff: 0.953446
11.3637% complete. Max time remaining: 13 mins, 12 secs. Auto Shutoff: 0.983544
12.377% complete. Max time remaining: 13 mins, 3 secs. Auto Shutoff: 0.953698
13.3903% complete. Max time remaining: 12 mins, 53 secs. Auto Shutoff: 0.952853
14.4036% complete. Max time remaining: 12 mins, 44 secs. Auto Shutoff: 0.95294
15.4169% complete. Max time remaining: 12 mins, 35 secs. Auto Shutoff: 0.952795
16.4303% complete. Max time remaining: 12 mins, 26 secs. Auto Shutoff: 0.981398
17.4436% complete. Max time remaining: 12 mins, 17 secs. Auto Shutoff: 0.956021
18.4569% complete. Max time remaining: 12 mins, 8 secs. Auto Shutoff: 0.952503
19.4702% complete. Max time remaining: 11 mins, 58 secs. Auto Shutoff: 0.952084
20.4835% complete. Max time remaining: 11 mins, 49 secs. Auto Shutoff: 0.94883
21.4969% complete. Max time remaining: 11 mins, 40 secs. Auto Shutoff: 0.48709
22.5102% complete. Max time remaining: 11 mins, 31 secs. Auto Shutoff: 0.0344669
23.5235% complete. Max time remaining: 11 mins, 22 secs. Auto Shutoff: 0.000816036
24.5368% complete. Max time remaining: 11 mins, 13 secs. Auto Shutoff: 7.84163e-05
100% complete. Max time remaining: 0 mins, 0 secs. Auto Shutoff: 5.94489e-06
Early termination of simulation, the autoshutoff criteria are satisfied.
Completed 5644 iterations, or 2.553205e-13s of Simulation Time
Process 0 starting to collect data
    collecting monitor data
    collecting source data
Using frequency dependent profile
Finished collecting data
left is a duplicate key.
bottom is a duplicate key.
z1 is a duplicate key.
z2 is a duplicate key.
Nx is a duplicate key.
Ny is a duplicate key.
Nz is a duplicate key.
left is a duplicate key.
bottom is a duplicate key.
z1 is a duplicate key.
z2 is a duplicate key.
Nx is a duplicate key.
Ny is a duplicate key.
Nz is a duplicate key.
left is a duplicate key.
bottom is a duplicate key.
z1 is a duplicate key.
z2 is a duplicate key.
Nx is a duplicate key.
Ny is a duplicate key.
Nz is a duplicate key.
left is a duplicate key.
bottom is a duplicate key.
z1 is a duplicate key.
z2 is a duplicate key.
Nx is a duplicate key.
Ny is a duplicate key.
Nz is a duplicate key.
Simulation completed successfully at: qua ago 31 19:23:43 2022
Overall wall time measurements in seconds: 233.699
    time to mesh and initialize: 4.59151
    time to run FDTD simulation: 227.819
    time to checkpoint simulation: 2e-06
    time to finalize data and save to files: 0.105871
    miscellaneous time: 1.18299
    FDTD solver speed on process 0: 47.1975 Mnodes/s
    total FDTD solver speed on 4 processes: 188.79 Mnodes/s
