Ansys Lumerical 2022 R1.4 FDTD Solver Version 8.27.3044 (Linux 64bit)
 expires (month/day/year): 5/2/2023
using config file: Ansys Licensing set with ANSYSLMD_LICENSE_FILE
license host: 1055@10.75.13.24
current time: qua ago 31 18:22:45 2022
Running on host: fotonica04-To-be-filled-by-O-E-M
host available memory (GB): 28.815122
All processes are communicating and ready to proceed to simulation...
Running fsp file: /opt/lumerical/v221/bin/fdtd-engine-mpich2nem -t 1 -remote -hide -shared-solve-license QU5TWVNDTF9DT05URVhUX0RBVEE9PEFOU1lTQ0xfQ09OVEVYVF9EQVRBPjxJRD5iZGJiNzJmMy1kNWMwLTRkOGYtODkyOC02NTFlYTY4ODQ1YTI8L0lEPjxUWVBFPkFQUF9ERUZJTkVEPC9UWVBFPjxOQU1FPmx1bV9zdGFuZGFyZF9zb2x2ZV9zaGFyZTwvTkFNRT48SEFORExFUj40NjQxN0Bmb3RvbmljYTA0LVRvLWJlLWZpbGxlZC1ieS1PLUUtTTwvSEFORExFUj48L0FOU1lTQ0xfQ09OVEVYVF9EQVRBPgpBTlNZU19DT05URVhUX0lEPWJkYmI3MmYzLWQ1YzAtNGQ4Zi04OTI4LTY1MWVhNjg4NDVhMgpBTlNZU19DT05URVhUX1NFUlZFUj00NjQxN0Bmb3RvbmljYTA0LVRvLWJlLWZpbGxlZC1ieS1PLUUtTQo= /home/trainner/Documentos/Vh/photonics-ring-resonator/anel_lumerical_LcGap_sweep/LcGap_sweep_7.fsp
Starting meshing
Simulation size in gridpoints: 1 x 72 x 28
Refined 0 mesh cells (0%)
Completed meshing!
Meshing complete in 0.001527 seconds of CPU time
Starting meshing
Simulation size in gridpoints: 1 x 72 x 28
Refined 0 mesh cells (0%)
Completed meshing!
Meshing complete in 0.001713 seconds of CPU time
Starting meshing
Simulation size in gridpoints: 1 x 72 x 28
Refined 0 mesh cells (0%)
Completed meshing!
Meshing complete in 0.001437 seconds of CPU time
Starting meshing
Simulation size in gridpoints: 1 x 72 x 28
Refined 0 mesh cells (0%)
Completed meshing!
Meshing complete in 0.001242 seconds of CPU time
Starting meshing
Simulation size in gridpoints: 1 x 72 x 28
Refined 0 mesh cells (0%)
Completed meshing!
Meshing complete in 0.00092 seconds of CPU time
Starting meshing
Simulation size in gridpoints: 1 x 72 x 28
Refined 0 mesh cells (0%)
Completed meshing!
Meshing complete in 0.001658 seconds of CPU time
left is a duplicate key.
bottom is a duplicate key.
z1 is a duplicate key.
z2 is a duplicate key.
Nx is a duplicate key.
Ny is a duplicate key.
Nz is a duplicate key.
Starting meshing
Simulation size in gridpoints: 1 x 72 x 28
Refined 0 mesh cells (0%)
Completed meshing!
Meshing complete in 0.001115 seconds of CPU time
Starting meshing
Simulation size in gridpoints: 1 x 72 x 28
Refined 0 mesh cells (0%)
Completed meshing!
Meshing complete in 0.001111 seconds of CPU time
Starting meshing
Simulation size in gridpoints: 1 x 72 x 28
Refined 0 mesh cells (0%)
Completed meshing!
Meshing complete in 0.00218 seconds of CPU time
left is a duplicate key.
bottom is a duplicate key.
z1 is a duplicate key.
z2 is a duplicate key.
Nx is a duplicate key.
Ny is a duplicate key.
Nz is a duplicate key.
Starting meshing
Simulation size in gridpoints: 86 x 1 x 28
Refined 0 mesh cells (0%)
Completed meshing!
Meshing complete in 0.000827 seconds of CPU time
Starting meshing
Simulation size in gridpoints: 86 x 1 x 28
Refined 0 mesh cells (0%)
Completed meshing!
Meshing complete in 0.00077 seconds of CPU time
Starting meshing
Simulation size in gridpoints: 86 x 1 x 28
Refined 0 mesh cells (0%)
Completed meshing!
Meshing complete in 0.000735 seconds of CPU time
left is a duplicate key.
bottom is a duplicate key.
z1 is a duplicate key.
z2 is a duplicate key.
Nx is a duplicate key.
Ny is a duplicate key.
Nz is a duplicate key.
Starting meshing
Simulation size in gridpoints: 86 x 1 x 28
Refined 0 mesh cells (0%)
Completed meshing!
Meshing complete in 0.000935 seconds of CPU time
Starting meshing
Simulation size in gridpoints: 86 x 1 x 28
Refined 0 mesh cells (0%)
Completed meshing!
Meshing complete in 0.000764 seconds of CPU time
Starting meshing
Simulation size in gridpoints: 86 x 1 x 28
Refined 0 mesh cells (0%)
Completed meshing!
Meshing complete in 0.000782 seconds of CPU time
left is a duplicate key.
bottom is a duplicate key.
z1 is a duplicate key.
z2 is a duplicate key.
Nx is a duplicate key.
Ny is a duplicate key.
Nz is a duplicate key.
number of processors is 4
processors are distributed as: 4x1x1
Running 3D Simulation
Starting meshing
Simulation size in gridpoints: 162 x 250 x 48
Refined 0 mesh cells (0%)
Completed meshing!
Meshing complete in 0.90573 seconds of CPU time
0 0
Starting meshing
Simulation size in gridpoints: 162 x 250 x 48
Refined 0 mesh cells (0%)
Completed meshing!
Meshing complete in 0.876043 seconds of CPU time
0 0
Starting meshing
Simulation size in gridpoints: 162 x 250 x 48
Refined 0 mesh cells (0%)
Completed meshing!
Meshing complete in 1.07104 seconds of CPU time
0 0
finished material properties
Meshing Time: 2.05488 seconds, Init Electrical Material Time: 0.163358 seconds, Init Magnetic Material Time: 0.005725
Using selected optimization level: 2
Selecting 3d kernel for splitFieldDirection=0 and optLevel=2
-----------------------------------------
Beginning initialization of 3D Simulation
Starting to add sources to simulation
Adding 3D Mode source propagating in X
Using frequency dependent profile
Starting to add boundary conditions to simulation
Adding 3D PML BC
Adding 3D Parallel BC
Adding 3D PML BC
Adding 3D PML BC
Adding 3D PML BC
Adding 3D PML BC
Starting to add monitors to Simulation
Adding analysis monitor
Adding 3D DFT monitor
Adding 3D DFT monitor
Adding 3D DFT monitor
Adding 3D DFT monitor
Finished initialization of 3D Simulation
-----------------------------------------
All processes are communicating and ready to proceed to simulation...
Starting 22106 total iterations
0.21714% complete. Max time remaining: 15 mins, 2 secs. Auto Shutoff: 1
1.23046% complete. Max time remaining: 14 mins, 60 secs. Auto Shutoff: 1
2.24378% complete. Max time remaining: 14 mins, 56 secs. Auto Shutoff: 1
3.2571% complete. Max time remaining: 15 mins, 2 secs. Auto Shutoff: 1
4.27042% complete. Max time remaining: 14 mins, 51 secs. Auto Shutoff: 1
5.28374% complete. Max time remaining: 14 mins, 40 secs. Auto Shutoff: 1
6.29706% complete. Max time remaining: 14 mins, 27 secs. Auto Shutoff: 1
7.31038% complete. Max time remaining: 14 mins, 16 secs. Auto Shutoff: 0.95722
8.3237% complete. Max time remaining: 14 mins, 4 secs. Auto Shutoff: 0.956642
9.33702% complete. Max time remaining: 13 mins, 54 secs. Auto Shutoff: 0.956592
10.3503% complete. Max time remaining: 13 mins, 43 secs. Auto Shutoff: 0.956833
11.3637% complete. Max time remaining: 13 mins, 33 secs. Auto Shutoff: 0.987663
12.377% complete. Max time remaining: 13 mins, 23 secs. Auto Shutoff: 0.95724
13.3903% complete. Max time remaining: 13 mins, 13 secs. Auto Shutoff: 0.956527
14.4036% complete. Max time remaining: 13 mins, 4 secs. Auto Shutoff: 0.956488
15.4169% complete. Max time remaining: 12 mins, 54 secs. Auto Shutoff: 0.956476
16.4303% complete. Max time remaining: 12 mins, 45 secs. Auto Shutoff: 0.985204
17.4436% complete. Max time remaining: 12 mins, 35 secs. Auto Shutoff: 0.960036
18.4569% complete. Max time remaining: 12 mins, 25 secs. Auto Shutoff: 0.955969
19.4702% complete. Max time remaining: 12 mins, 16 secs. Auto Shutoff: 0.95537
20.4835% complete. Max time remaining: 12 mins, 6 secs. Auto Shutoff: 0.951952
21.4969% complete. Max time remaining: 11 mins, 57 secs. Auto Shutoff: 0.482521
22.5102% complete. Max time remaining: 11 mins, 47 secs. Auto Shutoff: 0.0356951
23.5235% complete. Max time remaining: 11 mins, 38 secs. Auto Shutoff: 0.000724343
100% complete. Max time remaining: 0 mins, 0 secs. Auto Shutoff: 8.21479e-06
Early termination of simulation, the autoshutoff criteria are satisfied.
Completed 5341 iterations, or 2.416135e-13s of Simulation Time
Process 0 starting to collect data
    collecting monitor data
    collecting source data
Using frequency dependent profile
Finished collecting data
left is a duplicate key.
bottom is a duplicate key.
z1 is a duplicate key.
z2 is a duplicate key.
Nx is a duplicate key.
Ny is a duplicate key.
Nz is a duplicate key.
left is a duplicate key.
bottom is a duplicate key.
z1 is a duplicate key.
z2 is a duplicate key.
Nx is a duplicate key.
Ny is a duplicate key.
Nz is a duplicate key.
left is a duplicate key.
bottom is a duplicate key.
z1 is a duplicate key.
z2 is a duplicate key.
Nx is a duplicate key.
Ny is a duplicate key.
Nz is a duplicate key.
left is a duplicate key.
bottom is a duplicate key.
z1 is a duplicate key.
z2 is a duplicate key.
Nx is a duplicate key.
Ny is a duplicate key.
Nz is a duplicate key.
Simulation completed successfully at: qua ago 31 18:26:31 2022
Overall wall time measurements in seconds: 226.882
    time to mesh and initialize: 4.92322
    time to run FDTD simulation: 220.548
    time to checkpoint simulation: 1e-06
    time to finalize data and save to files: 0.10649
    miscellaneous time: 1.30437
    FDTD solver speed on process 0: 47.0778 Mnodes/s
    total FDTD solver speed on 4 processes: 188.311 Mnodes/s
