Ansys Lumerical 2022 R1.4 FDTD Solver Version 8.27.3044 (Linux 64bit)
 expires (month/day/year): 5/2/2023
using config file: Ansys Licensing set with ANSYSLMD_LICENSE_FILE
license host: 1055@10.75.13.24
current time: qui set 1 04:14:52 2022
Running on host: fotonica04-To-be-filled-by-O-E-M
host available memory (GB): 28.293566
All processes are communicating and ready to proceed to simulation...
Running fsp file: /opt/lumerical/v221/bin/fdtd-engine-mpich2nem -t 1 -remote -hide -shared-solve-license QU5TWVNDTF9DT05URVhUX0RBVEE9PEFOU1lTQ0xfQ09OVEVYVF9EQVRBPjxJRD4zYzU4YjUxOC05ZDA4LTQyMjctYTBmMy0wYzgyMGUyMjEyNjQ8L0lEPjxUWVBFPkFQUF9ERUZJTkVEPC9UWVBFPjxOQU1FPmx1bV9zdGFuZGFyZF9zb2x2ZV9zaGFyZTwvTkFNRT48SEFORExFUj40NjQxN0Bmb3RvbmljYTA0LVRvLWJlLWZpbGxlZC1ieS1PLUUtTTwvSEFORExFUj48L0FOU1lTQ0xfQ09OVEVYVF9EQVRBPgpBTlNZU19DT05URVhUX0lEPTNjNThiNTE4LTlkMDgtNDIyNy1hMGYzLTBjODIwZTIyMTI2NApBTlNZU19DT05URVhUX1NFUlZFUj00NjQxN0Bmb3RvbmljYTA0LVRvLWJlLWZpbGxlZC1ieS1PLUUtTQo= /home/trainner/Documentos/Vh/photonics-ring-resonator/anel_lumerical_LcGap_sweep/LcGap_sweep_15.fsp
Starting meshing
Simulation size in gridpoints: 1 x 64 x 28
Refined 0 mesh cells (0%)
Completed meshing!
Meshing complete in 0.001632 seconds of CPU time
Starting meshing
Simulation size in gridpoints: 1 x 64 x 28
Refined 0 mesh cells (0%)
Completed meshing!
Meshing complete in 0.000942 seconds of CPU time
Starting meshing
Simulation size in gridpoints: 1 x 64 x 28
Refined 0 mesh cells (0%)
Completed meshing!
Meshing complete in 0.00139 seconds of CPU time
Starting meshing
Simulation size in gridpoints: 1 x 64 x 28
Refined 0 mesh cells (0%)
Completed meshing!
Meshing complete in 0.001137 seconds of CPU time
Starting meshing
Simulation size in gridpoints: 1 x 64 x 28
Refined 0 mesh cells (0%)
Completed meshing!
Meshing complete in 0.000881 seconds of CPU time
Starting meshing
Simulation size in gridpoints: 1 x 64 x 28
Refined 0 mesh cells (0%)
Completed meshing!
Meshing complete in 0.001352 seconds of CPU time
left is a duplicate key.
bottom is a duplicate key.
z1 is a duplicate key.
z2 is a duplicate key.
Nx is a duplicate key.
Ny is a duplicate key.
Nz is a duplicate key.
Starting meshing
Simulation size in gridpoints: 1 x 64 x 28
Refined 0 mesh cells (0%)
Completed meshing!
Meshing complete in 0.001142 seconds of CPU time
Starting meshing
Simulation size in gridpoints: 1 x 64 x 28
Refined 0 mesh cells (0%)
Completed meshing!
Meshing complete in 0.000881 seconds of CPU time
Starting meshing
Simulation size in gridpoints: 1 x 64 x 28
Refined 0 mesh cells (0%)
Completed meshing!
Meshing complete in 0.001441 seconds of CPU time
left is a duplicate key.
bottom is a duplicate key.
z1 is a duplicate key.
z2 is a duplicate key.
Nx is a duplicate key.
Ny is a duplicate key.
Nz is a duplicate key.
Starting meshing
Simulation size in gridpoints: 86 x 1 x 28
Refined 0 mesh cells (0%)
Completed meshing!
Meshing complete in 0.000826 seconds of CPU time
Starting meshing
Simulation size in gridpoints: 86 x 1 x 28
Refined 0 mesh cells (0%)
Completed meshing!
Meshing complete in 0.000769 seconds of CPU time
Starting meshing
Simulation size in gridpoints: 86 x 1 x 28
Refined 0 mesh cells (0%)
Completed meshing!
Meshing complete in 0.000739 seconds of CPU time
left is a duplicate key.
bottom is a duplicate key.
z1 is a duplicate key.
z2 is a duplicate key.
Nx is a duplicate key.
Ny is a duplicate key.
Nz is a duplicate key.
Starting meshing
Simulation size in gridpoints: 86 x 1 x 28
Refined 0 mesh cells (0%)
Completed meshing!
Meshing complete in 0.000986 seconds of CPU time
Starting meshing
Simulation size in gridpoints: 86 x 1 x 28
Refined 0 mesh cells (0%)
Completed meshing!
Meshing complete in 0.000763 seconds of CPU time
Starting meshing
Simulation size in gridpoints: 86 x 1 x 28
Refined 0 mesh cells (0%)
Completed meshing!
Meshing complete in 0.000776 seconds of CPU time
left is a duplicate key.
bottom is a duplicate key.
z1 is a duplicate key.
z2 is a duplicate key.
Nx is a duplicate key.
Ny is a duplicate key.
Nz is a duplicate key.
number of processors is 4
processors are distributed as: 4x1x1
Running 3D Simulation
Starting meshing
Simulation size in gridpoints: 162 x 263 x 48
Refined 0 mesh cells (0%)
Completed meshing!
Meshing complete in 1.01098 seconds of CPU time
0 0
Starting meshing
Simulation size in gridpoints: 162 x 263 x 48
Refined 0 mesh cells (0%)
Completed meshing!
Meshing complete in 0.949402 seconds of CPU time
0 0
Starting meshing
Simulation size in gridpoints: 162 x 263 x 48
Refined 0 mesh cells (0%)
Completed meshing!
Meshing complete in 1.15333 seconds of CPU time
0 0
finished material properties
Meshing Time: 2.24797 seconds, Init Electrical Material Time: 0.176882 seconds, Init Magnetic Material Time: 0.006089
Using selected optimization level: 2
Selecting 3d kernel for splitFieldDirection=0 and optLevel=2
-----------------------------------------
Beginning initialization of 3D Simulation
Starting to add sources to simulation
Adding 3D Mode source propagating in X
Using frequency dependent profile
Starting to add boundary conditions to simulation
Adding 3D PML BC
Adding 3D Parallel BC
Adding 3D PML BC
Adding 3D PML BC
Adding 3D PML BC
Adding 3D PML BC
Starting to add monitors to Simulation
Adding analysis monitor
Adding 3D DFT monitor
Adding 3D DFT monitor
Adding 3D DFT monitor
Adding 3D DFT monitor
Finished initialization of 3D Simulation
-----------------------------------------
All processes are communicating and ready to proceed to simulation...
Starting 22106 total iterations
0.21714% complete. Max time remaining: 15 mins, 53 secs. Auto Shutoff: 1
1.23046% complete. Max time remaining: 15 mins, 52 secs. Auto Shutoff: 1
2.24378% complete. Max time remaining: 15 mins, 48 secs. Auto Shutoff: 1
3.2571% complete. Max time remaining: 15 mins, 41 secs. Auto Shutoff: 1
4.27042% complete. Max time remaining: 15 mins, 32 secs. Auto Shutoff: 1
5.28374% complete. Max time remaining: 15 mins, 22 secs. Auto Shutoff: 1
6.29706% complete. Max time remaining: 15 mins, 10 secs. Auto Shutoff: 1
7.31038% complete. Max time remaining: 14 mins, 59 secs. Auto Shutoff: 0.957257
8.3237% complete. Max time remaining: 14 mins, 48 secs. Auto Shutoff: 0.956679
9.33702% complete. Max time remaining: 14 mins, 37 secs. Auto Shutoff: 0.956635
10.3503% complete. Max time remaining: 14 mins, 27 secs. Auto Shutoff: 0.956877
11.3637% complete. Max time remaining: 14 mins, 16 secs. Auto Shutoff: 0.98772
12.377% complete. Max time remaining: 14 mins, 6 secs. Auto Shutoff: 0.95728
13.3903% complete. Max time remaining: 13 mins, 55 secs. Auto Shutoff: 0.956555
14.4036% complete. Max time remaining: 13 mins, 45 secs. Auto Shutoff: 0.956522
15.4169% complete. Max time remaining: 13 mins, 35 secs. Auto Shutoff: 0.956533
16.4303% complete. Max time remaining: 13 mins, 25 secs. Auto Shutoff: 0.9853
17.4436% complete. Max time remaining: 13 mins, 15 secs. Auto Shutoff: 0.960193
18.4569% complete. Max time remaining: 13 mins, 5 secs. Auto Shutoff: 0.956201
19.4702% complete. Max time remaining: 12 mins, 55 secs. Auto Shutoff: 0.955776
20.4835% complete. Max time remaining: 12 mins, 45 secs. Auto Shutoff: 0.952565
21.4969% complete. Max time remaining: 12 mins, 35 secs. Auto Shutoff: 0.485848
22.5102% complete. Max time remaining: 12 mins, 25 secs. Auto Shutoff: 0.0364826
23.5235% complete. Max time remaining: 12 mins, 16 secs. Auto Shutoff: 0.000772003
100% complete. Max time remaining: 0 mins, 0 secs. Auto Shutoff: 9.61699e-06
Early termination of simulation, the autoshutoff criteria are satisfied.
Completed 5341 iterations, or 2.416135e-13s of Simulation Time
Process 0 starting to collect data
    collecting monitor data
    collecting source data
Using frequency dependent profile
Finished collecting data
left is a duplicate key.
bottom is a duplicate key.
z1 is a duplicate key.
z2 is a duplicate key.
Nx is a duplicate key.
Ny is a duplicate key.
Nz is a duplicate key.
left is a duplicate key.
bottom is a duplicate key.
z1 is a duplicate key.
z2 is a duplicate key.
Nx is a duplicate key.
Ny is a duplicate key.
Nz is a duplicate key.
left is a duplicate key.
bottom is a duplicate key.
z1 is a duplicate key.
z2 is a duplicate key.
Nx is a duplicate key.
Ny is a duplicate key.
Nz is a duplicate key.
left is a duplicate key.
bottom is a duplicate key.
z1 is a duplicate key.
z2 is a duplicate key.
Nx is a duplicate key.
Ny is a duplicate key.
Nz is a duplicate key.
Simulation completed successfully at: qui set 1 04:18:50 2022
Overall wall time measurements in seconds: 238.833
    time to mesh and initialize: 5.13216
    time to run FDTD simulation: 232.42
    time to checkpoint simulation: 2e-06
    time to finalize data and save to files: 0.106658
    miscellaneous time: 1.17444
    FDTD solver speed on process 0: 46.996 Mnodes/s
    total FDTD solver speed on 4 processes: 187.984 Mnodes/s
