Ansys Lumerical 2022 R1.4 FDTD Solver Version 8.27.3044 (Linux 64bit)
 expires (month/day/year): 5/2/2023
using config file: Ansys Licensing set with ANSYSLMD_LICENSE_FILE
license host: 1055@10.75.13.24
current time: qua ago 31 18:14:57 2022
Running on host: fotonica04-To-be-filled-by-O-E-M
host available memory (GB): 28.817342
All processes are communicating and ready to proceed to simulation...
Running fsp file: /opt/lumerical/v221/bin/fdtd-engine-mpich2nem -t 1 -remote -hide -shared-solve-license QU5TWVNDTF9DT05URVhUX0RBVEE9PEFOU1lTQ0xfQ09OVEVYVF9EQVRBPjxJRD5iZGJiNzJmMy1kNWMwLTRkOGYtODkyOC02NTFlYTY4ODQ1YTI8L0lEPjxUWVBFPkFQUF9ERUZJTkVEPC9UWVBFPjxOQU1FPmx1bV9zdGFuZGFyZF9zb2x2ZV9zaGFyZTwvTkFNRT48SEFORExFUj40NjQxN0Bmb3RvbmljYTA0LVRvLWJlLWZpbGxlZC1ieS1PLUUtTTwvSEFORExFUj48L0FOU1lTQ0xfQ09OVEVYVF9EQVRBPgpBTlNZU19DT05URVhUX0lEPWJkYmI3MmYzLWQ1YzAtNGQ4Zi04OTI4LTY1MWVhNjg4NDVhMgpBTlNZU19DT05URVhUX1NFUlZFUj00NjQxN0Bmb3RvbmljYTA0LVRvLWJlLWZpbGxlZC1ieS1PLUUtTQo= /home/trainner/Documentos/Vh/photonics-ring-resonator/anel_lumerical_LcGap_sweep/LcGap_sweep_5.fsp
Starting meshing
Simulation size in gridpoints: 1 x 64 x 28
Refined 0 mesh cells (0%)
Completed meshing!
Meshing complete in 0.001359 seconds of CPU time
Starting meshing
Simulation size in gridpoints: 1 x 64 x 28
Refined 0 mesh cells (0%)
Completed meshing!
Meshing complete in 0.001193 seconds of CPU time
Starting meshing
Simulation size in gridpoints: 1 x 64 x 28
Refined 0 mesh cells (0%)
Completed meshing!
Meshing complete in 0.001453 seconds of CPU time
Starting meshing
Simulation size in gridpoints: 1 x 64 x 28
Refined 0 mesh cells (0%)
Completed meshing!
Meshing complete in 0.001121 seconds of CPU time
Starting meshing
Simulation size in gridpoints: 1 x 64 x 28
Refined 0 mesh cells (0%)
Completed meshing!
Meshing complete in 0.001038 seconds of CPU time
Starting meshing
Simulation size in gridpoints: 1 x 64 x 28
Refined 0 mesh cells (0%)
Completed meshing!
Meshing complete in 0.001375 seconds of CPU time
left is a duplicate key.
bottom is a duplicate key.
z1 is a duplicate key.
z2 is a duplicate key.
Nx is a duplicate key.
Ny is a duplicate key.
Nz is a duplicate key.
Starting meshing
Simulation size in gridpoints: 1 x 64 x 28
Refined 0 mesh cells (0%)
Completed meshing!
Meshing complete in 0.001106 seconds of CPU time
Starting meshing
Simulation size in gridpoints: 1 x 64 x 28
Refined 0 mesh cells (0%)
Completed meshing!
Meshing complete in 0.001042 seconds of CPU time
Starting meshing
Simulation size in gridpoints: 1 x 64 x 28
Refined 0 mesh cells (0%)
Completed meshing!
Meshing complete in 0.001372 seconds of CPU time
left is a duplicate key.
bottom is a duplicate key.
z1 is a duplicate key.
z2 is a duplicate key.
Nx is a duplicate key.
Ny is a duplicate key.
Nz is a duplicate key.
Starting meshing
Simulation size in gridpoints: 86 x 1 x 28
Refined 0 mesh cells (0%)
Completed meshing!
Meshing complete in 0.00084 seconds of CPU time
Starting meshing
Simulation size in gridpoints: 86 x 1 x 28
Refined 0 mesh cells (0%)
Completed meshing!
Meshing complete in 0.000769 seconds of CPU time
Starting meshing
Simulation size in gridpoints: 86 x 1 x 28
Refined 0 mesh cells (0%)
Completed meshing!
Meshing complete in 0.000872 seconds of CPU time
left is a duplicate key.
bottom is a duplicate key.
z1 is a duplicate key.
z2 is a duplicate key.
Nx is a duplicate key.
Ny is a duplicate key.
Nz is a duplicate key.
Starting meshing
Simulation size in gridpoints: 86 x 1 x 28
Refined 0 mesh cells (0%)
Completed meshing!
Meshing complete in 0.000861 seconds of CPU time
Starting meshing
Simulation size in gridpoints: 86 x 1 x 28
Refined 0 mesh cells (0%)
Completed meshing!
Meshing complete in 0.000794 seconds of CPU time
Starting meshing
Simulation size in gridpoints: 86 x 1 x 28
Refined 0 mesh cells (0%)
Completed meshing!
Meshing complete in 0.00077 seconds of CPU time
left is a duplicate key.
bottom is a duplicate key.
z1 is a duplicate key.
z2 is a duplicate key.
Nx is a duplicate key.
Ny is a duplicate key.
Nz is a duplicate key.
number of processors is 4
processors are distributed as: 4x1x1
Running 3D Simulation
Starting meshing
Simulation size in gridpoints: 162 x 242 x 48
Refined 0 mesh cells (0%)
Completed meshing!
Meshing complete in 1.3516 seconds of CPU time
0 0
Starting meshing
Simulation size in gridpoints: 162 x 242 x 48
Refined 0 mesh cells (0%)
Completed meshing!
Meshing complete in 1.39871 seconds of CPU time
0 0
Starting meshing
Simulation size in gridpoints: 162 x 242 x 48
Refined 0 mesh cells (0%)
Completed meshing!
Meshing complete in 1.54174 seconds of CPU time
0 0
finished material properties
Meshing Time: 2.98523 seconds, Init Electrical Material Time: 0.166543 seconds, Init Magnetic Material Time: 0.006254
Using selected optimization level: 2
Selecting 3d kernel for splitFieldDirection=0 and optLevel=2
-----------------------------------------
Beginning initialization of 3D Simulation
Starting to add sources to simulation
Adding 3D Mode source propagating in X
Using frequency dependent profile
Starting to add boundary conditions to simulation
Adding 3D PML BC
Adding 3D Parallel BC
Adding 3D PML BC
Adding 3D PML BC
Adding 3D PML BC
Adding 3D PML BC
Starting to add monitors to Simulation
Adding analysis monitor
Adding 3D DFT monitor
Adding 3D DFT monitor
Adding 3D DFT monitor
Adding 3D DFT monitor
Finished initialization of 3D Simulation
-----------------------------------------
All processes are communicating and ready to proceed to simulation...
Starting 22106 total iterations
0.21714% complete. Max time remaining: 14 mins, 36 secs. Auto Shutoff: 1
1.23046% complete. Max time remaining: 14 mins, 35 secs. Auto Shutoff: 1
2.24378% complete. Max time remaining: 14 mins, 30 secs. Auto Shutoff: 1
3.2571% complete. Max time remaining: 14 mins, 23 secs. Auto Shutoff: 1
4.27042% complete. Max time remaining: 14 mins, 17 secs. Auto Shutoff: 1
5.28374% complete. Max time remaining: 14 mins, 6 secs. Auto Shutoff: 1
6.29706% complete. Max time remaining: 13 mins, 55 secs. Auto Shutoff: 1
7.31038% complete. Max time remaining: 13 mins, 46 secs. Auto Shutoff: 0.957159
8.3237% complete. Max time remaining: 13 mins, 36 secs. Auto Shutoff: 0.95643
9.33702% complete. Max time remaining: 13 mins, 26 secs. Auto Shutoff: 0.956452
10.3503% complete. Max time remaining: 13 mins, 16 secs. Auto Shutoff: 0.957092
11.3637% complete. Max time remaining: 13 mins, 7 secs. Auto Shutoff: 0.98803
12.377% complete. Max time remaining: 12 mins, 57 secs. Auto Shutoff: 0.957051
13.3903% complete. Max time remaining: 12 mins, 48 secs. Auto Shutoff: 0.956398
14.4036% complete. Max time remaining: 12 mins, 39 secs. Auto Shutoff: 0.956141
15.4169% complete. Max time remaining: 12 mins, 30 secs. Auto Shutoff: 0.958195
16.4303% complete. Max time remaining: 12 mins, 20 secs. Auto Shutoff: 0.975095
17.4436% complete. Max time remaining: 12 mins, 11 secs. Auto Shutoff: 0.961874
18.4569% complete. Max time remaining: 12 mins, 2 secs. Auto Shutoff: 0.953534
19.4702% complete. Max time remaining: 11 mins, 53 secs. Auto Shutoff: 0.951722
20.4835% complete. Max time remaining: 11 mins, 44 secs. Auto Shutoff: 0.944793
21.4969% complete. Max time remaining: 11 mins, 35 secs. Auto Shutoff: 0.597054
22.5102% complete. Max time remaining: 11 mins, 26 secs. Auto Shutoff: 0.290803
23.5235% complete. Max time remaining: 11 mins, 17 secs. Auto Shutoff: 0.0555118
24.5368% complete. Max time remaining: 11 mins, 8 secs. Auto Shutoff: 0.00285307
25.5501% complete. Max time remaining: 11 mins, 2 secs. Auto Shutoff: 1.72472e-05
100% complete. Max time remaining: 0 mins, 0 secs. Auto Shutoff: 7.8075e-06
Early termination of simulation, the autoshutoff criteria are satisfied.
Completed 5745 iterations, or 2.598895e-13s of Simulation Time
Process 0 starting to collect data
    collecting monitor data
    collecting source data
Using frequency dependent profile
Finished collecting data
left is a duplicate key.
bottom is a duplicate key.
z1 is a duplicate key.
z2 is a duplicate key.
Nx is a duplicate key.
Ny is a duplicate key.
Nz is a duplicate key.
left is a duplicate key.
bottom is a duplicate key.
z1 is a duplicate key.
z2 is a duplicate key.
Nx is a duplicate key.
Ny is a duplicate key.
Nz is a duplicate key.
left is a duplicate key.
bottom is a duplicate key.
z1 is a duplicate key.
z2 is a duplicate key.
Nx is a duplicate key.
Ny is a duplicate key.
Nz is a duplicate key.
left is a duplicate key.
bottom is a duplicate key.
z1 is a duplicate key.
z2 is a duplicate key.
Nx is a duplicate key.
Ny is a duplicate key.
Nz is a duplicate key.
Simulation completed successfully at: qua ago 31 18:18:54 2022
Overall wall time measurements in seconds: 237.238
    time to mesh and initialize: 4.92303
    time to run FDTD simulation: 230.955
    time to checkpoint simulation: 1e-06
    time to finalize data and save to files: 0.103958
    miscellaneous time: 1.25641
    FDTD solver speed on process 0: 46.8095 Mnodes/s
    total FDTD solver speed on 4 processes: 187.238 Mnodes/s
