Ansys Lumerical 2022 R1.4 FDTD Solver Version 8.27.3044 (Linux 64bit)
 expires (month/day/year): 5/2/2023
using config file: Ansys Licensing set with ANSYSLMD_LICENSE_FILE
license host: 1055@10.75.13.24
current time: qua ago 31 18:03:32 2022
Running on host: fotonica04-To-be-filled-by-O-E-M
host available memory (GB): 28.831207
All processes are communicating and ready to proceed to simulation...
Running fsp file: /opt/lumerical/v221/bin/fdtd-engine-mpich2nem -t 1 -remote -hide -shared-solve-license QU5TWVNDTF9DT05URVhUX0RBVEE9PEFOU1lTQ0xfQ09OVEVYVF9EQVRBPjxJRD5iZGJiNzJmMy1kNWMwLTRkOGYtODkyOC02NTFlYTY4ODQ1YTI8L0lEPjxUWVBFPkFQUF9ERUZJTkVEPC9UWVBFPjxOQU1FPmx1bV9zdGFuZGFyZF9zb2x2ZV9zaGFyZTwvTkFNRT48SEFORExFUj40NjQxN0Bmb3RvbmljYTA0LVRvLWJlLWZpbGxlZC1ieS1PLUUtTTwvSEFORExFUj48L0FOU1lTQ0xfQ09OVEVYVF9EQVRBPgpBTlNZU19DT05URVhUX0lEPWJkYmI3MmYzLWQ1YzAtNGQ4Zi04OTI4LTY1MWVhNjg4NDVhMgpBTlNZU19DT05URVhUX1NFUlZFUj00NjQxN0Bmb3RvbmljYTA0LVRvLWJlLWZpbGxlZC1ieS1PLUUtTQo= /home/trainner/Documentos/Vh/photonics-ring-resonator/anel_lumerical_LcGap_sweep/LcGap_sweep_2.fsp
Starting meshing
Simulation size in gridpoints: 1 x 64 x 28
Refined 0 mesh cells (0%)
Completed meshing!
Meshing complete in 0.002312 seconds of CPU time
Starting meshing
Simulation size in gridpoints: 1 x 64 x 28
Refined 0 mesh cells (0%)
Completed meshing!
Meshing complete in 0.002116 seconds of CPU time
Starting meshing
Simulation size in gridpoints: 1 x 64 x 28
Refined 0 mesh cells (0%)
Completed meshing!
Meshing complete in 0.002707 seconds of CPU time
Starting meshing
Simulation size in gridpoints: 1 x 64 x 28
Refined 0 mesh cells (0%)
Completed meshing!
Meshing complete in 0.001202 seconds of CPU time
Starting meshing
Simulation size in gridpoints: 1 x 64 x 28
Refined 0 mesh cells (0%)
Completed meshing!
Meshing complete in 0.001021 seconds of CPU time
Starting meshing
Simulation size in gridpoints: 1 x 64 x 28
Refined 0 mesh cells (0%)
Completed meshing!
Meshing complete in 0.001351 seconds of CPU time
left is a duplicate key.
bottom is a duplicate key.
z1 is a duplicate key.
z2 is a duplicate key.
Nx is a duplicate key.
Ny is a duplicate key.
Nz is a duplicate key.
Starting meshing
Simulation size in gridpoints: 1 x 64 x 28
Refined 0 mesh cells (0%)
Completed meshing!
Meshing complete in 0.001084 seconds of CPU time
Starting meshing
Simulation size in gridpoints: 1 x 64 x 28
Refined 0 mesh cells (0%)
Completed meshing!
Meshing complete in 0.001019 seconds of CPU time
Starting meshing
Simulation size in gridpoints: 1 x 64 x 28
Refined 0 mesh cells (0%)
Completed meshing!
Meshing complete in 0.001481 seconds of CPU time
left is a duplicate key.
bottom is a duplicate key.
z1 is a duplicate key.
z2 is a duplicate key.
Nx is a duplicate key.
Ny is a duplicate key.
Nz is a duplicate key.
Starting meshing
Simulation size in gridpoints: 86 x 1 x 28
Refined 0 mesh cells (0%)
Completed meshing!
Meshing complete in 0.000861 seconds of CPU time
Starting meshing
Simulation size in gridpoints: 86 x 1 x 28
Refined 0 mesh cells (0%)
Completed meshing!
Meshing complete in 0.000734 seconds of CPU time
Starting meshing
Simulation size in gridpoints: 86 x 1 x 28
Refined 0 mesh cells (0%)
Completed meshing!
Meshing complete in 0.000741 seconds of CPU time
left is a duplicate key.
bottom is a duplicate key.
z1 is a duplicate key.
z2 is a duplicate key.
Nx is a duplicate key.
Ny is a duplicate key.
Nz is a duplicate key.
Starting meshing
Simulation size in gridpoints: 86 x 1 x 28
Refined 0 mesh cells (0%)
Completed meshing!
Meshing complete in 0.000833 seconds of CPU time
Starting meshing
Simulation size in gridpoints: 86 x 1 x 28
Refined 0 mesh cells (0%)
Completed meshing!
Meshing complete in 0.000741 seconds of CPU time
Starting meshing
Simulation size in gridpoints: 86 x 1 x 28
Refined 0 mesh cells (0%)
Completed meshing!
Meshing complete in 0.000734 seconds of CPU time
left is a duplicate key.
bottom is a duplicate key.
z1 is a duplicate key.
z2 is a duplicate key.
Nx is a duplicate key.
Ny is a duplicate key.
Nz is a duplicate key.
number of processors is 4
processors are distributed as: 4x1x1
Running 3D Simulation
Starting meshing
Simulation size in gridpoints: 162 x 242 x 48
Refined 0 mesh cells (0%)
Completed meshing!
Meshing complete in 0.916808 seconds of CPU time
0 0
Starting meshing
Simulation size in gridpoints: 162 x 242 x 48
Refined 0 mesh cells (0%)
Completed meshing!
Meshing complete in 0.933132 seconds of CPU time
0 0
Starting meshing
Simulation size in gridpoints: 162 x 242 x 48
Refined 0 mesh cells (0%)
Completed meshing!
Meshing complete in 1.1083 seconds of CPU time
0 0
finished material properties
Meshing Time: 2.11398 seconds, Init Electrical Material Time: 0.160016 seconds, Init Magnetic Material Time: 0.005564
Using selected optimization level: 2
Selecting 3d kernel for splitFieldDirection=0 and optLevel=2
-----------------------------------------
Beginning initialization of 3D Simulation
Starting to add sources to simulation
Adding 3D Mode source propagating in X
Using frequency dependent profile
Starting to add boundary conditions to simulation
Adding 3D PML BC
Adding 3D Parallel BC
Adding 3D PML BC
Adding 3D PML BC
Adding 3D PML BC
Adding 3D PML BC
Starting to add monitors to Simulation
Adding analysis monitor
Adding 3D DFT monitor
Adding 3D DFT monitor
Adding 3D DFT monitor
Adding 3D DFT monitor
Finished initialization of 3D Simulation
-----------------------------------------
All processes are communicating and ready to proceed to simulation...
Starting 22106 total iterations
0.21714% complete. Max time remaining: 14 mins, 31 secs. Auto Shutoff: 1
1.23046% complete. Max time remaining: 14 mins, 28 secs. Auto Shutoff: 1
2.24378% complete. Max time remaining: 14 mins, 27 secs. Auto Shutoff: 1
3.2571% complete. Max time remaining: 14 mins, 21 secs. Auto Shutoff: 1
4.27042% complete. Max time remaining: 14 mins, 13 secs. Auto Shutoff: 1
5.28374% complete. Max time remaining: 14 mins, 3 secs. Auto Shutoff: 1
6.29706% complete. Max time remaining: 13 mins, 52 secs. Auto Shutoff: 1
7.31038% complete. Max time remaining: 13 mins, 42 secs. Auto Shutoff: 0.957071
8.3237% complete. Max time remaining: 13 mins, 32 secs. Auto Shutoff: 0.956441
9.33702% complete. Max time remaining: 13 mins, 22 secs. Auto Shutoff: 0.956266
10.3503% complete. Max time remaining: 13 mins, 13 secs. Auto Shutoff: 0.956917
11.3637% complete. Max time remaining: 13 mins, 3 secs. Auto Shutoff: 0.988633
12.377% complete. Max time remaining: 12 mins, 55 secs. Auto Shutoff: 0.956914
13.3903% complete. Max time remaining: 12 mins, 45 secs. Auto Shutoff: 0.95608
14.4036% complete. Max time remaining: 12 mins, 36 secs. Auto Shutoff: 0.956477
15.4169% complete. Max time remaining: 12 mins, 27 secs. Auto Shutoff: 0.95633
16.4303% complete. Max time remaining: 12 mins, 18 secs. Auto Shutoff: 0.982462
17.4436% complete. Max time remaining: 12 mins, 9 secs. Auto Shutoff: 0.96591
18.4569% complete. Max time remaining: 11 mins, 60 secs. Auto Shutoff: 0.954933
19.4702% complete. Max time remaining: 11 mins, 51 secs. Auto Shutoff: 0.952744
20.4835% complete. Max time remaining: 11 mins, 42 secs. Auto Shutoff: 0.944375
21.4969% complete. Max time remaining: 11 mins, 33 secs. Auto Shutoff: 0.34406
22.5102% complete. Max time remaining: 11 mins, 24 secs. Auto Shutoff: 0.0268929
23.5235% complete. Max time remaining: 11 mins, 15 secs. Auto Shutoff: 0.000791517
24.5368% complete. Max time remaining: 11 mins, 6 secs. Auto Shutoff: 1.73863e-05
100% complete. Max time remaining: 0 mins, 0 secs. Auto Shutoff: 5.04675e-06
Early termination of simulation, the autoshutoff criteria are satisfied.
Completed 5442 iterations, or 2.461825e-13s of Simulation Time
Process 0 starting to collect data
    collecting monitor data
    collecting source data
Using frequency dependent profile
Finished collecting data
left is a duplicate key.
bottom is a duplicate key.
z1 is a duplicate key.
z2 is a duplicate key.
Nx is a duplicate key.
Ny is a duplicate key.
Nz is a duplicate key.
left is a duplicate key.
bottom is a duplicate key.
z1 is a duplicate key.
z2 is a duplicate key.
Nx is a duplicate key.
Ny is a duplicate key.
Nz is a duplicate key.
left is a duplicate key.
bottom is a duplicate key.
z1 is a duplicate key.
z2 is a duplicate key.
Nx is a duplicate key.
Ny is a duplicate key.
Nz is a duplicate key.
left is a duplicate key.
bottom is a duplicate key.
z1 is a duplicate key.
z2 is a duplicate key.
Nx is a duplicate key.
Ny is a duplicate key.
Nz is a duplicate key.
Simulation completed successfully at: qua ago 31 18:07:15 2022
Overall wall time measurements in seconds: 223.385
    time to mesh and initialize: 4.65446
    time to run FDTD simulation: 217.323
    time to checkpoint simulation: 2e-06
    time to finalize data and save to files: 0.105423
    miscellaneous time: 1.30204
    FDTD solver speed on process 0: 47.1221 Mnodes/s
    total FDTD solver speed on 4 processes: 188.488 Mnodes/s
