Ansys Lumerical 2022 R1.4 FDTD Solver Version 8.27.3044 (Linux 64bit)
 expires (month/day/year): 5/2/2023
using config file: Ansys Licensing set with ANSYSLMD_LICENSE_FILE
license host: 1055@10.75.13.24
current time: qui set 1 03:30:13 2022
Running on host: fotonica04-To-be-filled-by-O-E-M
host available memory (GB): 28.325085
All processes are communicating and ready to proceed to simulation...
Running fsp file: /opt/lumerical/v221/bin/fdtd-engine-mpich2nem -t 1 -remote -hide -shared-solve-license QU5TWVNDTF9DT05URVhUX0RBVEE9PEFOU1lTQ0xfQ09OVEVYVF9EQVRBPjxJRD4zYzU4YjUxOC05ZDA4LTQyMjctYTBmMy0wYzgyMGUyMjEyNjQ8L0lEPjxUWVBFPkFQUF9ERUZJTkVEPC9UWVBFPjxOQU1FPmx1bV9zdGFuZGFyZF9zb2x2ZV9zaGFyZTwvTkFNRT48SEFORExFUj40NjQxN0Bmb3RvbmljYTA0LVRvLWJlLWZpbGxlZC1ieS1PLUUtTTwvSEFORExFUj48L0FOU1lTQ0xfQ09OVEVYVF9EQVRBPgpBTlNZU19DT05URVhUX0lEPTNjNThiNTE4LTlkMDgtNDIyNy1hMGYzLTBjODIwZTIyMTI2NApBTlNZU19DT05URVhUX1NFUlZFUj00NjQxN0Bmb3RvbmljYTA0LVRvLWJlLWZpbGxlZC1ieS1PLUUtTQo= /home/trainner/Documentos/Vh/photonics-ring-resonator/anel_lumerical_LcGap_sweep/LcGap_sweep_4.fsp
Starting meshing
Simulation size in gridpoints: 1 x 66 x 28
Refined 0 mesh cells (0%)
Completed meshing!
Meshing complete in 0.001356 seconds of CPU time
Starting meshing
Simulation size in gridpoints: 1 x 66 x 28
Refined 0 mesh cells (0%)
Completed meshing!
Meshing complete in 0.001094 seconds of CPU time
Starting meshing
Simulation size in gridpoints: 1 x 66 x 28
Refined 0 mesh cells (0%)
Completed meshing!
Meshing complete in 0.001833 seconds of CPU time
Starting meshing
Simulation size in gridpoints: 1 x 66 x 28
Refined 0 mesh cells (0%)
Completed meshing!
Meshing complete in 0.001173 seconds of CPU time
Starting meshing
Simulation size in gridpoints: 1 x 66 x 28
Refined 0 mesh cells (0%)
Completed meshing!
Meshing complete in 0.001104 seconds of CPU time
Starting meshing
Simulation size in gridpoints: 1 x 66 x 28
Refined 0 mesh cells (0%)
Completed meshing!
Meshing complete in 0.001378 seconds of CPU time
left is a duplicate key.
bottom is a duplicate key.
z1 is a duplicate key.
z2 is a duplicate key.
Nx is a duplicate key.
Ny is a duplicate key.
Nz is a duplicate key.
Starting meshing
Simulation size in gridpoints: 1 x 66 x 28
Refined 0 mesh cells (0%)
Completed meshing!
Meshing complete in 0.001105 seconds of CPU time
Starting meshing
Simulation size in gridpoints: 1 x 66 x 28
Refined 0 mesh cells (0%)
Completed meshing!
Meshing complete in 0.001108 seconds of CPU time
Starting meshing
Simulation size in gridpoints: 1 x 66 x 28
Refined 0 mesh cells (0%)
Completed meshing!
Meshing complete in 0.001715 seconds of CPU time
left is a duplicate key.
bottom is a duplicate key.
z1 is a duplicate key.
z2 is a duplicate key.
Nx is a duplicate key.
Ny is a duplicate key.
Nz is a duplicate key.
Starting meshing
Simulation size in gridpoints: 86 x 1 x 28
Refined 0 mesh cells (0%)
Completed meshing!
Meshing complete in 0.001448 seconds of CPU time
Starting meshing
Simulation size in gridpoints: 86 x 1 x 28
Refined 0 mesh cells (0%)
Completed meshing!
Meshing complete in 0.001209 seconds of CPU time
Starting meshing
Simulation size in gridpoints: 86 x 1 x 28
Refined 0 mesh cells (0%)
Completed meshing!
Meshing complete in 0.000774 seconds of CPU time
left is a duplicate key.
bottom is a duplicate key.
z1 is a duplicate key.
z2 is a duplicate key.
Nx is a duplicate key.
Ny is a duplicate key.
Nz is a duplicate key.
Starting meshing
Simulation size in gridpoints: 86 x 1 x 28
Refined 0 mesh cells (0%)
Completed meshing!
Meshing complete in 0.00083 seconds of CPU time
Starting meshing
Simulation size in gridpoints: 86 x 1 x 28
Refined 0 mesh cells (0%)
Completed meshing!
Meshing complete in 0.00086 seconds of CPU time
Starting meshing
Simulation size in gridpoints: 86 x 1 x 28
Refined 0 mesh cells (0%)
Completed meshing!
Meshing complete in 0.00076 seconds of CPU time
left is a duplicate key.
bottom is a duplicate key.
z1 is a duplicate key.
z2 is a duplicate key.
Nx is a duplicate key.
Ny is a duplicate key.
Nz is a duplicate key.
number of processors is 4
processors are distributed as: 4x1x1
Running 3D Simulation
Starting meshing
Simulation size in gridpoints: 162 x 257 x 48
Refined 0 mesh cells (0%)
Completed meshing!
Meshing complete in 1.21337 seconds of CPU time
0 0
Starting meshing
Simulation size in gridpoints: 162 x 257 x 48
Refined 0 mesh cells (0%)
Completed meshing!
Meshing complete in 1.35047 seconds of CPU time
0 0
Starting meshing
Simulation size in gridpoints: 162 x 257 x 48
Refined 0 mesh cells (0%)
Completed meshing!
Meshing complete in 1.37219 seconds of CPU time
0 0
finished material properties
Meshing Time: 2.66731 seconds, Init Electrical Material Time: 0.176455 seconds, Init Magnetic Material Time: 0.005903
Using selected optimization level: 2
Selecting 3d kernel for splitFieldDirection=0 and optLevel=2
-----------------------------------------
Beginning initialization of 3D Simulation
Starting to add sources to simulation
Adding 3D Mode source propagating in X
Using frequency dependent profile
Starting to add boundary conditions to simulation
Adding 3D PML BC
Adding 3D Parallel BC
Adding 3D PML BC
Adding 3D PML BC
Adding 3D PML BC
Adding 3D PML BC
Starting to add monitors to Simulation
Adding analysis monitor
Adding 3D DFT monitor
Adding 3D DFT monitor
Adding 3D DFT monitor
Adding 3D DFT monitor
Finished initialization of 3D Simulation
-----------------------------------------
All processes are communicating and ready to proceed to simulation...
Starting 22106 total iterations
0.21714% complete. Max time remaining: 15 mins, 32 secs. Auto Shutoff: 1
1.23046% complete. Max time remaining: 15 mins, 25 secs. Auto Shutoff: 1
2.24378% complete. Max time remaining: 15 mins, 23 secs. Auto Shutoff: 1
3.2571% complete. Max time remaining: 15 mins, 16 secs. Auto Shutoff: 1
4.27042% complete. Max time remaining: 15 mins, 8 secs. Auto Shutoff: 1
5.28374% complete. Max time remaining: 14 mins, 58 secs. Auto Shutoff: 1
6.29706% complete. Max time remaining: 14 mins, 47 secs. Auto Shutoff: 1
7.31038% complete. Max time remaining: 14 mins, 36 secs. Auto Shutoff: 0.957185
8.3237% complete. Max time remaining: 14 mins, 25 secs. Auto Shutoff: 0.956738
9.33702% complete. Max time remaining: 14 mins, 16 secs. Auto Shutoff: 0.956791
10.3503% complete. Max time remaining: 14 mins, 5 secs. Auto Shutoff: 0.957049
11.3637% complete. Max time remaining: 13 mins, 55 secs. Auto Shutoff: 0.988801
12.377% complete. Max time remaining: 13 mins, 45 secs. Auto Shutoff: 0.957216
13.3903% complete. Max time remaining: 13 mins, 35 secs. Auto Shutoff: 0.956656
14.4036% complete. Max time remaining: 13 mins, 26 secs. Auto Shutoff: 0.956024
15.4169% complete. Max time remaining: 13 mins, 16 secs. Auto Shutoff: 0.956813
16.4303% complete. Max time remaining: 13 mins, 6 secs. Auto Shutoff: 0.984649
17.4436% complete. Max time remaining: 12 mins, 56 secs. Auto Shutoff: 0.962489
18.4569% complete. Max time remaining: 12 mins, 47 secs. Auto Shutoff: 0.954866
19.4702% complete. Max time remaining: 12 mins, 37 secs. Auto Shutoff: 0.953219
20.4835% complete. Max time remaining: 12 mins, 27 secs. Auto Shutoff: 0.950925
21.4969% complete. Max time remaining: 12 mins, 18 secs. Auto Shutoff: 0.534108
22.5102% complete. Max time remaining: 12 mins, 8 secs. Auto Shutoff: 0.13864
23.5235% complete. Max time remaining: 11 mins, 59 secs. Auto Shutoff: 0.0115495
24.5368% complete. Max time remaining: 11 mins, 49 secs. Auto Shutoff: 0.000382802
25.5501% complete. Max time remaining: 11 mins, 39 secs. Auto Shutoff: 1.01305e-05
100% complete. Max time remaining: 0 mins, 0 secs. Auto Shutoff: 8.60303e-06
Early termination of simulation, the autoshutoff criteria are satisfied.
Completed 5745 iterations, or 2.598895e-13s of Simulation Time
Process 0 starting to collect data
    collecting monitor data
    collecting source data
Using frequency dependent profile
Finished collecting data
left is a duplicate key.
bottom is a duplicate key.
z1 is a duplicate key.
z2 is a duplicate key.
Nx is a duplicate key.
Ny is a duplicate key.
Nz is a duplicate key.
left is a duplicate key.
bottom is a duplicate key.
z1 is a duplicate key.
z2 is a duplicate key.
Nx is a duplicate key.
Ny is a duplicate key.
Nz is a duplicate key.
left is a duplicate key.
bottom is a duplicate key.
z1 is a duplicate key.
z2 is a duplicate key.
Nx is a duplicate key.
Ny is a duplicate key.
Nz is a duplicate key.
left is a duplicate key.
bottom is a duplicate key.
z1 is a duplicate key.
z2 is a duplicate key.
Nx is a duplicate key.
Ny is a duplicate key.
Nz is a duplicate key.
Simulation completed successfully at: qui set 1 03:34:23 2022
Overall wall time measurements in seconds: 250.272
    time to mesh and initialize: 4.56593
    time to run FDTD simulation: 244.226
    time to checkpoint simulation: 1e-06
    time to finalize data and save to files: 0.102042
    miscellaneous time: 1.37837
    FDTD solver speed on process 0: 47.0097 Mnodes/s
    total FDTD solver speed on 4 processes: 188.039 Mnodes/s
