Ansys Lumerical 2022 R1.4 FDTD Solver Version 8.27.3044 (Linux 64bit)
 expires (month/day/year): 5/2/2023
using config file: Ansys Licensing set with ANSYSLMD_LICENSE_FILE
license host: 1055@10.75.13.24
current time: qua ago 31 17:59:44 2022
Running on host: fotonica04-To-be-filled-by-O-E-M
host available memory (GB): 28.829745
All processes are communicating and ready to proceed to simulation...
Running fsp file: /opt/lumerical/v221/bin/fdtd-engine-mpich2nem -t 1 -remote -hide -shared-solve-license QU5TWVNDTF9DT05URVhUX0RBVEE9PEFOU1lTQ0xfQ09OVEVYVF9EQVRBPjxJRD5iZGJiNzJmMy1kNWMwLTRkOGYtODkyOC02NTFlYTY4ODQ1YTI8L0lEPjxUWVBFPkFQUF9ERUZJTkVEPC9UWVBFPjxOQU1FPmx1bV9zdGFuZGFyZF9zb2x2ZV9zaGFyZTwvTkFNRT48SEFORExFUj40NjQxN0Bmb3RvbmljYTA0LVRvLWJlLWZpbGxlZC1ieS1PLUUtTTwvSEFORExFUj48L0FOU1lTQ0xfQ09OVEVYVF9EQVRBPgpBTlNZU19DT05URVhUX0lEPWJkYmI3MmYzLWQ1YzAtNGQ4Zi04OTI4LTY1MWVhNjg4NDVhMgpBTlNZU19DT05URVhUX1NFUlZFUj00NjQxN0Bmb3RvbmljYTA0LVRvLWJlLWZpbGxlZC1ieS1PLUUtTQo= /home/trainner/Documentos/Vh/photonics-ring-resonator/anel_lumerical_LcGap_sweep/LcGap_sweep_1.fsp
Starting meshing
Simulation size in gridpoints: 1 x 64 x 28
Refined 0 mesh cells (0%)
Completed meshing!
Meshing complete in 0.002274 seconds of CPU time
Starting meshing
Simulation size in gridpoints: 1 x 64 x 28
Refined 0 mesh cells (0%)
Completed meshing!
Meshing complete in 0.001961 seconds of CPU time
Starting meshing
Simulation size in gridpoints: 1 x 64 x 28
Refined 0 mesh cells (0%)
Completed meshing!
Meshing complete in 0.001517 seconds of CPU time
Starting meshing
Simulation size in gridpoints: 1 x 64 x 28
Refined 0 mesh cells (0%)
Completed meshing!
Meshing complete in 0.001124 seconds of CPU time
Starting meshing
Simulation size in gridpoints: 1 x 64 x 28
Refined 0 mesh cells (0%)
Completed meshing!
Meshing complete in 0.001059 seconds of CPU time
Starting meshing
Simulation size in gridpoints: 1 x 64 x 28
Refined 0 mesh cells (0%)
Completed meshing!
Meshing complete in 0.001696 seconds of CPU time
left is a duplicate key.
bottom is a duplicate key.
z1 is a duplicate key.
z2 is a duplicate key.
Nx is a duplicate key.
Ny is a duplicate key.
Nz is a duplicate key.
Starting meshing
Simulation size in gridpoints: 1 x 64 x 28
Refined 0 mesh cells (0%)
Completed meshing!
Meshing complete in 0.001106 seconds of CPU time
Starting meshing
Simulation size in gridpoints: 1 x 64 x 28
Refined 0 mesh cells (0%)
Completed meshing!
Meshing complete in 0.001035 seconds of CPU time
Starting meshing
Simulation size in gridpoints: 1 x 64 x 28
Refined 0 mesh cells (0%)
Completed meshing!
Meshing complete in 0.001345 seconds of CPU time
left is a duplicate key.
bottom is a duplicate key.
z1 is a duplicate key.
z2 is a duplicate key.
Nx is a duplicate key.
Ny is a duplicate key.
Nz is a duplicate key.
Starting meshing
Simulation size in gridpoints: 86 x 1 x 28
Refined 0 mesh cells (0%)
Completed meshing!
Meshing complete in 0.00087 seconds of CPU time
Starting meshing
Simulation size in gridpoints: 86 x 1 x 28
Refined 0 mesh cells (0%)
Completed meshing!
Meshing complete in 0.000861 seconds of CPU time
Starting meshing
Simulation size in gridpoints: 86 x 1 x 28
Refined 0 mesh cells (0%)
Completed meshing!
Meshing complete in 0.000757 seconds of CPU time
left is a duplicate key.
bottom is a duplicate key.
z1 is a duplicate key.
z2 is a duplicate key.
Nx is a duplicate key.
Ny is a duplicate key.
Nz is a duplicate key.
Starting meshing
Simulation size in gridpoints: 86 x 1 x 28
Refined 0 mesh cells (0%)
Completed meshing!
Meshing complete in 0.000859 seconds of CPU time
Starting meshing
Simulation size in gridpoints: 86 x 1 x 28
Refined 0 mesh cells (0%)
Completed meshing!
Meshing complete in 0.000932 seconds of CPU time
Starting meshing
Simulation size in gridpoints: 86 x 1 x 28
Refined 0 mesh cells (0%)
Completed meshing!
Meshing complete in 0.001241 seconds of CPU time
left is a duplicate key.
bottom is a duplicate key.
z1 is a duplicate key.
z2 is a duplicate key.
Nx is a duplicate key.
Ny is a duplicate key.
Nz is a duplicate key.
number of processors is 4
processors are distributed as: 4x1x1
Running 3D Simulation
Starting meshing
Simulation size in gridpoints: 162 x 242 x 48
Refined 0 mesh cells (0%)
Completed meshing!
Meshing complete in 0.702874 seconds of CPU time
0 0
Starting meshing
Simulation size in gridpoints: 162 x 242 x 48
Refined 0 mesh cells (0%)
Completed meshing!
Meshing complete in 0.729354 seconds of CPU time
0 0
Starting meshing
Simulation size in gridpoints: 162 x 242 x 48
Refined 0 mesh cells (0%)
Completed meshing!
Meshing complete in 0.898373 seconds of CPU time
0 0
finished material properties
Meshing Time: 1.67692 seconds, Init Electrical Material Time: 0.170024 seconds, Init Magnetic Material Time: 0.005596
Using selected optimization level: 2
Selecting 3d kernel for splitFieldDirection=0 and optLevel=2
-----------------------------------------
Beginning initialization of 3D Simulation
Starting to add sources to simulation
Adding 3D Mode source propagating in X
Using frequency dependent profile
Starting to add boundary conditions to simulation
Adding 3D PML BC
Adding 3D Parallel BC
Adding 3D PML BC
Adding 3D PML BC
Adding 3D PML BC
Adding 3D PML BC
Starting to add monitors to Simulation
Adding analysis monitor
Adding 3D DFT monitor
Adding 3D DFT monitor
Adding 3D DFT monitor
Adding 3D DFT monitor
Finished initialization of 3D Simulation
-----------------------------------------
All processes are communicating and ready to proceed to simulation...
Starting 22106 total iterations
0.21714% complete. Max time remaining: 15 mins, 37 secs. Auto Shutoff: 1
1.23046% complete. Max time remaining: 15 mins, 12 secs. Auto Shutoff: 1
2.24378% complete. Max time remaining: 14 mins, 51 secs. Auto Shutoff: 1
3.2571% complete. Max time remaining: 14 mins, 37 secs. Auto Shutoff: 1
4.27042% complete. Max time remaining: 14 mins, 25 secs. Auto Shutoff: 1
5.28374% complete. Max time remaining: 14 mins, 13 secs. Auto Shutoff: 1
6.29706% complete. Max time remaining: 14 mins, 2 secs. Auto Shutoff: 1
7.31038% complete. Max time remaining: 13 mins, 52 secs. Auto Shutoff: 0.956985
8.3237% complete. Max time remaining: 13 mins, 43 secs. Auto Shutoff: 0.956418
9.33702% complete. Max time remaining: 13 mins, 33 secs. Auto Shutoff: 0.956169
10.3503% complete. Max time remaining: 13 mins, 23 secs. Auto Shutoff: 0.956882
11.3637% complete. Max time remaining: 13 mins, 14 secs. Auto Shutoff: 0.988378
12.377% complete. Max time remaining: 13 mins, 4 secs. Auto Shutoff: 0.956545
13.3903% complete. Max time remaining: 12 mins, 55 secs. Auto Shutoff: 0.956449
14.4036% complete. Max time remaining: 12 mins, 46 secs. Auto Shutoff: 0.956179
15.4169% complete. Max time remaining: 12 mins, 36 secs. Auto Shutoff: 0.956087
16.4303% complete. Max time remaining: 12 mins, 27 secs. Auto Shutoff: 0.980469
17.4436% complete. Max time remaining: 12 mins, 18 secs. Auto Shutoff: 0.96696
18.4569% complete. Max time remaining: 12 mins, 9 secs. Auto Shutoff: 0.964405
19.4702% complete. Max time remaining: 11 mins, 59 secs. Auto Shutoff: 0.960507
20.4835% complete. Max time remaining: 11 mins, 50 secs. Auto Shutoff: 0.925291
21.4969% complete. Max time remaining: 11 mins, 41 secs. Auto Shutoff: 0.343623
22.5102% complete. Max time remaining: 11 mins, 32 secs. Auto Shutoff: 0.0248616
23.5235% complete. Max time remaining: 11 mins, 23 secs. Auto Shutoff: 0.000640662
24.5368% complete. Max time remaining: 11 mins, 13 secs. Auto Shutoff: 1.19035e-05
100% complete. Max time remaining: 0 mins, 0 secs. Auto Shutoff: 3.27868e-06
Early termination of simulation, the autoshutoff criteria are satisfied.
Completed 5442 iterations, or 2.461825e-13s of Simulation Time
Process 0 starting to collect data
    collecting monitor data
    collecting source data
Using frequency dependent profile
Finished collecting data
left is a duplicate key.
bottom is a duplicate key.
z1 is a duplicate key.
z2 is a duplicate key.
Nx is a duplicate key.
Ny is a duplicate key.
Nz is a duplicate key.
left is a duplicate key.
bottom is a duplicate key.
z1 is a duplicate key.
z2 is a duplicate key.
Nx is a duplicate key.
Ny is a duplicate key.
Nz is a duplicate key.
left is a duplicate key.
bottom is a duplicate key.
z1 is a duplicate key.
z2 is a duplicate key.
Nx is a duplicate key.
Ny is a duplicate key.
Nz is a duplicate key.
left is a duplicate key.
bottom is a duplicate key.
z1 is a duplicate key.
z2 is a duplicate key.
Nx is a duplicate key.
Ny is a duplicate key.
Nz is a duplicate key.
Simulation completed successfully at: qua ago 31 18:03:30 2022
Overall wall time measurements in seconds: 226.508
    time to mesh and initialize: 5.38779
    time to run FDTD simulation: 219.728
    time to checkpoint simulation: 2e-06
    time to finalize data and save to files: 0.105116
    miscellaneous time: 1.28774
    FDTD solver speed on process 0: 46.6064 Mnodes/s
    total FDTD solver speed on 4 processes: 186.425 Mnodes/s
