Ansys Lumerical 2022 R1.4 FDTD Solver Version 8.27.3044 (Linux 64bit)
 expires (month/day/year): 5/2/2023
using config file: Ansys Licensing set with ANSYSLMD_LICENSE_FILE
license host: 1055@10.75.13.24
current time: qua ago 31 18:07:16 2022
Running on host: fotonica04-To-be-filled-by-O-E-M
host available memory (GB): 28.835836
All processes are communicating and ready to proceed to simulation...
Running fsp file: /opt/lumerical/v221/bin/fdtd-engine-mpich2nem -t 1 -remote -hide -shared-solve-license QU5TWVNDTF9DT05URVhUX0RBVEE9PEFOU1lTQ0xfQ09OVEVYVF9EQVRBPjxJRD5iZGJiNzJmMy1kNWMwLTRkOGYtODkyOC02NTFlYTY4ODQ1YTI8L0lEPjxUWVBFPkFQUF9ERUZJTkVEPC9UWVBFPjxOQU1FPmx1bV9zdGFuZGFyZF9zb2x2ZV9zaGFyZTwvTkFNRT48SEFORExFUj40NjQxN0Bmb3RvbmljYTA0LVRvLWJlLWZpbGxlZC1ieS1PLUUtTTwvSEFORExFUj48L0FOU1lTQ0xfQ09OVEVYVF9EQVRBPgpBTlNZU19DT05URVhUX0lEPWJkYmI3MmYzLWQ1YzAtNGQ4Zi04OTI4LTY1MWVhNjg4NDVhMgpBTlNZU19DT05URVhUX1NFUlZFUj00NjQxN0Bmb3RvbmljYTA0LVRvLWJlLWZpbGxlZC1ieS1PLUUtTQo= /home/trainner/Documentos/Vh/photonics-ring-resonator/anel_lumerical_LcGap_sweep/LcGap_sweep_3.fsp
Starting meshing
Simulation size in gridpoints: 1 x 64 x 28
Refined 0 mesh cells (0%)
Completed meshing!
Meshing complete in 0.001546 seconds of CPU time
Starting meshing
Simulation size in gridpoints: 1 x 64 x 28
Refined 0 mesh cells (0%)
Completed meshing!
Meshing complete in 0.001099 seconds of CPU time
Starting meshing
Simulation size in gridpoints: 1 x 64 x 28
Refined 0 mesh cells (0%)
Completed meshing!
Meshing complete in 0.001397 seconds of CPU time
Starting meshing
Simulation size in gridpoints: 1 x 64 x 28
Refined 0 mesh cells (0%)
Completed meshing!
Meshing complete in 0.001118 seconds of CPU time
Starting meshing
Simulation size in gridpoints: 1 x 64 x 28
Refined 0 mesh cells (0%)
Completed meshing!
Meshing complete in 0.001035 seconds of CPU time
Starting meshing
Simulation size in gridpoints: 1 x 64 x 28
Refined 0 mesh cells (0%)
Completed meshing!
Meshing complete in 0.001363 seconds of CPU time
left is a duplicate key.
bottom is a duplicate key.
z1 is a duplicate key.
z2 is a duplicate key.
Nx is a duplicate key.
Ny is a duplicate key.
Nz is a duplicate key.
Starting meshing
Simulation size in gridpoints: 1 x 64 x 28
Refined 0 mesh cells (0%)
Completed meshing!
Meshing complete in 0.001107 seconds of CPU time
Starting meshing
Simulation size in gridpoints: 1 x 64 x 28
Refined 0 mesh cells (0%)
Completed meshing!
Meshing complete in 0.001036 seconds of CPU time
Starting meshing
Simulation size in gridpoints: 1 x 64 x 28
Refined 0 mesh cells (0%)
Completed meshing!
Meshing complete in 0.001371 seconds of CPU time
left is a duplicate key.
bottom is a duplicate key.
z1 is a duplicate key.
z2 is a duplicate key.
Nx is a duplicate key.
Ny is a duplicate key.
Nz is a duplicate key.
Starting meshing
Simulation size in gridpoints: 86 x 1 x 28
Refined 0 mesh cells (0%)
Completed meshing!
Meshing complete in 0.000843 seconds of CPU time
Starting meshing
Simulation size in gridpoints: 86 x 1 x 28
Refined 0 mesh cells (0%)
Completed meshing!
Meshing complete in 0.000826 seconds of CPU time
Starting meshing
Simulation size in gridpoints: 86 x 1 x 28
Refined 0 mesh cells (0%)
Completed meshing!
Meshing complete in 0.00076 seconds of CPU time
left is a duplicate key.
bottom is a duplicate key.
z1 is a duplicate key.
z2 is a duplicate key.
Nx is a duplicate key.
Ny is a duplicate key.
Nz is a duplicate key.
Starting meshing
Simulation size in gridpoints: 86 x 1 x 28
Refined 0 mesh cells (0%)
Completed meshing!
Meshing complete in 0.000846 seconds of CPU time
Starting meshing
Simulation size in gridpoints: 86 x 1 x 28
Refined 0 mesh cells (0%)
Completed meshing!
Meshing complete in 0.000794 seconds of CPU time
Starting meshing
Simulation size in gridpoints: 86 x 1 x 28
Refined 0 mesh cells (0%)
Completed meshing!
Meshing complete in 0.000768 seconds of CPU time
left is a duplicate key.
bottom is a duplicate key.
z1 is a duplicate key.
z2 is a duplicate key.
Nx is a duplicate key.
Ny is a duplicate key.
Nz is a duplicate key.
number of processors is 4
processors are distributed as: 4x1x1
Running 3D Simulation
Starting meshing
Simulation size in gridpoints: 162 x 242 x 48
Refined 0 mesh cells (0%)
Completed meshing!
Meshing complete in 1.11685 seconds of CPU time
0 0
Starting meshing
Simulation size in gridpoints: 162 x 242 x 48
Refined 0 mesh cells (0%)
Completed meshing!
Meshing complete in 1.23983 seconds of CPU time
0 0
Starting meshing
Simulation size in gridpoints: 162 x 242 x 48
Refined 0 mesh cells (0%)
Completed meshing!
Meshing complete in 1.27315 seconds of CPU time
0 0
finished material properties
Meshing Time: 2.4821 seconds, Init Electrical Material Time: 0.163008 seconds, Init Magnetic Material Time: 0.005827
Using selected optimization level: 2
Selecting 3d kernel for splitFieldDirection=0 and optLevel=2
-----------------------------------------
Beginning initialization of 3D Simulation
Starting to add sources to simulation
Adding 3D Mode source propagating in X
Using frequency dependent profile
Starting to add boundary conditions to simulation
Adding 3D PML BC
Adding 3D Parallel BC
Adding 3D PML BC
Adding 3D PML BC
Adding 3D PML BC
Adding 3D PML BC
Starting to add monitors to Simulation
Adding analysis monitor
Adding 3D DFT monitor
Adding 3D DFT monitor
Adding 3D DFT monitor
Adding 3D DFT monitor
Finished initialization of 3D Simulation
-----------------------------------------
All processes are communicating and ready to proceed to simulation...
Starting 22106 total iterations
0.21714% complete. Max time remaining: 14 mins, 36 secs. Auto Shutoff: 1
1.23046% complete. Max time remaining: 14 mins, 32 secs. Auto Shutoff: 1
2.24378% complete. Max time remaining: 14 mins, 31 secs. Auto Shutoff: 1
3.2571% complete. Max time remaining: 14 mins, 25 secs. Auto Shutoff: 1
4.27042% complete. Max time remaining: 14 mins, 16 secs. Auto Shutoff: 1
5.28374% complete. Max time remaining: 14 mins, 8 secs. Auto Shutoff: 1
6.29706% complete. Max time remaining: 13 mins, 57 secs. Auto Shutoff: 1
7.31038% complete. Max time remaining: 13 mins, 46 secs. Auto Shutoff: 0.957162
8.3237% complete. Max time remaining: 13 mins, 37 secs. Auto Shutoff: 0.956364
9.33702% complete. Max time remaining: 13 mins, 28 secs. Auto Shutoff: 0.956487
10.3503% complete. Max time remaining: 13 mins, 18 secs. Auto Shutoff: 0.956993
11.3637% complete. Max time remaining: 13 mins, 8 secs. Auto Shutoff: 0.988656
12.377% complete. Max time remaining: 12 mins, 59 secs. Auto Shutoff: 0.957085
13.3903% complete. Max time remaining: 12 mins, 49 secs. Auto Shutoff: 0.955975
14.4036% complete. Max time remaining: 12 mins, 40 secs. Auto Shutoff: 0.956889
15.4169% complete. Max time remaining: 12 mins, 30 secs. Auto Shutoff: 0.956945
16.4303% complete. Max time remaining: 12 mins, 21 secs. Auto Shutoff: 0.98371
17.4436% complete. Max time remaining: 12 mins, 11 secs. Auto Shutoff: 0.962586
18.4569% complete. Max time remaining: 12 mins, 2 secs. Auto Shutoff: 0.953881
19.4702% complete. Max time remaining: 11 mins, 53 secs. Auto Shutoff: 0.952278
20.4835% complete. Max time remaining: 11 mins, 44 secs. Auto Shutoff: 0.949177
21.4969% complete. Max time remaining: 11 mins, 34 secs. Auto Shutoff: 0.422483
22.5102% complete. Max time remaining: 11 mins, 25 secs. Auto Shutoff: 0.0487671
23.5235% complete. Max time remaining: 11 mins, 16 secs. Auto Shutoff: 0.00188907
24.5368% complete. Max time remaining: 11 mins, 7 secs. Auto Shutoff: 4.60908e-05
100% complete. Max time remaining: 0 mins, 0 secs. Auto Shutoff: 7.68145e-06
Early termination of simulation, the autoshutoff criteria are satisfied.
Completed 5543 iterations, or 2.507515e-13s of Simulation Time
Process 0 starting to collect data
    collecting monitor data
    collecting source data
Using frequency dependent profile
Finished collecting data
left is a duplicate key.
bottom is a duplicate key.
z1 is a duplicate key.
z2 is a duplicate key.
Nx is a duplicate key.
Ny is a duplicate key.
Nz is a duplicate key.
left is a duplicate key.
bottom is a duplicate key.
z1 is a duplicate key.
z2 is a duplicate key.
Nx is a duplicate key.
Ny is a duplicate key.
Nz is a duplicate key.
left is a duplicate key.
bottom is a duplicate key.
z1 is a duplicate key.
z2 is a duplicate key.
Nx is a duplicate key.
Ny is a duplicate key.
Nz is a duplicate key.
left is a duplicate key.
bottom is a duplicate key.
z1 is a duplicate key.
z2 is a duplicate key.
Nx is a duplicate key.
Ny is a duplicate key.
Nz is a duplicate key.
Simulation completed successfully at: qua ago 31 18:11:03 2022
Overall wall time measurements in seconds: 227.354
    time to mesh and initialize: 4.25991
    time to run FDTD simulation: 221.732
    time to checkpoint simulation: 1e-06
    time to finalize data and save to files: 0.107779
    miscellaneous time: 1.25433
    FDTD solver speed on process 0: 47.0422 Mnodes/s
    total FDTD solver speed on 4 processes: 188.169 Mnodes/s
