Ansys Lumerical 2022 R1.4 FDTD Solver Version 8.27.3044 (Linux 64bit)
 expires (month/day/year): 5/2/2023
using config file: Ansys Licensing set with ANSYSLMD_LICENSE_FILE
license host: 1055@10.75.13.24
current time: qui set 1 04:02:36 2022
Running on host: fotonica04-To-be-filled-by-O-E-M
host available memory (GB): 28.297933
All processes are communicating and ready to proceed to simulation...
Running fsp file: /opt/lumerical/v221/bin/fdtd-engine-mpich2nem -t 1 -remote -hide -shared-solve-license QU5TWVNDTF9DT05URVhUX0RBVEE9PEFOU1lTQ0xfQ09OVEVYVF9EQVRBPjxJRD4zYzU4YjUxOC05ZDA4LTQyMjctYTBmMy0wYzgyMGUyMjEyNjQ8L0lEPjxUWVBFPkFQUF9ERUZJTkVEPC9UWVBFPjxOQU1FPmx1bV9zdGFuZGFyZF9zb2x2ZV9zaGFyZTwvTkFNRT48SEFORExFUj40NjQxN0Bmb3RvbmljYTA0LVRvLWJlLWZpbGxlZC1ieS1PLUUtTTwvSEFORExFUj48L0FOU1lTQ0xfQ09OVEVYVF9EQVRBPgpBTlNZU19DT05URVhUX0lEPTNjNThiNTE4LTlkMDgtNDIyNy1hMGYzLTBjODIwZTIyMTI2NApBTlNZU19DT05URVhUX1NFUlZFUj00NjQxN0Bmb3RvbmljYTA0LVRvLWJlLWZpbGxlZC1ieS1PLUUtTQo= /home/trainner/Documentos/Vh/photonics-ring-resonator/anel_lumerical_LcGap_sweep/LcGap_sweep_12.fsp
Starting meshing
Simulation size in gridpoints: 1 x 65 x 28
Refined 0 mesh cells (0%)
Completed meshing!
Meshing complete in 0.002433 seconds of CPU time
Starting meshing
Simulation size in gridpoints: 1 x 65 x 28
Refined 0 mesh cells (0%)
Completed meshing!
Meshing complete in 0.001717 seconds of CPU time
Starting meshing
Simulation size in gridpoints: 1 x 65 x 28
Refined 0 mesh cells (0%)
Completed meshing!
Meshing complete in 0.002734 seconds of CPU time
Starting meshing
Simulation size in gridpoints: 1 x 65 x 28
Refined 0 mesh cells (0%)
Completed meshing!
Meshing complete in 0.001143 seconds of CPU time
Starting meshing
Simulation size in gridpoints: 1 x 65 x 28
Refined 0 mesh cells (0%)
Completed meshing!
Meshing complete in 0.000927 seconds of CPU time
Starting meshing
Simulation size in gridpoints: 1 x 65 x 28
Refined 0 mesh cells (0%)
Completed meshing!
Meshing complete in 0.001367 seconds of CPU time
left is a duplicate key.
bottom is a duplicate key.
z1 is a duplicate key.
z2 is a duplicate key.
Nx is a duplicate key.
Ny is a duplicate key.
Nz is a duplicate key.
Starting meshing
Simulation size in gridpoints: 1 x 65 x 28
Refined 0 mesh cells (0%)
Completed meshing!
Meshing complete in 0.001117 seconds of CPU time
Starting meshing
Simulation size in gridpoints: 1 x 65 x 28
Refined 0 mesh cells (0%)
Completed meshing!
Meshing complete in 0.000901 seconds of CPU time
Starting meshing
Simulation size in gridpoints: 1 x 65 x 28
Refined 0 mesh cells (0%)
Completed meshing!
Meshing complete in 0.001401 seconds of CPU time
left is a duplicate key.
bottom is a duplicate key.
z1 is a duplicate key.
z2 is a duplicate key.
Nx is a duplicate key.
Ny is a duplicate key.
Nz is a duplicate key.
Starting meshing
Simulation size in gridpoints: 86 x 1 x 28
Refined 0 mesh cells (0%)
Completed meshing!
Meshing complete in 0.00091 seconds of CPU time
Starting meshing
Simulation size in gridpoints: 86 x 1 x 28
Refined 0 mesh cells (0%)
Completed meshing!
Meshing complete in 0.000767 seconds of CPU time
Starting meshing
Simulation size in gridpoints: 86 x 1 x 28
Refined 0 mesh cells (0%)
Completed meshing!
Meshing complete in 0.000812 seconds of CPU time
left is a duplicate key.
bottom is a duplicate key.
z1 is a duplicate key.
z2 is a duplicate key.
Nx is a duplicate key.
Ny is a duplicate key.
Nz is a duplicate key.
Starting meshing
Simulation size in gridpoints: 86 x 1 x 28
Refined 0 mesh cells (0%)
Completed meshing!
Meshing complete in 0.00091 seconds of CPU time
Starting meshing
Simulation size in gridpoints: 86 x 1 x 28
Refined 0 mesh cells (0%)
Completed meshing!
Meshing complete in 0.000839 seconds of CPU time
Starting meshing
Simulation size in gridpoints: 86 x 1 x 28
Refined 0 mesh cells (0%)
Completed meshing!
Meshing complete in 0.000788 seconds of CPU time
left is a duplicate key.
bottom is a duplicate key.
z1 is a duplicate key.
z2 is a duplicate key.
Nx is a duplicate key.
Ny is a duplicate key.
Nz is a duplicate key.
number of processors is 4
processors are distributed as: 4x1x1
Running 3D Simulation
Starting meshing
Simulation size in gridpoints: 162 x 261 x 48
Refined 0 mesh cells (0%)
Completed meshing!
Meshing complete in 1.25021 seconds of CPU time
0 0
Starting meshing
Simulation size in gridpoints: 162 x 261 x 48
Refined 0 mesh cells (0%)
Completed meshing!
Meshing complete in 1.17793 seconds of CPU time
0 0
Starting meshing
Simulation size in gridpoints: 162 x 261 x 48
Refined 0 mesh cells (0%)
Completed meshing!
Meshing complete in 1.37091 seconds of CPU time
0 0
finished material properties
Meshing Time: 2.70368 seconds, Init Electrical Material Time: 0.179742 seconds, Init Magnetic Material Time: 0.006017
Using selected optimization level: 2
Selecting 3d kernel for splitFieldDirection=0 and optLevel=2
-----------------------------------------
Beginning initialization of 3D Simulation
Starting to add sources to simulation
Adding 3D Mode source propagating in X
Using frequency dependent profile
Starting to add boundary conditions to simulation
Adding 3D PML BC
Adding 3D Parallel BC
Adding 3D PML BC
Adding 3D PML BC
Adding 3D PML BC
Adding 3D PML BC
Starting to add monitors to Simulation
Adding analysis monitor
Adding 3D DFT monitor
Adding 3D DFT monitor
Adding 3D DFT monitor
Adding 3D DFT monitor
Finished initialization of 3D Simulation
-----------------------------------------
All processes are communicating and ready to proceed to simulation...
Starting 22106 total iterations
0.21714% complete. Max time remaining: 15 mins, 47 secs. Auto Shutoff: 1
1.23046% complete. Max time remaining: 15 mins, 45 secs. Auto Shutoff: 1
2.24378% complete. Max time remaining: 15 mins, 41 secs. Auto Shutoff: 1
3.2571% complete. Max time remaining: 15 mins, 34 secs. Auto Shutoff: 1
4.27042% complete. Max time remaining: 15 mins, 26 secs. Auto Shutoff: 1
5.28374% complete. Max time remaining: 15 mins, 16 secs. Auto Shutoff: 1
6.29706% complete. Max time remaining: 15 mins, 4 secs. Auto Shutoff: 1
7.31038% complete. Max time remaining: 14 mins, 53 secs. Auto Shutoff: 0.957316
8.3237% complete. Max time remaining: 14 mins, 42 secs. Auto Shutoff: 0.956755
9.33702% complete. Max time remaining: 14 mins, 31 secs. Auto Shutoff: 0.956719
10.3503% complete. Max time remaining: 14 mins, 20 secs. Auto Shutoff: 0.956977
11.3637% complete. Max time remaining: 14 mins, 10 secs. Auto Shutoff: 0.98798
12.377% complete. Max time remaining: 13 mins, 60 secs. Auto Shutoff: 0.957336
13.3903% complete. Max time remaining: 13 mins, 50 secs. Auto Shutoff: 0.956592
14.4036% complete. Max time remaining: 13 mins, 40 secs. Auto Shutoff: 0.956572
15.4169% complete. Max time remaining: 13 mins, 30 secs. Auto Shutoff: 0.956637
16.4303% complete. Max time remaining: 13 mins, 20 secs. Auto Shutoff: 0.985088
17.4436% complete. Max time remaining: 13 mins, 10 secs. Auto Shutoff: 0.960557
18.4569% complete. Max time remaining: 13 mins, 0 secs. Auto Shutoff: 0.956065
19.4702% complete. Max time remaining: 12 mins, 50 secs. Auto Shutoff: 0.955621
20.4835% complete. Max time remaining: 12 mins, 41 secs. Auto Shutoff: 0.95308
21.4969% complete. Max time remaining: 12 mins, 31 secs. Auto Shutoff: 0.49265
22.5102% complete. Max time remaining: 12 mins, 21 secs. Auto Shutoff: 0.0572325
23.5235% complete. Max time remaining: 12 mins, 11 secs. Auto Shutoff: 0.00331499
24.5368% complete. Max time remaining: 12 mins, 1 secs. Auto Shutoff: 0.000108768
100% complete. Max time remaining: 0 mins, 0 secs. Auto Shutoff: 3.6117e-06
Early termination of simulation, the autoshutoff criteria are satisfied.
Completed 5543 iterations, or 2.507515e-13s of Simulation Time
Process 0 starting to collect data
    collecting monitor data
    collecting source data
Using frequency dependent profile
Finished collecting data
left is a duplicate key.
bottom is a duplicate key.
z1 is a duplicate key.
z2 is a duplicate key.
Nx is a duplicate key.
Ny is a duplicate key.
Nz is a duplicate key.
left is a duplicate key.
bottom is a duplicate key.
z1 is a duplicate key.
z2 is a duplicate key.
Nx is a duplicate key.
Ny is a duplicate key.
Nz is a duplicate key.
left is a duplicate key.
bottom is a duplicate key.
z1 is a duplicate key.
z2 is a duplicate key.
Nx is a duplicate key.
Ny is a duplicate key.
Nz is a duplicate key.
left is a duplicate key.
bottom is a duplicate key.
z1 is a duplicate key.
z2 is a duplicate key.
Nx is a duplicate key.
Ny is a duplicate key.
Nz is a duplicate key.
Simulation completed successfully at: qui set 1 04:06:42 2022
Overall wall time measurements in seconds: 245.778
    time to mesh and initialize: 4.67279
    time to run FDTD simulation: 239.751
    time to checkpoint simulation: 1e-06
    time to finalize data and save to files: 0.102339
    miscellaneous time: 1.25235
    FDTD solver speed on process 0: 46.9225 Mnodes/s
    total FDTD solver speed on 4 processes: 187.69 Mnodes/s
