Ansys Lumerical 2022 R1.4 FDTD Solver Version 8.27.3044 (Linux 64bit)
 expires (month/day/year): 5/2/2023
using config file: Ansys Licensing set with ANSYSLMD_LICENSE_FILE
license host: 1055@10.75.13.24
current time: qui set 1 06:01:48 2022
Running on host: fotonica04-To-be-filled-by-O-E-M
host available memory (GB): 28.376728
All processes are communicating and ready to proceed to simulation...
Running fsp file: /opt/lumerical/v221/bin/fdtd-engine-mpich2nem -t 1 -remote -hide -shared-solve-license QU5TWVNDTF9DT05URVhUX0RBVEE9PEFOU1lTQ0xfQ09OVEVYVF9EQVRBPjxJRD5lMmFkZWI2Yy0zYjBkLTRmZTAtYWNlMi0xYjk2ODhmN2M1NGI8L0lEPjxUWVBFPkFQUF9ERUZJTkVEPC9UWVBFPjxOQU1FPmx1bV9zdGFuZGFyZF9zb2x2ZV9zaGFyZTwvTkFNRT48SEFORExFUj40NjQxN0Bmb3RvbmljYTA0LVRvLWJlLWZpbGxlZC1ieS1PLUUtTTwvSEFORExFUj48L0FOU1lTQ0xfQ09OVEVYVF9EQVRBPgpBTlNZU19DT05URVhUX0lEPWUyYWRlYjZjLTNiMGQtNGZlMC1hY2UyLTFiOTY4OGY3YzU0YgpBTlNZU19DT05URVhUX1NFUlZFUj00NjQxN0Bmb3RvbmljYTA0LVRvLWJlLWZpbGxlZC1ieS1PLUUtTQo= /home/trainner/Documentos/Vh/photonics-ring-resonator/anel_lumerical_LcGap_sweep/LcGap_sweep_24.fsp
Starting meshing
Simulation size in gridpoints: 1 x 65 x 28
Refined 0 mesh cells (0%)
Completed meshing!
Meshing complete in 0.001335 seconds of CPU time
Starting meshing
Simulation size in gridpoints: 1 x 65 x 28
Refined 0 mesh cells (0%)
Completed meshing!
Meshing complete in 0.001169 seconds of CPU time
Starting meshing
Simulation size in gridpoints: 1 x 65 x 28
Refined 0 mesh cells (0%)
Completed meshing!
Meshing complete in 0.001405 seconds of CPU time
Starting meshing
Simulation size in gridpoints: 1 x 65 x 28
Refined 0 mesh cells (0%)
Completed meshing!
Meshing complete in 0.001107 seconds of CPU time
Starting meshing
Simulation size in gridpoints: 1 x 65 x 28
Refined 0 mesh cells (0%)
Completed meshing!
Meshing complete in 0.001017 seconds of CPU time
Starting meshing
Simulation size in gridpoints: 1 x 65 x 28
Refined 0 mesh cells (0%)
Completed meshing!
Meshing complete in 0.001344 seconds of CPU time
left is a duplicate key.
bottom is a duplicate key.
z1 is a duplicate key.
z2 is a duplicate key.
Nx is a duplicate key.
Ny is a duplicate key.
Nz is a duplicate key.
Starting meshing
Simulation size in gridpoints: 1 x 65 x 28
Refined 0 mesh cells (0%)
Completed meshing!
Meshing complete in 0.001089 seconds of CPU time
Starting meshing
Simulation size in gridpoints: 1 x 65 x 28
Refined 0 mesh cells (0%)
Completed meshing!
Meshing complete in 0.001017 seconds of CPU time
Starting meshing
Simulation size in gridpoints: 1 x 65 x 28
Refined 0 mesh cells (0%)
Completed meshing!
Meshing complete in 0.001341 seconds of CPU time
left is a duplicate key.
bottom is a duplicate key.
z1 is a duplicate key.
z2 is a duplicate key.
Nx is a duplicate key.
Ny is a duplicate key.
Nz is a duplicate key.
Starting meshing
Simulation size in gridpoints: 86 x 1 x 28
Refined 0 mesh cells (0%)
Completed meshing!
Meshing complete in 0.001061 seconds of CPU time
Starting meshing
Simulation size in gridpoints: 86 x 1 x 28
Refined 0 mesh cells (0%)
Completed meshing!
Meshing complete in 0.001239 seconds of CPU time
Starting meshing
Simulation size in gridpoints: 86 x 1 x 28
Refined 0 mesh cells (0%)
Completed meshing!
Meshing complete in 0.001214 seconds of CPU time
left is a duplicate key.
bottom is a duplicate key.
z1 is a duplicate key.
z2 is a duplicate key.
Nx is a duplicate key.
Ny is a duplicate key.
Nz is a duplicate key.
Starting meshing
Simulation size in gridpoints: 86 x 1 x 28
Refined 0 mesh cells (0%)
Completed meshing!
Meshing complete in 0.000835 seconds of CPU time
Starting meshing
Simulation size in gridpoints: 86 x 1 x 28
Refined 0 mesh cells (0%)
Completed meshing!
Meshing complete in 0.000759 seconds of CPU time
Starting meshing
Simulation size in gridpoints: 86 x 1 x 28
Refined 0 mesh cells (0%)
Completed meshing!
Meshing complete in 0.000749 seconds of CPU time
left is a duplicate key.
bottom is a duplicate key.
z1 is a duplicate key.
z2 is a duplicate key.
Nx is a duplicate key.
Ny is a duplicate key.
Nz is a duplicate key.
number of processors is 4
processors are distributed as: 4x1x1
Running 3D Simulation
Starting meshing
Simulation size in gridpoints: 162 x 257 x 48
Refined 0 mesh cells (0%)
Completed meshing!
Meshing complete in 1.06445 seconds of CPU time
0 0
Starting meshing
Simulation size in gridpoints: 162 x 257 x 48
Refined 0 mesh cells (0%)
Completed meshing!
Meshing complete in 0.959801 seconds of CPU time
0 0
Starting meshing
Simulation size in gridpoints: 162 x 257 x 48
Refined 0 mesh cells (0%)
Completed meshing!
Meshing complete in 1.09975 seconds of CPU time
0 0
finished material properties
Meshing Time: 2.24723 seconds, Init Electrical Material Time: 0.1744 seconds, Init Magnetic Material Time: 0.006237
Using selected optimization level: 2
Selecting 3d kernel for splitFieldDirection=0 and optLevel=2
-----------------------------------------
Beginning initialization of 3D Simulation
Starting to add sources to simulation
Adding 3D Mode source propagating in X
Using frequency dependent profile
Starting to add boundary conditions to simulation
Adding 3D PML BC
Adding 3D Parallel BC
Adding 3D PML BC
Adding 3D PML BC
Adding 3D PML BC
Adding 3D PML BC
Starting to add monitors to Simulation
Adding analysis monitor
Adding 3D DFT monitor
Adding 3D DFT monitor
Adding 3D DFT monitor
Adding 3D DFT monitor
Finished initialization of 3D Simulation
-----------------------------------------
All processes are communicating and ready to proceed to simulation...
Starting 22106 total iterations
0.21714% complete. Max time remaining: 15 mins, 27 secs. Auto Shutoff: 1
1.23046% complete. Max time remaining: 15 mins, 20 secs. Auto Shutoff: 1
2.24378% complete. Max time remaining: 15 mins, 17 secs. Auto Shutoff: 1
3.2571% complete. Max time remaining: 15 mins, 11 secs. Auto Shutoff: 1
4.27042% complete. Max time remaining: 15 mins, 2 secs. Auto Shutoff: 1
5.28374% complete. Max time remaining: 14 mins, 52 secs. Auto Shutoff: 1
6.29706% complete. Max time remaining: 14 mins, 41 secs. Auto Shutoff: 1
7.31038% complete. Max time remaining: 14 mins, 31 secs. Auto Shutoff: 0.957109
8.3237% complete. Max time remaining: 14 mins, 20 secs. Auto Shutoff: 0.956514
9.33702% complete. Max time remaining: 14 mins, 9 secs. Auto Shutoff: 0.956476
10.3503% complete. Max time remaining: 13 mins, 59 secs. Auto Shutoff: 0.956925
11.3637% complete. Max time remaining: 13 mins, 49 secs. Auto Shutoff: 0.988061
12.377% complete. Max time remaining: 13 mins, 39 secs. Auto Shutoff: 0.956814
13.3903% complete. Max time remaining: 13 mins, 29 secs. Auto Shutoff: 0.956366
14.4036% complete. Max time remaining: 13 mins, 20 secs. Auto Shutoff: 0.956364
15.4169% complete. Max time remaining: 13 mins, 10 secs. Auto Shutoff: 0.956441
16.4303% complete. Max time remaining: 13 mins, 1 secs. Auto Shutoff: 0.983166
17.4436% complete. Max time remaining: 12 mins, 51 secs. Auto Shutoff: 0.963433
18.4569% complete. Max time remaining: 12 mins, 41 secs. Auto Shutoff: 0.956011
19.4702% complete. Max time remaining: 12 mins, 31 secs. Auto Shutoff: 0.95489
20.4835% complete. Max time remaining: 12 mins, 22 secs. Auto Shutoff: 0.95227
21.4969% complete. Max time remaining: 12 mins, 12 secs. Auto Shutoff: 0.450688
22.5102% complete. Max time remaining: 12 mins, 2 secs. Auto Shutoff: 0.0398715
23.5235% complete. Max time remaining: 11 mins, 53 secs. Auto Shutoff: 0.00117236
24.5368% complete. Max time remaining: 11 mins, 43 secs. Auto Shutoff: 2.31127e-05
100% complete. Max time remaining: 0 mins, 0 secs. Auto Shutoff: 6.00989e-06
Early termination of simulation, the autoshutoff criteria are satisfied.
Completed 5442 iterations, or 2.461825e-13s of Simulation Time
Process 0 starting to collect data
    collecting monitor data
    collecting source data
Using frequency dependent profile
Finished collecting data
left is a duplicate key.
bottom is a duplicate key.
z1 is a duplicate key.
z2 is a duplicate key.
Nx is a duplicate key.
Ny is a duplicate key.
Nz is a duplicate key.
left is a duplicate key.
bottom is a duplicate key.
z1 is a duplicate key.
z2 is a duplicate key.
Nx is a duplicate key.
Ny is a duplicate key.
Nz is a duplicate key.
left is a duplicate key.
bottom is a duplicate key.
z1 is a duplicate key.
z2 is a duplicate key.
Nx is a duplicate key.
Ny is a duplicate key.
Nz is a duplicate key.
left is a duplicate key.
bottom is a duplicate key.
z1 is a duplicate key.
z2 is a duplicate key.
Nx is a duplicate key.
Ny is a duplicate key.
Nz is a duplicate key.
Simulation completed successfully at: qui set 1 06:05:44 2022
Overall wall time measurements in seconds: 235.794
    time to mesh and initialize: 4.94119
    time to run FDTD simulation: 229.476
    time to checkpoint simulation: 1e-06
    time to finalize data and save to files: 0.105125
    miscellaneous time: 1.27132
    FDTD solver speed on process 0: 47.3926 Mnodes/s
    total FDTD solver speed on 4 processes: 189.57 Mnodes/s
