Ansys Lumerical 2022 R1.4 FDTD Solver Version 8.27.3044 (Linux 64bit)
 expires (month/day/year): 5/2/2023
using config file: Ansys Licensing set with ANSYSLMD_LICENSE_FILE
license host: 1055@10.75.13.24
current time: qua ago 31 18:34:15 2022
Running on host: fotonica04-To-be-filled-by-O-E-M
host available memory (GB): 28.824261
All processes are communicating and ready to proceed to simulation...
Running fsp file: /opt/lumerical/v221/bin/fdtd-engine-mpich2nem -t 1 -remote -hide -shared-solve-license QU5TWVNDTF9DT05URVhUX0RBVEE9PEFOU1lTQ0xfQ09OVEVYVF9EQVRBPjxJRD5iZGJiNzJmMy1kNWMwLTRkOGYtODkyOC02NTFlYTY4ODQ1YTI8L0lEPjxUWVBFPkFQUF9ERUZJTkVEPC9UWVBFPjxOQU1FPmx1bV9zdGFuZGFyZF9zb2x2ZV9zaGFyZTwvTkFNRT48SEFORExFUj40NjQxN0Bmb3RvbmljYTA0LVRvLWJlLWZpbGxlZC1ieS1PLUUtTTwvSEFORExFUj48L0FOU1lTQ0xfQ09OVEVYVF9EQVRBPgpBTlNZU19DT05URVhUX0lEPWJkYmI3MmYzLWQ1YzAtNGQ4Zi04OTI4LTY1MWVhNjg4NDVhMgpBTlNZU19DT05URVhUX1NFUlZFUj00NjQxN0Bmb3RvbmljYTA0LVRvLWJlLWZpbGxlZC1ieS1PLUUtTQo= /home/trainner/Documentos/Vh/photonics-ring-resonator/anel_lumerical_LcGap_sweep/LcGap_sweep_10.fsp
Starting meshing
Simulation size in gridpoints: 1 x 72 x 28
Refined 0 mesh cells (0%)
Completed meshing!
Meshing complete in 0.001625 seconds of CPU time
Starting meshing
Simulation size in gridpoints: 1 x 72 x 28
Refined 0 mesh cells (0%)
Completed meshing!
Meshing complete in 0.001037 seconds of CPU time
Starting meshing
Simulation size in gridpoints: 1 x 72 x 28
Refined 0 mesh cells (0%)
Completed meshing!
Meshing complete in 0.001476 seconds of CPU time
Starting meshing
Simulation size in gridpoints: 1 x 72 x 28
Refined 0 mesh cells (0%)
Completed meshing!
Meshing complete in 0.002152 seconds of CPU time
Starting meshing
Simulation size in gridpoints: 1 x 72 x 28
Refined 0 mesh cells (0%)
Completed meshing!
Meshing complete in 0.001728 seconds of CPU time
Starting meshing
Simulation size in gridpoints: 1 x 72 x 28
Refined 0 mesh cells (0%)
Completed meshing!
Meshing complete in 0.002792 seconds of CPU time
left is a duplicate key.
bottom is a duplicate key.
z1 is a duplicate key.
z2 is a duplicate key.
Nx is a duplicate key.
Ny is a duplicate key.
Nz is a duplicate key.
Starting meshing
Simulation size in gridpoints: 1 x 72 x 28
Refined 0 mesh cells (0%)
Completed meshing!
Meshing complete in 0.002156 seconds of CPU time
Starting meshing
Simulation size in gridpoints: 1 x 72 x 28
Refined 0 mesh cells (0%)
Completed meshing!
Meshing complete in 0.001666 seconds of CPU time
Starting meshing
Simulation size in gridpoints: 1 x 72 x 28
Refined 0 mesh cells (0%)
Completed meshing!
Meshing complete in 0.002749 seconds of CPU time
left is a duplicate key.
bottom is a duplicate key.
z1 is a duplicate key.
z2 is a duplicate key.
Nx is a duplicate key.
Ny is a duplicate key.
Nz is a duplicate key.
Starting meshing
Simulation size in gridpoints: 86 x 1 x 28
Refined 0 mesh cells (0%)
Completed meshing!
Meshing complete in 0.001424 seconds of CPU time
Starting meshing
Simulation size in gridpoints: 86 x 1 x 28
Refined 0 mesh cells (0%)
Completed meshing!
Meshing complete in 0.001316 seconds of CPU time
Starting meshing
Simulation size in gridpoints: 86 x 1 x 28
Refined 0 mesh cells (0%)
Completed meshing!
Meshing complete in 0.001326 seconds of CPU time
left is a duplicate key.
bottom is a duplicate key.
z1 is a duplicate key.
z2 is a duplicate key.
Nx is a duplicate key.
Ny is a duplicate key.
Nz is a duplicate key.
Starting meshing
Simulation size in gridpoints: 86 x 1 x 28
Refined 0 mesh cells (0%)
Completed meshing!
Meshing complete in 0.00086 seconds of CPU time
Starting meshing
Simulation size in gridpoints: 86 x 1 x 28
Refined 0 mesh cells (0%)
Completed meshing!
Meshing complete in 0.000766 seconds of CPU time
Starting meshing
Simulation size in gridpoints: 86 x 1 x 28
Refined 0 mesh cells (0%)
Completed meshing!
Meshing complete in 0.000756 seconds of CPU time
left is a duplicate key.
bottom is a duplicate key.
z1 is a duplicate key.
z2 is a duplicate key.
Nx is a duplicate key.
Ny is a duplicate key.
Nz is a duplicate key.
number of processors is 4
processors are distributed as: 4x1x1
Running 3D Simulation
Starting meshing
Simulation size in gridpoints: 162 x 250 x 48
Refined 0 mesh cells (0%)
Completed meshing!
Meshing complete in 1.39524 seconds of CPU time
0 0
Starting meshing
Simulation size in gridpoints: 162 x 250 x 48
Refined 0 mesh cells (0%)
Completed meshing!
Meshing complete in 1.29674 seconds of CPU time
0 0
Starting meshing
Simulation size in gridpoints: 162 x 250 x 48
Refined 0 mesh cells (0%)
Completed meshing!
Meshing complete in 1.61071 seconds of CPU time
0 0
finished material properties
Meshing Time: 3.08777 seconds, Init Electrical Material Time: 0.170011 seconds, Init Magnetic Material Time: 0.005749
Using selected optimization level: 2
Selecting 3d kernel for splitFieldDirection=0 and optLevel=2
-----------------------------------------
Beginning initialization of 3D Simulation
Starting to add sources to simulation
Adding 3D Mode source propagating in X
Using frequency dependent profile
Starting to add boundary conditions to simulation
Adding 3D PML BC
Adding 3D Parallel BC
Adding 3D PML BC
Adding 3D PML BC
Adding 3D PML BC
Adding 3D PML BC
Starting to add monitors to Simulation
Adding analysis monitor
Adding 3D DFT monitor
Adding 3D DFT monitor
Adding 3D DFT monitor
Adding 3D DFT monitor
Finished initialization of 3D Simulation
-----------------------------------------
All processes are communicating and ready to proceed to simulation...
Starting 22106 total iterations
0.21714% complete. Max time remaining: 15 mins, 8 secs. Auto Shutoff: 1
1.23046% complete. Max time remaining: 15 mins, 12 secs. Auto Shutoff: 1
2.24378% complete. Max time remaining: 15 mins, 2 secs. Auto Shutoff: 1
3.2571% complete. Max time remaining: 14 mins, 52 secs. Auto Shutoff: 1
4.27042% complete. Max time remaining: 14 mins, 44 secs. Auto Shutoff: 1
5.28374% complete. Max time remaining: 14 mins, 37 secs. Auto Shutoff: 1
6.29706% complete. Max time remaining: 14 mins, 25 secs. Auto Shutoff: 1
7.31038% complete. Max time remaining: 14 mins, 14 secs. Auto Shutoff: 0.957285
8.3237% complete. Max time remaining: 14 mins, 4 secs. Auto Shutoff: 0.956711
9.33702% complete. Max time remaining: 13 mins, 54 secs. Auto Shutoff: 0.95667
10.3503% complete. Max time remaining: 13 mins, 44 secs. Auto Shutoff: 0.956938
11.3637% complete. Max time remaining: 13 mins, 34 secs. Auto Shutoff: 0.987727
12.377% complete. Max time remaining: 13 mins, 24 secs. Auto Shutoff: 0.957314
13.3903% complete. Max time remaining: 13 mins, 14 secs. Auto Shutoff: 0.956577
14.4036% complete. Max time remaining: 13 mins, 5 secs. Auto Shutoff: 0.956578
15.4169% complete. Max time remaining: 12 mins, 55 secs. Auto Shutoff: 0.956623
16.4303% complete. Max time remaining: 12 mins, 45 secs. Auto Shutoff: 0.984493
17.4436% complete. Max time remaining: 12 mins, 36 secs. Auto Shutoff: 0.960071
18.4569% complete. Max time remaining: 12 mins, 26 secs. Auto Shutoff: 0.955929
19.4702% complete. Max time remaining: 12 mins, 17 secs. Auto Shutoff: 0.95559
20.4835% complete. Max time remaining: 12 mins, 7 secs. Auto Shutoff: 0.953026
21.4969% complete. Max time remaining: 11 mins, 58 secs. Auto Shutoff: 0.49469
22.5102% complete. Max time remaining: 11 mins, 48 secs. Auto Shutoff: 0.0575804
23.5235% complete. Max time remaining: 11 mins, 39 secs. Auto Shutoff: 0.00553487
24.5368% complete. Max time remaining: 11 mins, 30 secs. Auto Shutoff: 0.000303755
100% complete. Max time remaining: 0 mins, 0 secs. Auto Shutoff: 8.68676e-06
Early termination of simulation, the autoshutoff criteria are satisfied.
Completed 5543 iterations, or 2.507515e-13s of Simulation Time
Process 0 starting to collect data
    collecting monitor data
    collecting source data
Using frequency dependent profile
Finished collecting data
left is a duplicate key.
bottom is a duplicate key.
z1 is a duplicate key.
z2 is a duplicate key.
Nx is a duplicate key.
Ny is a duplicate key.
Nz is a duplicate key.
left is a duplicate key.
bottom is a duplicate key.
z1 is a duplicate key.
z2 is a duplicate key.
Nx is a duplicate key.
Ny is a duplicate key.
Nz is a duplicate key.
left is a duplicate key.
bottom is a duplicate key.
z1 is a duplicate key.
z2 is a duplicate key.
Nx is a duplicate key.
Ny is a duplicate key.
Nz is a duplicate key.
left is a duplicate key.
bottom is a duplicate key.
z1 is a duplicate key.
z2 is a duplicate key.
Nx is a duplicate key.
Ny is a duplicate key.
Nz is a duplicate key.
Simulation completed successfully at: qua ago 31 18:38:11 2022
Overall wall time measurements in seconds: 235.994
    time to mesh and initialize: 4.94636
    time to run FDTD simulation: 229.24
    time to checkpoint simulation: 1e-06
    time to finalize data and save to files: 0.116269
    miscellaneous time: 1.69094
    FDTD solver speed on process 0: 47.0056 Mnodes/s
    total FDTD solver speed on 4 processes: 188.023 Mnodes/s
