Ansys Lumerical 2022 R1.4 FDTD Solver Version 8.27.3044 (Linux 64bit)
 expires (month/day/year): 5/2/2023
using config file: Ansys Licensing set with ANSYSLMD_LICENSE_FILE
license host: 1055@10.75.13.24
current time: qua ago 31 11:47:04 2022
Running on host: fotonica04-To-be-filled-by-O-E-M
host available memory (GB): 29.684343
All processes are communicating and ready to proceed to simulation...
Running fsp file: /opt/lumerical/v221/bin/fdtd-engine-mpich2nem -t 1 -remote -hide -shared-solve-license QU5TWVNDTF9DT05URVhUX0RBVEE9PEFOU1lTQ0xfQ09OVEVYVF9EQVRBPjxJRD41MGUzYmJhYi03YTgzLTRhNjQtOGViNi04ODI0MWMxZmFhZjc8L0lEPjxUWVBFPkFQUF9ERUZJTkVEPC9UWVBFPjxOQU1FPmx1bV9zdGFuZGFyZF9zb2x2ZV9zaGFyZTwvTkFNRT48SEFORExFUj40NjQxN0Bmb3RvbmljYTA0LVRvLWJlLWZpbGxlZC1ieS1PLUUtTTwvSEFORExFUj48L0FOU1lTQ0xfQ09OVEVYVF9EQVRBPgpBTlNZU19DT05URVhUX0lEPTUwZTNiYmFiLTdhODMtNGE2NC04ZWI2LTg4MjQxYzFmYWFmNwpBTlNZU19DT05URVhUX1NFUlZFUj00NjQxN0Bmb3RvbmljYTA0LVRvLWJlLWZpbGxlZC1ieS1PLUUtTQo= /home/trainner/Documentos/Vh/photonics-ring-resonator/anel_lumerical_Mesh_sweep/Mesh_sweep_3.fsp
Starting meshing
Simulation size in gridpoints: 1 x 66 x 28
Refined 0 mesh cells (0%)
Completed meshing!
Meshing complete in 0.001902 seconds of CPU time
Starting meshing
Simulation size in gridpoints: 1 x 66 x 28
Refined 0 mesh cells (0%)
Completed meshing!
Meshing complete in 0.001116 seconds of CPU time
Starting meshing
Simulation size in gridpoints: 1 x 66 x 28
Refined 0 mesh cells (0%)
Completed meshing!
Meshing complete in 0.001516 seconds of CPU time
Starting meshing
Simulation size in gridpoints: 1 x 66 x 28
Refined 0 mesh cells (0%)
Completed meshing!
Meshing complete in 0.001146 seconds of CPU time
Starting meshing
Simulation size in gridpoints: 1 x 66 x 28
Refined 0 mesh cells (0%)
Completed meshing!
Meshing complete in 0.001048 seconds of CPU time
Starting meshing
Simulation size in gridpoints: 1 x 66 x 28
Refined 0 mesh cells (0%)
Completed meshing!
Meshing complete in 0.001379 seconds of CPU time
left is a duplicate key.
bottom is a duplicate key.
z1 is a duplicate key.
z2 is a duplicate key.
Nx is a duplicate key.
Ny is a duplicate key.
Nz is a duplicate key.
Starting meshing
Simulation size in gridpoints: 1 x 66 x 28
Refined 0 mesh cells (0%)
Completed meshing!
Meshing complete in 0.001266 seconds of CPU time
Starting meshing
Simulation size in gridpoints: 1 x 66 x 28
Refined 0 mesh cells (0%)
Completed meshing!
Meshing complete in 0.001075 seconds of CPU time
Starting meshing
Simulation size in gridpoints: 1 x 66 x 28
Refined 0 mesh cells (0%)
Completed meshing!
Meshing complete in 0.001352 seconds of CPU time
left is a duplicate key.
bottom is a duplicate key.
z1 is a duplicate key.
z2 is a duplicate key.
Nx is a duplicate key.
Ny is a duplicate key.
Nz is a duplicate key.
Starting meshing
Simulation size in gridpoints: 86 x 1 x 28
Refined 0 mesh cells (0%)
Completed meshing!
Meshing complete in 0.000918 seconds of CPU time
Starting meshing
Simulation size in gridpoints: 86 x 1 x 28
Refined 0 mesh cells (0%)
Completed meshing!
Meshing complete in 0.000766 seconds of CPU time
Starting meshing
Simulation size in gridpoints: 86 x 1 x 28
Refined 0 mesh cells (0%)
Completed meshing!
Meshing complete in 0.000859 seconds of CPU time
left is a duplicate key.
bottom is a duplicate key.
z1 is a duplicate key.
z2 is a duplicate key.
Nx is a duplicate key.
Ny is a duplicate key.
Nz is a duplicate key.
Starting meshing
Simulation size in gridpoints: 86 x 1 x 28
Refined 0 mesh cells (0%)
Completed meshing!
Meshing complete in 0.000855 seconds of CPU time
Starting meshing
Simulation size in gridpoints: 86 x 1 x 28
Refined 0 mesh cells (0%)
Completed meshing!
Meshing complete in 0.000775 seconds of CPU time
Starting meshing
Simulation size in gridpoints: 86 x 1 x 28
Refined 0 mesh cells (0%)
Completed meshing!
Meshing complete in 0.000765 seconds of CPU time
left is a duplicate key.
bottom is a duplicate key.
z1 is a duplicate key.
z2 is a duplicate key.
Nx is a duplicate key.
Ny is a duplicate key.
Nz is a duplicate key.
number of processors is 4
processors are distributed as: 2x2x1
Running 3D Simulation
Starting meshing
Simulation size in gridpoints: 218 x 123 x 48
Refined 0 mesh cells (0%)
Completed meshing!
Meshing complete in 0.618336 seconds of CPU time
0 0
Starting meshing
Simulation size in gridpoints: 218 x 123 x 48
Refined 0 mesh cells (0%)
Completed meshing!
Meshing complete in 0.646829 seconds of CPU time
0 0
Starting meshing
Simulation size in gridpoints: 218 x 123 x 48
Refined 0 mesh cells (0%)
Completed meshing!
Meshing complete in 0.670501 seconds of CPU time
0 0
finished material properties
Meshing Time: 1.34006 seconds, Init Electrical Material Time: 0.111788 seconds, Init Magnetic Material Time: 0.0038
Using selected optimization level: 2
Selecting 3d kernel for splitFieldDirection=0 and optLevel=2
-----------------------------------------
Beginning initialization of 3D Simulation
Starting to add sources to simulation
Adding 3D Mode source propagating in X
Using frequency dependent profile
Starting to add boundary conditions to simulation
Adding 3D PML BC
Adding 3D Parallel BC
Adding 3D PML BC
Adding 3D Parallel BC
Adding 3D PML BC
Adding 3D PML BC
Starting to add monitors to Simulation
Adding analysis monitor
Adding 3D DFT monitor
Adding 3D DFT monitor
Adding 3D DFT monitor
Adding 3D DFT monitor
Finished initialization of 3D Simulation
-----------------------------------------
All processes are communicating and ready to proceed to simulation...
Starting 22106 total iterations
0.21714% complete. Max time remaining: 9 mins, 25 secs. Auto Shutoff: 1
1.37522% complete. Max time remaining: 9 mins, 25 secs. Auto Shutoff: 1
2.5333% complete. Max time remaining: 9 mins, 30 secs. Auto Shutoff: 1
3.69138% complete. Max time remaining: 9 mins, 28 secs. Auto Shutoff: 1
4.84946% complete. Max time remaining: 9 mins, 22 secs. Auto Shutoff: 1
6.00754% complete. Max time remaining: 9 mins, 12 secs. Auto Shutoff: 1
7.16562% complete. Max time remaining: 9 mins, 2 secs. Auto Shutoff: 0.996605
8.3237% complete. Max time remaining: 8 mins, 53 secs. Auto Shutoff: 1.06182
9.48178% complete. Max time remaining: 8 mins, 45 secs. Auto Shutoff: 0.999848
10.6399% complete. Max time remaining: 8 mins, 37 secs. Auto Shutoff: 0.996123
11.7979% complete. Max time remaining: 8 mins, 29 secs. Auto Shutoff: 0.996096
12.956% complete. Max time remaining: 8 mins, 22 secs. Auto Shutoff: 0.996211
14.1141% complete. Max time remaining: 8 mins, 14 secs. Auto Shutoff: 0.993176
15.2722% complete. Max time remaining: 8 mins, 7 secs. Auto Shutoff: 0.718839
16.4303% complete. Max time remaining: 8 mins, 0 secs. Auto Shutoff: 0.029011
17.5883% complete. Max time remaining: 7 mins, 53 secs. Auto Shutoff: 0.00180105
18.6786% complete. Max time remaining: 7 mins, 46 secs. Auto Shutoff: 5.47897e-06
100% complete. Max time remaining: 0 mins, 0 secs. Auto Shutoff: 5.47897e-06
Early termination of simulation, the autoshutoff criteria are satisfied.
Completed 4129 iterations, or 1.867857e-13s of Simulation Time
Process 0 starting to collect data
    collecting monitor data
    collecting source data
Using frequency dependent profile
Finished collecting data
left is a duplicate key.
bottom is a duplicate key.
z1 is a duplicate key.
z2 is a duplicate key.
Nx is a duplicate key.
Ny is a duplicate key.
Nz is a duplicate key.
left is a duplicate key.
bottom is a duplicate key.
z1 is a duplicate key.
z2 is a duplicate key.
Nx is a duplicate key.
Ny is a duplicate key.
Nz is a duplicate key.
left is a duplicate key.
bottom is a duplicate key.
z1 is a duplicate key.
z2 is a duplicate key.
Nx is a duplicate key.
Ny is a duplicate key.
Nz is a duplicate key.
left is a duplicate key.
bottom is a duplicate key.
z1 is a duplicate key.
z2 is a duplicate key.
Nx is a duplicate key.
Ny is a duplicate key.
Nz is a duplicate key.
Simulation completed successfully at: qua ago 31 11:48:56 2022
Overall wall time measurements in seconds: 112.419
    time to mesh and initialize: 4.33339
    time to run FDTD simulation: 107.205
    time to checkpoint simulation: 1e-06
    time to finalize data and save to files: 0.116163
    miscellaneous time: 0.764336
    FDTD solver speed on process 0: 49.5717 Mnodes/s
    total FDTD solver speed on 4 processes: 198.287 Mnodes/s
