Ansys Lumerical 2022 R1.4 FDTD Solver Version 8.27.3044 (Linux 64bit)
 expires (month/day/year): 5/2/2023
using config file: Ansys Licensing set with ANSYSLMD_LICENSE_FILE
license host: 1055@10.75.13.24
current time: qua ago 31 11:45:46 2022
Running on host: fotonica04-To-be-filled-by-O-E-M
host available memory (GB): 29.688558
All processes are communicating and ready to proceed to simulation...
Running fsp file: /opt/lumerical/v221/bin/fdtd-engine-mpich2nem -t 1 -remote -hide -shared-solve-license QU5TWVNDTF9DT05URVhUX0RBVEE9PEFOU1lTQ0xfQ09OVEVYVF9EQVRBPjxJRD41MGUzYmJhYi03YTgzLTRhNjQtOGViNi04ODI0MWMxZmFhZjc8L0lEPjxUWVBFPkFQUF9ERUZJTkVEPC9UWVBFPjxOQU1FPmx1bV9zdGFuZGFyZF9zb2x2ZV9zaGFyZTwvTkFNRT48SEFORExFUj40NjQxN0Bmb3RvbmljYTA0LVRvLWJlLWZpbGxlZC1ieS1PLUUtTTwvSEFORExFUj48L0FOU1lTQ0xfQ09OVEVYVF9EQVRBPgpBTlNZU19DT05URVhUX0lEPTUwZTNiYmFiLTdhODMtNGE2NC04ZWI2LTg4MjQxYzFmYWFmNwpBTlNZU19DT05URVhUX1NFUlZFUj00NjQxN0Bmb3RvbmljYTA0LVRvLWJlLWZpbGxlZC1ieS1PLUUtTQo= /home/trainner/Documentos/Vh/photonics-ring-resonator/anel_lumerical_Mesh_sweep/Mesh_sweep_1.fsp
Starting meshing
Simulation size in gridpoints: 1 x 39 x 18
Refined 0 mesh cells (0%)
Completed meshing!
Meshing complete in 0.001407 seconds of CPU time
Starting meshing
Simulation size in gridpoints: 1 x 39 x 18
Refined 0 mesh cells (0%)
Completed meshing!
Meshing complete in 0.001193 seconds of CPU time
Starting meshing
Simulation size in gridpoints: 1 x 39 x 18
Refined 0 mesh cells (0%)
Completed meshing!
Meshing complete in 0.001627 seconds of CPU time
Starting meshing
Simulation size in gridpoints: 1 x 39 x 18
Refined 0 mesh cells (0%)
Completed meshing!
Meshing complete in 0.00124 seconds of CPU time
Starting meshing
Simulation size in gridpoints: 1 x 39 x 18
Refined 0 mesh cells (0%)
Completed meshing!
Meshing complete in 0.001149 seconds of CPU time
Starting meshing
Simulation size in gridpoints: 1 x 39 x 18
Refined 0 mesh cells (0%)
Completed meshing!
Meshing complete in 0.001541 seconds of CPU time
left is a duplicate key.
bottom is a duplicate key.
z1 is a duplicate key.
z2 is a duplicate key.
Nx is a duplicate key.
Ny is a duplicate key.
Nz is a duplicate key.
Starting meshing
Simulation size in gridpoints: 1 x 39 x 18
Refined 0 mesh cells (0%)
Completed meshing!
Meshing complete in 0.001273 seconds of CPU time
Starting meshing
Simulation size in gridpoints: 1 x 39 x 18
Refined 0 mesh cells (0%)
Completed meshing!
Meshing complete in 0.00114 seconds of CPU time
Starting meshing
Simulation size in gridpoints: 1 x 39 x 18
Refined 0 mesh cells (0%)
Completed meshing!
Meshing complete in 0.001531 seconds of CPU time
left is a duplicate key.
bottom is a duplicate key.
z1 is a duplicate key.
z2 is a duplicate key.
Nx is a duplicate key.
Ny is a duplicate key.
Nz is a duplicate key.
Starting meshing
Simulation size in gridpoints: 49 x 1 x 18
Refined 0 mesh cells (0%)
Completed meshing!
Meshing complete in 0.001024 seconds of CPU time
Starting meshing
Simulation size in gridpoints: 49 x 1 x 18
Refined 0 mesh cells (0%)
Completed meshing!
Meshing complete in 0.000915 seconds of CPU time
Starting meshing
Simulation size in gridpoints: 49 x 1 x 18
Refined 0 mesh cells (0%)
Completed meshing!
Meshing complete in 0.000863 seconds of CPU time
left is a duplicate key.
bottom is a duplicate key.
z1 is a duplicate key.
z2 is a duplicate key.
Nx is a duplicate key.
Ny is a duplicate key.
Nz is a duplicate key.
Starting meshing
Simulation size in gridpoints: 49 x 1 x 18
Refined 0 mesh cells (0%)
Completed meshing!
Meshing complete in 0.001015 seconds of CPU time
Starting meshing
Simulation size in gridpoints: 49 x 1 x 18
Refined 0 mesh cells (0%)
Completed meshing!
Meshing complete in 0.000881 seconds of CPU time
Starting meshing
Simulation size in gridpoints: 49 x 1 x 18
Refined 0 mesh cells (0%)
Completed meshing!
Meshing complete in 0.000859 seconds of CPU time
left is a duplicate key.
bottom is a duplicate key.
z1 is a duplicate key.
z2 is a duplicate key.
Nx is a duplicate key.
Ny is a duplicate key.
Nz is a duplicate key.
number of processors is 4
processors are distributed as: 2x2x1
Running 3D Simulation
Starting meshing
Simulation size in gridpoints: 126 x 73 x 36
Refined 0 mesh cells (0%)
Completed meshing!
Meshing complete in 0.368969 seconds of CPU time
0 0
Starting meshing
Simulation size in gridpoints: 126 x 73 x 36
Refined 0 mesh cells (0%)
Completed meshing!
Meshing complete in 0.281173 seconds of CPU time
0 0
Starting meshing
Simulation size in gridpoints: 126 x 73 x 36
Refined 0 mesh cells (0%)
Completed meshing!
Meshing complete in 0.376458 seconds of CPU time
0 0
finished material properties
Meshing Time: 0.755721 seconds, Init Electrical Material Time: 0.0346 seconds, Init Magnetic Material Time: 0.000979
Using selected optimization level: 2
Selecting 3d kernel for splitFieldDirection=0 and optLevel=2
-----------------------------------------
Beginning initialization of 3D Simulation
Starting to add sources to simulation
Adding 3D Mode source propagating in X
Using frequency dependent profile
Starting to add boundary conditions to simulation
Adding 3D PML BC
Adding 3D Parallel BC
Adding 3D PML BC
Adding 3D Parallel BC
Adding 3D PML BC
Adding 3D PML BC
Starting to add monitors to Simulation
Adding analysis monitor
Adding 3D DFT monitor
Adding 3D DFT monitor
Adding 3D DFT monitor
Adding 3D DFT monitor
Finished initialization of 3D Simulation
-----------------------------------------
All processes are communicating and ready to proceed to simulation...
Starting 12450 total iterations
0.385534% complete. Max time remaining: 1 min, 31 secs. Auto Shutoff: 1
1.92767% complete. Max time remaining: 1 min, 33 secs. Auto Shutoff: 1
3.98385% complete. Max time remaining: 1 min, 33 secs. Auto Shutoff: 1
5.01194% complete. Max time remaining: 1 min, 32 secs. Auto Shutoff: 1
6.04003% complete. Max time remaining: 1 min, 31 secs. Auto Shutoff: 1
8.09621% complete. Max time remaining: 1 min, 27 secs. Auto Shutoff: 0.998508
10.1524% complete. Max time remaining: 1 min, 24 secs. Auto Shutoff: 0.995588
12.2086% complete. Max time remaining: 1 min, 22 secs. Auto Shutoff: 0.995182
14.2647% complete. Max time remaining: 1 min, 20 secs. Auto Shutoff: 0.994363
16.3209% complete. Max time remaining: 1 min, 18 secs. Auto Shutoff: 0.51999
18.3771% complete. Max time remaining: 1 min, 16 secs. Auto Shutoff: 0.000314437
19.6702% complete. Max time remaining: 1 min, 14 secs. Auto Shutoff: 2.23779e-06
100% complete. Max time remaining: 0 mins, 0 secs. Auto Shutoff: 2.23779e-06
Early termination of simulation, the autoshutoff criteria are satisfied.
Completed 2449 iterations, or 1.967025e-13s of Simulation Time
Process 0 starting to collect data
    collecting monitor data
    collecting source data
Using frequency dependent profile
Finished collecting data
left is a duplicate key.
bottom is a duplicate key.
z1 is a duplicate key.
z2 is a duplicate key.
Nx is a duplicate key.
Ny is a duplicate key.
Nz is a duplicate key.
left is a duplicate key.
bottom is a duplicate key.
z1 is a duplicate key.
z2 is a duplicate key.
Nx is a duplicate key.
Ny is a duplicate key.
Nz is a duplicate key.
left is a duplicate key.
bottom is a duplicate key.
z1 is a duplicate key.
z2 is a duplicate key.
Nx is a duplicate key.
Ny is a duplicate key.
Nz is a duplicate key.
left is a duplicate key.
bottom is a duplicate key.
z1 is a duplicate key.
z2 is a duplicate key.
Nx is a duplicate key.
Ny is a duplicate key.
Nz is a duplicate key.
Simulation completed successfully at: qua ago 31 11:46:07 2022
Overall wall time measurements in seconds: 21.1431
    time to mesh and initialize: 1.7133
    time to run FDTD simulation: 18.2099
    time to checkpoint simulation: 3e-06
    time to finalize data and save to files: 0.060746
    miscellaneous time: 1.15918
    FDTD solver speed on process 0: 44.5326 Mnodes/s
    total FDTD solver speed on 4 processes: 178.13 Mnodes/s
