Ansys Lumerical 2022 R1.4 FDTD Solver Version 8.27.3044 (Linux 64bit)
 expires (month/day/year): 5/2/2023
using config file: Ansys Licensing set with ANSYSLMD_LICENSE_FILE
license host: 1055@10.75.13.24
current time: qua ago 31 11:46:09 2022
Running on host: fotonica04-To-be-filled-by-O-E-M
host available memory (GB): 29.688619
All processes are communicating and ready to proceed to simulation...
Running fsp file: /opt/lumerical/v221/bin/fdtd-engine-mpich2nem -t 1 -remote -hide -shared-solve-license QU5TWVNDTF9DT05URVhUX0RBVEE9PEFOU1lTQ0xfQ09OVEVYVF9EQVRBPjxJRD41MGUzYmJhYi03YTgzLTRhNjQtOGViNi04ODI0MWMxZmFhZjc8L0lEPjxUWVBFPkFQUF9ERUZJTkVEPC9UWVBFPjxOQU1FPmx1bV9zdGFuZGFyZF9zb2x2ZV9zaGFyZTwvTkFNRT48SEFORExFUj40NjQxN0Bmb3RvbmljYTA0LVRvLWJlLWZpbGxlZC1ieS1PLUUtTTwvSEFORExFUj48L0FOU1lTQ0xfQ09OVEVYVF9EQVRBPgpBTlNZU19DT05URVhUX0lEPTUwZTNiYmFiLTdhODMtNGE2NC04ZWI2LTg4MjQxYzFmYWFmNwpBTlNZU19DT05URVhUX1NFUlZFUj00NjQxN0Bmb3RvbmljYTA0LVRvLWJlLWZpbGxlZC1ieS1PLUUtTQo= /home/trainner/Documentos/Vh/photonics-ring-resonator/anel_lumerical_Mesh_sweep/Mesh_sweep_2.fsp
Starting meshing
Simulation size in gridpoints: 1 x 54 x 22
Refined 0 mesh cells (0%)
Completed meshing!
Meshing complete in 0.00111 seconds of CPU time
Starting meshing
Simulation size in gridpoints: 1 x 54 x 22
Refined 0 mesh cells (0%)
Completed meshing!
Meshing complete in 0.000843 seconds of CPU time
Starting meshing
Simulation size in gridpoints: 1 x 54 x 22
Refined 0 mesh cells (0%)
Completed meshing!
Meshing complete in 0.001489 seconds of CPU time
Starting meshing
Simulation size in gridpoints: 1 x 54 x 22
Refined 0 mesh cells (0%)
Completed meshing!
Meshing complete in 0.00098 seconds of CPU time
Starting meshing
Simulation size in gridpoints: 1 x 54 x 22
Refined 0 mesh cells (0%)
Completed meshing!
Meshing complete in 0.000777 seconds of CPU time
Starting meshing
Simulation size in gridpoints: 1 x 54 x 22
Refined 0 mesh cells (0%)
Completed meshing!
Meshing complete in 0.001359 seconds of CPU time
left is a duplicate key.
bottom is a duplicate key.
z1 is a duplicate key.
z2 is a duplicate key.
Nx is a duplicate key.
Ny is a duplicate key.
Nz is a duplicate key.
Starting meshing
Simulation size in gridpoints: 1 x 54 x 22
Refined 0 mesh cells (0%)
Completed meshing!
Meshing complete in 0.000951 seconds of CPU time
Starting meshing
Simulation size in gridpoints: 1 x 54 x 22
Refined 0 mesh cells (0%)
Completed meshing!
Meshing complete in 0.000767 seconds of CPU time
Starting meshing
Simulation size in gridpoints: 1 x 54 x 22
Refined 0 mesh cells (0%)
Completed meshing!
Meshing complete in 0.001187 seconds of CPU time
left is a duplicate key.
bottom is a duplicate key.
z1 is a duplicate key.
z2 is a duplicate key.
Nx is a duplicate key.
Ny is a duplicate key.
Nz is a duplicate key.
Starting meshing
Simulation size in gridpoints: 67 x 1 x 22
Refined 0 mesh cells (0%)
Completed meshing!
Meshing complete in 0.000702 seconds of CPU time
Starting meshing
Simulation size in gridpoints: 67 x 1 x 22
Refined 0 mesh cells (0%)
Completed meshing!
Meshing complete in 0.000649 seconds of CPU time
Starting meshing
Simulation size in gridpoints: 67 x 1 x 22
Refined 0 mesh cells (0%)
Completed meshing!
Meshing complete in 0.000622 seconds of CPU time
left is a duplicate key.
bottom is a duplicate key.
z1 is a duplicate key.
z2 is a duplicate key.
Nx is a duplicate key.
Ny is a duplicate key.
Nz is a duplicate key.
Starting meshing
Simulation size in gridpoints: 67 x 1 x 22
Refined 0 mesh cells (0%)
Completed meshing!
Meshing complete in 0.000705 seconds of CPU time
Starting meshing
Simulation size in gridpoints: 67 x 1 x 22
Refined 0 mesh cells (0%)
Completed meshing!
Meshing complete in 0.0008 seconds of CPU time
Starting meshing
Simulation size in gridpoints: 67 x 1 x 22
Refined 0 mesh cells (0%)
Completed meshing!
Meshing complete in 0.000628 seconds of CPU time
left is a duplicate key.
bottom is a duplicate key.
z1 is a duplicate key.
z2 is a duplicate key.
Nx is a duplicate key.
Ny is a duplicate key.
Nz is a duplicate key.
number of processors is 4
processors are distributed as: 2x2x1
Running 3D Simulation
Starting meshing
Simulation size in gridpoints: 172 x 99 x 42
Refined 0 mesh cells (0%)
Completed meshing!
Meshing complete in 0.507448 seconds of CPU time
0 0
Starting meshing
Simulation size in gridpoints: 172 x 99 x 42
Refined 0 mesh cells (0%)
Completed meshing!
Meshing complete in 0.525698 seconds of CPU time
0 0
Starting meshing
Simulation size in gridpoints: 172 x 99 x 42
Refined 0 mesh cells (0%)
Completed meshing!
Meshing complete in 0.556137 seconds of CPU time
0 0
finished material properties
Meshing Time: 1.09147 seconds, Init Electrical Material Time: 0.067672 seconds, Init Magnetic Material Time: 0.002154
Using selected optimization level: 2
Selecting 3d kernel for splitFieldDirection=0 and optLevel=2
-----------------------------------------
Beginning initialization of 3D Simulation
Starting to add sources to simulation
Adding 3D Mode source propagating in X
Using frequency dependent profile
Starting to add boundary conditions to simulation
Adding 3D PML BC
Adding 3D Parallel BC
Adding 3D PML BC
Adding 3D Parallel BC
Adding 3D PML BC
Adding 3D PML BC
Starting to add monitors to Simulation
Adding analysis monitor
Adding 3D DFT monitor
Adding 3D DFT monitor
Adding 3D DFT monitor
Adding 3D DFT monitor
Finished initialization of 3D Simulation
-----------------------------------------
All processes are communicating and ready to proceed to simulation...
Starting 17517 total iterations
0.274026% complete. Max time remaining: 4 mins, 20 secs. Auto Shutoff: 1
1.37013% complete. Max time remaining: 4 mins, 23 secs. Auto Shutoff: 1
2.46623% complete. Max time remaining: 4 mins, 26 secs. Auto Shutoff: 1
3.56233% complete. Max time remaining: 4 mins, 26 secs. Auto Shutoff: 1
4.65844% complete. Max time remaining: 4 mins, 24 secs. Auto Shutoff: 1
5.75454% complete. Max time remaining: 4 mins, 19 secs. Auto Shutoff: 1
7.21601% complete. Max time remaining: 4 mins, 12 secs. Auto Shutoff: 0.996904
8.67748% complete. Max time remaining: 4 mins, 7 secs. Auto Shutoff: 1.07766
10.139% complete. Max time remaining: 4 mins, 1 secs. Auto Shutoff: 0.996537
11.6004% complete. Max time remaining: 3 mins, 57 secs. Auto Shutoff: 0.996376
13.0619% complete. Max time remaining: 3 mins, 52 secs. Auto Shutoff: 0.99676
14.5234% complete. Max time remaining: 3 mins, 48 secs. Auto Shutoff: 0.995222
15.9848% complete. Max time remaining: 3 mins, 43 secs. Auto Shutoff: 0.309916
17.4463% complete. Max time remaining: 3 mins, 39 secs. Auto Shutoff: 0.00143883
18.9078% complete. Max time remaining: 3 mins, 35 secs. Auto Shutoff: 1.47684e-05
100% complete. Max time remaining: 0 mins, 0 secs. Auto Shutoff: 1.82053e-06
Early termination of simulation, the autoshutoff criteria are satisfied.
Completed 3354 iterations, or 1.914755e-13s of Simulation Time
Process 0 starting to collect data
    collecting monitor data
    collecting source data
Using frequency dependent profile
Finished collecting data
left is a duplicate key.
bottom is a duplicate key.
z1 is a duplicate key.
z2 is a duplicate key.
Nx is a duplicate key.
Ny is a duplicate key.
Nz is a duplicate key.
left is a duplicate key.
bottom is a duplicate key.
z1 is a duplicate key.
z2 is a duplicate key.
Nx is a duplicate key.
Ny is a duplicate key.
Nz is a duplicate key.
left is a duplicate key.
bottom is a duplicate key.
z1 is a duplicate key.
z2 is a duplicate key.
Nx is a duplicate key.
Ny is a duplicate key.
Nz is a duplicate key.
left is a duplicate key.
bottom is a duplicate key.
z1 is a duplicate key.
z2 is a duplicate key.
Nx is a duplicate key.
Ny is a duplicate key.
Nz is a duplicate key.
Simulation completed successfully at: qua ago 31 11:47:03 2022
Overall wall time measurements in seconds: 54.7962
    time to mesh and initialize: 2.96029
    time to run FDTD simulation: 50.7752
    time to checkpoint simulation: 2e-06
    time to finalize data and save to files: 0.078457
    miscellaneous time: 0.982231
    FDTD solver speed on process 0: 47.2416 Mnodes/s
    total FDTD solver speed on 4 processes: 188.966 Mnodes/s
