Ansys Lumerical 2022 R1.4 FDTD Solver Version 8.27.3044 (Linux 64bit)
 expires (month/day/year): 5/2/2023
using config file: Ansys Licensing set with ANSYSLMD_LICENSE_FILE
license host: 1055@10.75.13.24
current time: qua ago 31 11:48:58 2022
Running on host: fotonica04-To-be-filled-by-O-E-M
host available memory (GB): 29.687742
All processes are communicating and ready to proceed to simulation...
Running fsp file: /opt/lumerical/v221/bin/fdtd-engine-mpich2nem -t 1 -remote -hide -shared-solve-license QU5TWVNDTF9DT05URVhUX0RBVEE9PEFOU1lTQ0xfQ09OVEVYVF9EQVRBPjxJRD41MGUzYmJhYi03YTgzLTRhNjQtOGViNi04ODI0MWMxZmFhZjc8L0lEPjxUWVBFPkFQUF9ERUZJTkVEPC9UWVBFPjxOQU1FPmx1bV9zdGFuZGFyZF9zb2x2ZV9zaGFyZTwvTkFNRT48SEFORExFUj40NjQxN0Bmb3RvbmljYTA0LVRvLWJlLWZpbGxlZC1ieS1PLUUtTTwvSEFORExFUj48L0FOU1lTQ0xfQ09OVEVYVF9EQVRBPgpBTlNZU19DT05URVhUX0lEPTUwZTNiYmFiLTdhODMtNGE2NC04ZWI2LTg4MjQxYzFmYWFmNwpBTlNZU19DT05URVhUX1NFUlZFUj00NjQxN0Bmb3RvbmljYTA0LVRvLWJlLWZpbGxlZC1ieS1PLUUtTQo= /home/trainner/Documentos/Vh/photonics-ring-resonator/anel_lumerical_Mesh_sweep/Mesh_sweep_4.fsp
Starting meshing
Simulation size in gridpoints: 1 x 81 x 30
Refined 0 mesh cells (0%)
Completed meshing!
Meshing complete in 0.001457 seconds of CPU time
Starting meshing
Simulation size in gridpoints: 1 x 81 x 30
Refined 0 mesh cells (0%)
Completed meshing!
Meshing complete in 0.001323 seconds of CPU time
Starting meshing
Simulation size in gridpoints: 1 x 81 x 30
Refined 0 mesh cells (0%)
Completed meshing!
Meshing complete in 0.001838 seconds of CPU time
Starting meshing
Simulation size in gridpoints: 1 x 81 x 30
Refined 0 mesh cells (0%)
Completed meshing!
Meshing complete in 0.001311 seconds of CPU time
Starting meshing
Simulation size in gridpoints: 1 x 81 x 30
Refined 0 mesh cells (0%)
Completed meshing!
Meshing complete in 0.001226 seconds of CPU time
Starting meshing
Simulation size in gridpoints: 1 x 81 x 30
Refined 0 mesh cells (0%)
Completed meshing!
Meshing complete in 0.001643 seconds of CPU time
left is a duplicate key.
bottom is a duplicate key.
z1 is a duplicate key.
z2 is a duplicate key.
Nx is a duplicate key.
Ny is a duplicate key.
Nz is a duplicate key.
Starting meshing
Simulation size in gridpoints: 1 x 81 x 30
Refined 0 mesh cells (0%)
Completed meshing!
Meshing complete in 0.001293 seconds of CPU time
Starting meshing
Simulation size in gridpoints: 1 x 81 x 30
Refined 0 mesh cells (0%)
Completed meshing!
Meshing complete in 0.001236 seconds of CPU time
Starting meshing
Simulation size in gridpoints: 1 x 81 x 30
Refined 0 mesh cells (0%)
Completed meshing!
Meshing complete in 0.001612 seconds of CPU time
left is a duplicate key.
bottom is a duplicate key.
z1 is a duplicate key.
z2 is a duplicate key.
Nx is a duplicate key.
Ny is a duplicate key.
Nz is a duplicate key.
Starting meshing
Simulation size in gridpoints: 104 x 1 x 30
Refined 0 mesh cells (0%)
Completed meshing!
Meshing complete in 0.000938 seconds of CPU time
Starting meshing
Simulation size in gridpoints: 104 x 1 x 30
Refined 0 mesh cells (0%)
Completed meshing!
Meshing complete in 0.000885 seconds of CPU time
Starting meshing
Simulation size in gridpoints: 104 x 1 x 30
Refined 0 mesh cells (0%)
Completed meshing!
Meshing complete in 0.000935 seconds of CPU time
left is a duplicate key.
bottom is a duplicate key.
z1 is a duplicate key.
z2 is a duplicate key.
Nx is a duplicate key.
Ny is a duplicate key.
Nz is a duplicate key.
Starting meshing
Simulation size in gridpoints: 104 x 1 x 30
Refined 0 mesh cells (0%)
Completed meshing!
Meshing complete in 0.000949 seconds of CPU time
Starting meshing
Simulation size in gridpoints: 104 x 1 x 30
Refined 0 mesh cells (0%)
Completed meshing!
Meshing complete in 0.00089 seconds of CPU time
Starting meshing
Simulation size in gridpoints: 104 x 1 x 30
Refined 0 mesh cells (0%)
Completed meshing!
Meshing complete in 0.000903 seconds of CPU time
left is a duplicate key.
bottom is a duplicate key.
z1 is a duplicate key.
z2 is a duplicate key.
Nx is a duplicate key.
Ny is a duplicate key.
Nz is a duplicate key.
number of processors is 4
processors are distributed as: 2x2x1
Running 3D Simulation
Starting meshing
Simulation size in gridpoints: 265 x 149 x 52
Refined 0 mesh cells (0%)
Completed meshing!
Meshing complete in 0.967714 seconds of CPU time
0 0
Starting meshing
Simulation size in gridpoints: 265 x 149 x 52
Refined 0 mesh cells (0%)
Completed meshing!
Meshing complete in 0.982818 seconds of CPU time
0 0
Starting meshing
Simulation size in gridpoints: 265 x 149 x 52
Refined 0 mesh cells (0%)
Completed meshing!
Meshing complete in 1.04079 seconds of CPU time
0 0
finished material properties
Meshing Time: 2.08945 seconds, Init Electrical Material Time: 0.179362 seconds, Init Magnetic Material Time: 0.006088
Using selected optimization level: 2
Selecting 3d kernel for splitFieldDirection=0 and optLevel=2
-----------------------------------------
Beginning initialization of 3D Simulation
Starting to add sources to simulation
Adding 3D Mode source propagating in X
Using frequency dependent profile
Starting to add boundary conditions to simulation
Adding 3D PML BC
Adding 3D Parallel BC
Adding 3D PML BC
Adding 3D Parallel BC
Adding 3D PML BC
Adding 3D PML BC
Starting to add monitors to Simulation
Adding analysis monitor
Adding 3D DFT monitor
Adding 3D DFT monitor
Adding 3D DFT monitor
Adding 3D DFT monitor
Finished initialization of 3D Simulation
-----------------------------------------
All processes are communicating and ready to proceed to simulation...
Starting 27345 total iterations
0.175535% complete. Max time remaining: 18 mins, 3 secs. Auto Shutoff: 1
1.22874% complete. Max time remaining: 18 mins, 1 secs. Auto Shutoff: 1
2.28195% complete. Max time remaining: 18 mins, 8 secs. Auto Shutoff: 1
3.33516% complete. Max time remaining: 18 mins, 7 secs. Auto Shutoff: 1
4.38837% complete. Max time remaining: 17 mins, 59 secs. Auto Shutoff: 1
5.44158% complete. Max time remaining: 17 mins, 44 secs. Auto Shutoff: 1
6.49479% complete. Max time remaining: 17 mins, 26 secs. Auto Shutoff: 0.996901
7.548% complete. Max time remaining: 17 mins, 11 secs. Auto Shutoff: 0.997918
8.60121% complete. Max time remaining: 16 mins, 56 secs. Auto Shutoff: 1.0378
9.65442% complete. Max time remaining: 16 mins, 42 secs. Auto Shutoff: 0.996745
10.7076% complete. Max time remaining: 16 mins, 29 secs. Auto Shutoff: 0.996178
11.7608% complete. Max time remaining: 16 mins, 16 secs. Auto Shutoff: 0.996181
12.8141% complete. Max time remaining: 16 mins, 3 secs. Auto Shutoff: 0.996491
13.8673% complete. Max time remaining: 15 mins, 50 secs. Auto Shutoff: 0.995138
14.9205% complete. Max time remaining: 15 mins, 38 secs. Auto Shutoff: 0.859791
15.9737% complete. Max time remaining: 15 mins, 26 secs. Auto Shutoff: 0.131157
17.0269% complete. Max time remaining: 15 mins, 14 secs. Auto Shutoff: 0.00459275
18.0801% complete. Max time remaining: 15 mins, 1 secs. Auto Shutoff: 5.97582e-05
100% complete. Max time remaining: 0 mins, 0 secs. Auto Shutoff: 2.83439e-06
Early termination of simulation, the autoshutoff criteria are satisfied.
Completed 5145 iterations, or 1.881516e-13s of Simulation Time
Process 0 starting to collect data
    collecting monitor data
    collecting source data
Using frequency dependent profile
Finished collecting data
left is a duplicate key.
bottom is a duplicate key.
z1 is a duplicate key.
z2 is a duplicate key.
Nx is a duplicate key.
Ny is a duplicate key.
Nz is a duplicate key.
left is a duplicate key.
bottom is a duplicate key.
z1 is a duplicate key.
z2 is a duplicate key.
Nx is a duplicate key.
Ny is a duplicate key.
Nz is a duplicate key.
left is a duplicate key.
bottom is a duplicate key.
z1 is a duplicate key.
z2 is a duplicate key.
Nx is a duplicate key.
Ny is a duplicate key.
Nz is a duplicate key.
left is a duplicate key.
bottom is a duplicate key.
z1 is a duplicate key.
z2 is a duplicate key.
Nx is a duplicate key.
Ny is a duplicate key.
Nz is a duplicate key.
Simulation completed successfully at: qua ago 31 11:52:32 2022
Overall wall time measurements in seconds: 214.882
    time to mesh and initialize: 6.34584
    time to run FDTD simulation: 206.97
    time to checkpoint simulation: 2e-06
    time to finalize data and save to files: 0.139718
    miscellaneous time: 1.4264
    FDTD solver speed on process 0: 51.0404 Mnodes/s
    total FDTD solver speed on 4 processes: 204.162 Mnodes/s
