Ansys Lumerical 2022 R1.4 FDTD Solver Version 8.27.3044 (Linux 64bit)
 expires (month/day/year): 5/2/2023
using config file: Ansys Licensing set with ANSYSLMD_LICENSE_FILE
license host: 1055@10.75.13.24
current time: qua ago 31 11:52:33 2022
Running on host: fotonica04-To-be-filled-by-O-E-M
host available memory (GB): 29.678993
All processes are communicating and ready to proceed to simulation...
Running fsp file: /opt/lumerical/v221/bin/fdtd-engine-mpich2nem -t 1 -remote -hide -shared-solve-license QU5TWVNDTF9DT05URVhUX0RBVEE9PEFOU1lTQ0xfQ09OVEVYVF9EQVRBPjxJRD41MGUzYmJhYi03YTgzLTRhNjQtOGViNi04ODI0MWMxZmFhZjc8L0lEPjxUWVBFPkFQUF9ERUZJTkVEPC9UWVBFPjxOQU1FPmx1bV9zdGFuZGFyZF9zb2x2ZV9zaGFyZTwvTkFNRT48SEFORExFUj40NjQxN0Bmb3RvbmljYTA0LVRvLWJlLWZpbGxlZC1ieS1PLUUtTTwvSEFORExFUj48L0FOU1lTQ0xfQ09OVEVYVF9EQVRBPgpBTlNZU19DT05URVhUX0lEPTUwZTNiYmFiLTdhODMtNGE2NC04ZWI2LTg4MjQxYzFmYWFmNwpBTlNZU19DT05URVhUX1NFUlZFUj00NjQxN0Bmb3RvbmljYTA0LVRvLWJlLWZpbGxlZC1ieS1PLUUtTQo= /home/trainner/Documentos/Vh/photonics-ring-resonator/anel_lumerical_Mesh_sweep/Mesh_sweep_5.fsp
Starting meshing
Simulation size in gridpoints: 1 x 95 x 36
Refined 0 mesh cells (0%)
Completed meshing!
Meshing complete in 0.001905 seconds of CPU time
Starting meshing
Simulation size in gridpoints: 1 x 95 x 36
Refined 0 mesh cells (0%)
Completed meshing!
Meshing complete in 0.001471 seconds of CPU time
Starting meshing
Simulation size in gridpoints: 1 x 95 x 36
Refined 0 mesh cells (0%)
Completed meshing!
Meshing complete in 0.002471 seconds of CPU time
Starting meshing
Simulation size in gridpoints: 1 x 95 x 36
Refined 0 mesh cells (0%)
Completed meshing!
Meshing complete in 0.001855 seconds of CPU time
Starting meshing
Simulation size in gridpoints: 1 x 95 x 36
Refined 0 mesh cells (0%)
Completed meshing!
Meshing complete in 0.001361 seconds of CPU time
Starting meshing
Simulation size in gridpoints: 1 x 95 x 36
Refined 0 mesh cells (0%)
Completed meshing!
Meshing complete in 0.002101 seconds of CPU time
left is a duplicate key.
bottom is a duplicate key.
z1 is a duplicate key.
z2 is a duplicate key.
Nx is a duplicate key.
Ny is a duplicate key.
Nz is a duplicate key.
Starting meshing
Simulation size in gridpoints: 1 x 95 x 36
Refined 0 mesh cells (0%)
Completed meshing!
Meshing complete in 0.001633 seconds of CPU time
Starting meshing
Simulation size in gridpoints: 1 x 95 x 36
Refined 0 mesh cells (0%)
Completed meshing!
Meshing complete in 0.001416 seconds of CPU time
Starting meshing
Simulation size in gridpoints: 1 x 95 x 36
Refined 0 mesh cells (0%)
Completed meshing!
Meshing complete in 0.002028 seconds of CPU time
left is a duplicate key.
bottom is a duplicate key.
z1 is a duplicate key.
z2 is a duplicate key.
Nx is a duplicate key.
Ny is a duplicate key.
Nz is a duplicate key.
Starting meshing
Simulation size in gridpoints: 123 x 1 x 36
Refined 0 mesh cells (0%)
Completed meshing!
Meshing complete in 0.001112 seconds of CPU time
Starting meshing
Simulation size in gridpoints: 123 x 1 x 36
Refined 0 mesh cells (0%)
Completed meshing!
Meshing complete in 0.00106 seconds of CPU time
Starting meshing
Simulation size in gridpoints: 123 x 1 x 36
Refined 0 mesh cells (0%)
Completed meshing!
Meshing complete in 0.001048 seconds of CPU time
left is a duplicate key.
bottom is a duplicate key.
z1 is a duplicate key.
z2 is a duplicate key.
Nx is a duplicate key.
Ny is a duplicate key.
Nz is a duplicate key.
Starting meshing
Simulation size in gridpoints: 123 x 1 x 36
Refined 0 mesh cells (0%)
Completed meshing!
Meshing complete in 0.001192 seconds of CPU time
Starting meshing
Simulation size in gridpoints: 123 x 1 x 36
Refined 0 mesh cells (0%)
Completed meshing!
Meshing complete in 0.001061 seconds of CPU time
Starting meshing
Simulation size in gridpoints: 123 x 1 x 36
Refined 0 mesh cells (0%)
Completed meshing!
Meshing complete in 0.001572 seconds of CPU time
left is a duplicate key.
bottom is a duplicate key.
z1 is a duplicate key.
z2 is a duplicate key.
Nx is a duplicate key.
Ny is a duplicate key.
Nz is a duplicate key.
number of processors is 4
processors are distributed as: 2x2x1
Running 3D Simulation
Starting meshing
Simulation size in gridpoints: 311 x 173 x 58
Refined 0 mesh cells (0%)
Completed meshing!
Meshing complete in 1.42084 seconds of CPU time
0 0
Starting meshing
Simulation size in gridpoints: 311 x 173 x 58
Refined 0 mesh cells (0%)
Completed meshing!
Meshing complete in 1.44787 seconds of CPU time
0 0
Starting meshing
Simulation size in gridpoints: 311 x 173 x 58
Refined 0 mesh cells (0%)
Completed meshing!
Meshing complete in 1.51843 seconds of CPU time
0 0
finished material properties
Meshing Time: 3.06936 seconds, Init Electrical Material Time: 0.260202 seconds, Init Magnetic Material Time: 0.009211
Using selected optimization level: 2
Selecting 3d kernel for splitFieldDirection=0 and optLevel=2
-----------------------------------------
Beginning initialization of 3D Simulation
Starting to add sources to simulation
Adding 3D Mode source propagating in X
Using frequency dependent profile
Starting to add boundary conditions to simulation
Adding 3D PML BC
Adding 3D Parallel BC
Adding 3D PML BC
Adding 3D Parallel BC
Adding 3D PML BC
Adding 3D PML BC
Starting to add monitors to Simulation
Adding analysis monitor
Adding 3D DFT monitor
Adding 3D DFT monitor
Adding 3D DFT monitor
Adding 3D DFT monitor
Finished initialization of 3D Simulation
-----------------------------------------
All processes are communicating and ready to proceed to simulation...
Starting 32054 total iterations
0.149747% complete. Max time remaining: 31 mins, 58 secs. Auto Shutoff: 1
1.24789% complete. Max time remaining: 31 mins, 49 secs. Auto Shutoff: 1
2.29613% complete. Max time remaining: 31 mins, 56 secs. Auto Shutoff: 1
3.34436% complete. Max time remaining: 31 mins, 50 secs. Auto Shutoff: 1
4.39259% complete. Max time remaining: 31 mins, 36 secs. Auto Shutoff: 1
5.49074% complete. Max time remaining: 31 mins, 8 secs. Auto Shutoff: 1
6.58888% complete. Max time remaining: 30 mins, 39 secs. Auto Shutoff: 0.997006
7.68703% complete. Max time remaining: 30 mins, 11 secs. Auto Shutoff: 0.999141
8.78518% complete. Max time remaining: 29 mins, 46 secs. Auto Shutoff: 1.01946
9.88333% complete. Max time remaining: 29 mins, 21 secs. Auto Shutoff: 0.996887
10.9316% complete. Max time remaining: 29 mins, 2 secs. Auto Shutoff: 0.996443
11.9798% complete. Max time remaining: 28 mins, 47 secs. Auto Shutoff: 0.996443
13.0779% complete. Max time remaining: 28 mins, 23 secs. Auto Shutoff: 0.996494
14.1761% complete. Max time remaining: 27 mins, 59 secs. Auto Shutoff: 0.992141
15.2742% complete. Max time remaining: 27 mins, 36 secs. Auto Shutoff: 0.672075
16.3724% complete. Max time remaining: 27 mins, 13 secs. Auto Shutoff: 0.0269836
17.4705% complete. Max time remaining: 26 mins, 50 secs. Auto Shutoff: 0.00171306
18.4938% complete. Max time remaining: 26 mins, 29 secs. Auto Shutoff: 9.99821e-06
100% complete. Max time remaining: 0 mins, 0 secs. Auto Shutoff: 9.99821e-06
Early termination of simulation, the autoshutoff criteria are satisfied.
Completed 5928 iterations, or 1.849380e-13s of Simulation Time
Process 0 starting to collect data
    collecting monitor data
    collecting source data
Using frequency dependent profile
Finished collecting data
left is a duplicate key.
bottom is a duplicate key.
z1 is a duplicate key.
z2 is a duplicate key.
Nx is a duplicate key.
Ny is a duplicate key.
Nz is a duplicate key.
left is a duplicate key.
bottom is a duplicate key.
z1 is a duplicate key.
z2 is a duplicate key.
Nx is a duplicate key.
Ny is a duplicate key.
Nz is a duplicate key.
left is a duplicate key.
bottom is a duplicate key.
z1 is a duplicate key.
z2 is a duplicate key.
Nx is a duplicate key.
Ny is a duplicate key.
Nz is a duplicate key.
left is a duplicate key.
bottom is a duplicate key.
z1 is a duplicate key.
z2 is a duplicate key.
Nx is a duplicate key.
Ny is a duplicate key.
Nz is a duplicate key.
Simulation completed successfully at: qua ago 31 11:58:45 2022
Overall wall time measurements in seconds: 372.574
    time to mesh and initialize: 9.98379
    time to run FDTD simulation: 360.641
    time to checkpoint simulation: 2e-06
    time to finalize data and save to files: 0.176466
    miscellaneous time: 1.77316
    FDTD solver speed on process 0: 51.2942 Mnodes/s
    total FDTD solver speed on 4 processes: 205.177 Mnodes/s
