Ansys Lumerical 2022 R1.4 FDTD Solver Version 8.27.3044 (Linux 64bit)
 expires (month/day/year): 5/2/2023
using config file: Ansys Licensing set with ANSYSLMD_LICENSE_FILE
license host: 1055@10.75.13.24
current time: qui set 1 20:42:17 2022
Running on host: fotonica04-To-be-filled-by-O-E-M
host available memory (GB): 27.638948
All processes are communicating and ready to proceed to simulation...
Running fsp file: /opt/lumerical/v221/bin/fdtd-engine-mpich2nem -t 1 -remote -hide -shared-solve-license QU5TWVNDTF9DT05URVhUX0RBVEE9PEFOU1lTQ0xfQ09OVEVYVF9EQVRBPjxJRD5mZDc4ZTI0Mi05OWNjLTQxNGYtOWQzYi0yZGZmMDdkZDE5ZTY8L0lEPjxUWVBFPkFQUF9ERUZJTkVEPC9UWVBFPjxOQU1FPmx1bV9zdGFuZGFyZF9zb2x2ZV9zaGFyZTwvTkFNRT48SEFORExFUj40NjQxN0Bmb3RvbmljYTA0LVRvLWJlLWZpbGxlZC1ieS1PLUUtTTwvSEFORExFUj48L0FOU1lTQ0xfQ09OVEVYVF9EQVRBPgpBTlNZU19DT05URVhUX0lEPWZkNzhlMjQyLTk5Y2MtNDE0Zi05ZDNiLTJkZmYwN2RkMTllNgpBTlNZU19DT05URVhUX1NFUlZFUj00NjQxN0Bmb3RvbmljYTA0LVRvLWJlLWZpbGxlZC1ieS1PLUUtTQo= /home/trainner/Documentos/Vh/photonics-ring-resonator/anel_lumerical_s-parametersweep/s-parametersweep_1.fsp
Starting meshing
Simulation size in gridpoints: 1 x 67 x 28
Refined 0 mesh cells (0%)
Completed meshing!
Meshing complete in 0.001505 seconds of CPU time
Starting meshing
Simulation size in gridpoints: 1 x 67 x 28
Refined 0 mesh cells (0%)
Completed meshing!
Meshing complete in 0.001037 seconds of CPU time
Starting meshing
Simulation size in gridpoints: 1 x 67 x 28
Refined 0 mesh cells (0%)
Completed meshing!
Meshing complete in 0.001794 seconds of CPU time
Starting meshing
Simulation size in gridpoints: 1 x 67 x 28
Refined 0 mesh cells (0%)
Completed meshing!
Meshing complete in 0.001113 seconds of CPU time
Starting meshing
Simulation size in gridpoints: 1 x 67 x 28
Refined 0 mesh cells (0%)
Completed meshing!
Meshing complete in 0.000879 seconds of CPU time
Starting meshing
Simulation size in gridpoints: 1 x 67 x 28
Refined 0 mesh cells (0%)
Completed meshing!
Meshing complete in 0.001336 seconds of CPU time
left is a duplicate key.
bottom is a duplicate key.
z1 is a duplicate key.
z2 is a duplicate key.
Nx is a duplicate key.
Ny is a duplicate key.
Nz is a duplicate key.
Starting meshing
Simulation size in gridpoints: 1 x 67 x 28
Refined 0 mesh cells (0%)
Completed meshing!
Meshing complete in 0.001109 seconds of CPU time
Starting meshing
Simulation size in gridpoints: 1 x 67 x 28
Refined 0 mesh cells (0%)
Completed meshing!
Meshing complete in 0.000877 seconds of CPU time
Starting meshing
Simulation size in gridpoints: 1 x 67 x 28
Refined 0 mesh cells (0%)
Completed meshing!
Meshing complete in 0.00145 seconds of CPU time
left is a duplicate key.
bottom is a duplicate key.
z1 is a duplicate key.
z2 is a duplicate key.
Nx is a duplicate key.
Ny is a duplicate key.
Nz is a duplicate key.
Starting meshing
Simulation size in gridpoints: 86 x 1 x 28
Refined 0 mesh cells (0%)
Completed meshing!
Meshing complete in 0.000805 seconds of CPU time
Starting meshing
Simulation size in gridpoints: 86 x 1 x 28
Refined 0 mesh cells (0%)
Completed meshing!
Meshing complete in 0.000735 seconds of CPU time
Starting meshing
Simulation size in gridpoints: 86 x 1 x 28
Refined 0 mesh cells (0%)
Completed meshing!
Meshing complete in 0.000732 seconds of CPU time
left is a duplicate key.
bottom is a duplicate key.
z1 is a duplicate key.
z2 is a duplicate key.
Nx is a duplicate key.
Ny is a duplicate key.
Nz is a duplicate key.
Starting meshing
Simulation size in gridpoints: 86 x 1 x 28
Refined 0 mesh cells (0%)
Completed meshing!
Meshing complete in 0.00082 seconds of CPU time
Starting meshing
Simulation size in gridpoints: 86 x 1 x 28
Refined 0 mesh cells (0%)
Completed meshing!
Meshing complete in 0.000745 seconds of CPU time
Starting meshing
Simulation size in gridpoints: 86 x 1 x 28
Refined 0 mesh cells (0%)
Completed meshing!
Meshing complete in 0.000741 seconds of CPU time
left is a duplicate key.
bottom is a duplicate key.
z1 is a duplicate key.
z2 is a duplicate key.
Nx is a duplicate key.
Ny is a duplicate key.
Nz is a duplicate key.
number of processors is 4
processors are distributed as: 4x1x1
Running 3D Simulation
Starting meshing
Simulation size in gridpoints: 162 x 235 x 48
Refined 0 mesh cells (0%)
Completed meshing!
Meshing complete in 0.504451 seconds of CPU time
0 0
Starting meshing
Simulation size in gridpoints: 162 x 235 x 48
Refined 0 mesh cells (0%)
Completed meshing!
Meshing complete in 0.427215 seconds of CPU time
0 0
Starting meshing
Simulation size in gridpoints: 162 x 235 x 48
Refined 0 mesh cells (0%)
Completed meshing!
Meshing complete in 0.594162 seconds of CPU time
0 0
finished material properties
Meshing Time: 1.17243 seconds, Init Electrical Material Time: 0.1515 seconds, Init Magnetic Material Time: 0.005399
Using selected optimization level: 2
Selecting 3d kernel for splitFieldDirection=0 and optLevel=2
-----------------------------------------
Beginning initialization of 3D Simulation
Starting to add sources to simulation
Adding 3D Mode source propagating in X
Using frequency dependent profile
Starting to add boundary conditions to simulation
Adding 3D PML BC
Adding 3D Parallel BC
Adding 3D PML BC
Adding 3D PML BC
Adding 3D PML BC
Adding 3D PML BC
Starting to add monitors to Simulation
Adding analysis monitor
Adding 3D DFT monitor
Adding 3D DFT monitor
Adding 3D DFT monitor
Adding 3D DFT monitor
Finished initialization of 3D Simulation
-----------------------------------------
All processes are communicating and ready to proceed to simulation...
Starting 22336 total iterations
0.2149% complete. Max time remaining: 15 mins, 5 secs. Auto Shutoff: 1
1.21776% complete. Max time remaining: 15 mins, 5 secs. Auto Shutoff: 1
2.22063% complete. Max time remaining: 15 mins, 1 secs. Auto Shutoff: 1
3.22349% complete. Max time remaining: 14 mins, 43 secs. Auto Shutoff: 1
4.22636% complete. Max time remaining: 14 mins, 27 secs. Auto Shutoff: 1
5.22922% complete. Max time remaining: 14 mins, 11 secs. Auto Shutoff: 1
6.23209% complete. Max time remaining: 14 mins, 1 secs. Auto Shutoff: 1
7.23495% complete. Max time remaining: 13 mins, 49 secs. Auto Shutoff: 0.958345
8.23782% complete. Max time remaining: 13 mins, 44 secs. Auto Shutoff: 0.955972
9.24068% complete. Max time remaining: 13 mins, 35 secs. Auto Shutoff: 0.955993
10.2435% complete. Max time remaining: 13 mins, 26 secs. Auto Shutoff: 0.956156
11.2464% complete. Max time remaining: 13 mins, 17 secs. Auto Shutoff: 0.993199
12.2493% complete. Max time remaining: 13 mins, 9 secs. Auto Shutoff: 0.958031
13.2521% complete. Max time remaining: 13 mins, 1 secs. Auto Shutoff: 0.956089
14.255% complete. Max time remaining: 12 mins, 51 secs. Auto Shutoff: 0.955505
15.2579% complete. Max time remaining: 12 mins, 42 secs. Auto Shutoff: 0.9555
16.2607% complete. Max time remaining: 12 mins, 32 secs. Auto Shutoff: 0.977623
17.2636% complete. Max time remaining: 12 mins, 23 secs. Auto Shutoff: 0.957653
18.2665% complete. Max time remaining: 12 mins, 14 secs. Auto Shutoff: 0.953498
19.2693% complete. Max time remaining: 12 mins, 4 secs. Auto Shutoff: 0.942442
20.2722% complete. Max time remaining: 11 mins, 55 secs. Auto Shutoff: 0.863953
21.2751% complete. Max time remaining: 11 mins, 47 secs. Auto Shutoff: 0.43484
22.2779% complete. Max time remaining: 11 mins, 37 secs. Auto Shutoff: 0.0572652
23.2808% complete. Max time remaining: 11 mins, 29 secs. Auto Shutoff: 0.00126273
24.2837% complete. Max time remaining: 11 mins, 20 secs. Auto Shutoff: 2.22291e-05
100% complete. Max time remaining: 0 mins, 0 secs. Auto Shutoff: 3.58096e-06
Early termination of simulation, the autoshutoff criteria are satisfied.
Completed 5456 iterations, or 2.442692e-13s of Simulation Time
Process 0 starting to collect data
    collecting monitor data
    collecting source data
Using frequency dependent profile
Finished collecting data
left is a duplicate key.
bottom is a duplicate key.
z1 is a duplicate key.
z2 is a duplicate key.
Nx is a duplicate key.
Ny is a duplicate key.
Nz is a duplicate key.
left is a duplicate key.
bottom is a duplicate key.
z1 is a duplicate key.
z2 is a duplicate key.
Nx is a duplicate key.
Ny is a duplicate key.
Nz is a duplicate key.
left is a duplicate key.
bottom is a duplicate key.
z1 is a duplicate key.
z2 is a duplicate key.
Nx is a duplicate key.
Ny is a duplicate key.
Nz is a duplicate key.
left is a duplicate key.
bottom is a duplicate key.
z1 is a duplicate key.
z2 is a duplicate key.
Nx is a duplicate key.
Ny is a duplicate key.
Nz is a duplicate key.
Simulation completed successfully at: qui set 1 20:46:03 2022
Overall wall time measurements in seconds: 226.679
    time to mesh and initialize: 5.6288
    time to run FDTD simulation: 219.486
    time to checkpoint simulation: 1e-06
    time to finalize data and save to files: 0.123265
    miscellaneous time: 1.44076
    FDTD solver speed on process 0: 45.4246 Mnodes/s
    total FDTD solver speed on 4 processes: 181.698 Mnodes/s
