Ansys Lumerical 2022 R1.4 FDTD Solver Version 8.27.3044 (Linux 64bit)
 expires (month/day/year): 5/2/2023
using config file: Ansys Licensing set with ANSYSLMD_LICENSE_FILE
license host: 1055@10.75.13.24
current time: qui set 1 20:49:52 2022
Running on host: fotonica04-To-be-filled-by-O-E-M
host available memory (GB): 27.635503
All processes are communicating and ready to proceed to simulation...
Running fsp file: /opt/lumerical/v221/bin/fdtd-engine-mpich2nem -t 1 -remote -hide -shared-solve-license QU5TWVNDTF9DT05URVhUX0RBVEE9PEFOU1lTQ0xfQ09OVEVYVF9EQVRBPjxJRD5mZDc4ZTI0Mi05OWNjLTQxNGYtOWQzYi0yZGZmMDdkZDE5ZTY8L0lEPjxUWVBFPkFQUF9ERUZJTkVEPC9UWVBFPjxOQU1FPmx1bV9zdGFuZGFyZF9zb2x2ZV9zaGFyZTwvTkFNRT48SEFORExFUj40NjQxN0Bmb3RvbmljYTA0LVRvLWJlLWZpbGxlZC1ieS1PLUUtTTwvSEFORExFUj48L0FOU1lTQ0xfQ09OVEVYVF9EQVRBPgpBTlNZU19DT05URVhUX0lEPWZkNzhlMjQyLTk5Y2MtNDE0Zi05ZDNiLTJkZmYwN2RkMTllNgpBTlNZU19DT05URVhUX1NFUlZFUj00NjQxN0Bmb3RvbmljYTA0LVRvLWJlLWZpbGxlZC1ieS1PLUUtTQo= /home/trainner/Documentos/Vh/photonics-ring-resonator/anel_lumerical_s-parametersweep/s-parametersweep_3.fsp
Starting meshing
Simulation size in gridpoints: 1 x 67 x 28
Refined 0 mesh cells (0%)
Completed meshing!
Meshing complete in 0.00133 seconds of CPU time
Starting meshing
Simulation size in gridpoints: 1 x 67 x 28
Refined 0 mesh cells (0%)
Completed meshing!
Meshing complete in 0.000945 seconds of CPU time
Starting meshing
Simulation size in gridpoints: 1 x 67 x 28
Refined 0 mesh cells (0%)
Completed meshing!
Meshing complete in 0.001401 seconds of CPU time
left is a duplicate key.
bottom is a duplicate key.
z1 is a duplicate key.
z2 is a duplicate key.
Nx is a duplicate key.
Ny is a duplicate key.
Nz is a duplicate key.
Starting meshing
Simulation size in gridpoints: 1 x 67 x 28
Refined 0 mesh cells (0%)
Completed meshing!
Meshing complete in 0.00109 seconds of CPU time
Starting meshing
Simulation size in gridpoints: 1 x 67 x 28
Refined 0 mesh cells (0%)
Completed meshing!
Meshing complete in 0.000934 seconds of CPU time
Starting meshing
Simulation size in gridpoints: 1 x 67 x 28
Refined 0 mesh cells (0%)
Completed meshing!
Meshing complete in 0.001337 seconds of CPU time
left is a duplicate key.
bottom is a duplicate key.
z1 is a duplicate key.
z2 is a duplicate key.
Nx is a duplicate key.
Ny is a duplicate key.
Nz is a duplicate key.
Starting meshing
Simulation size in gridpoints: 86 x 1 x 28
Refined 0 mesh cells (0%)
Completed meshing!
Meshing complete in 0.000807 seconds of CPU time
Starting meshing
Simulation size in gridpoints: 86 x 1 x 28
Refined 0 mesh cells (0%)
Completed meshing!
Meshing complete in 0.000736 seconds of CPU time
Starting meshing
Simulation size in gridpoints: 86 x 1 x 28
Refined 0 mesh cells (0%)
Completed meshing!
Meshing complete in 0.000732 seconds of CPU time
Starting meshing
Simulation size in gridpoints: 86 x 1 x 28
Refined 0 mesh cells (0%)
Completed meshing!
Meshing complete in 0.000828 seconds of CPU time
Starting meshing
Simulation size in gridpoints: 86 x 1 x 28
Refined 0 mesh cells (0%)
Completed meshing!
Meshing complete in 0.000741 seconds of CPU time
Starting meshing
Simulation size in gridpoints: 86 x 1 x 28
Refined 0 mesh cells (0%)
Completed meshing!
Meshing complete in 0.000734 seconds of CPU time
left is a duplicate key.
bottom is a duplicate key.
z1 is a duplicate key.
z2 is a duplicate key.
Nx is a duplicate key.
Ny is a duplicate key.
Nz is a duplicate key.
Starting meshing
Simulation size in gridpoints: 86 x 1 x 28
Refined 0 mesh cells (0%)
Completed meshing!
Meshing complete in 0.000827 seconds of CPU time
Starting meshing
Simulation size in gridpoints: 86 x 1 x 28
Refined 0 mesh cells (0%)
Completed meshing!
Meshing complete in 0.000761 seconds of CPU time
Starting meshing
Simulation size in gridpoints: 86 x 1 x 28
Refined 0 mesh cells (0%)
Completed meshing!
Meshing complete in 0.000744 seconds of CPU time
left is a duplicate key.
bottom is a duplicate key.
z1 is a duplicate key.
z2 is a duplicate key.
Nx is a duplicate key.
Ny is a duplicate key.
Nz is a duplicate key.
number of processors is 4
processors are distributed as: 4x1x1
Running 3D Simulation
Starting meshing
Simulation size in gridpoints: 162 x 235 x 48
Refined 0 mesh cells (0%)
Completed meshing!
Meshing complete in 0.471452 seconds of CPU time
0 0
Starting meshing
Simulation size in gridpoints: 162 x 235 x 48
Refined 0 mesh cells (0%)
Completed meshing!
Meshing complete in 0.41754 seconds of CPU time
0 0
Starting meshing
Simulation size in gridpoints: 162 x 235 x 48
Refined 0 mesh cells (0%)
Completed meshing!
Meshing complete in 0.569253 seconds of CPU time
0 0
finished material properties
Meshing Time: 1.11457 seconds, Init Electrical Material Time: 0.141534 seconds, Init Magnetic Material Time: 0.00599
Using selected optimization level: 2
Selecting 3d kernel for splitFieldDirection=0 and optLevel=2
-----------------------------------------
Beginning initialization of 3D Simulation
Starting to add sources to simulation
Adding 3D Mode source propagating in Y
Using frequency dependent profile
Starting to add boundary conditions to simulation
Adding 3D PML BC
Adding 3D Parallel BC
Adding 3D PML BC
Adding 3D PML BC
Adding 3D PML BC
Adding 3D PML BC
Starting to add monitors to Simulation
Adding analysis monitor
Adding 3D DFT monitor
Adding 3D DFT monitor
Adding 3D DFT monitor
Adding 3D DFT monitor
Finished initialization of 3D Simulation
-----------------------------------------
All processes are communicating and ready to proceed to simulation...
Starting 22336 total iterations
0.2149% complete. Max time remaining: 14 mins, 32 secs. Auto Shutoff: 1
1.21776% complete. Max time remaining: 14 mins, 45 secs. Auto Shutoff: 1
2.22063% complete. Max time remaining: 14 mins, 60 secs. Auto Shutoff: 1
3.22349% complete. Max time remaining: 14 mins, 52 secs. Auto Shutoff: 1
4.22636% complete. Max time remaining: 14 mins, 43 secs. Auto Shutoff: 1
5.22922% complete. Max time remaining: 14 mins, 28 secs. Auto Shutoff: 1
6.23209% complete. Max time remaining: 14 mins, 17 secs. Auto Shutoff: 1
7.23495% complete. Max time remaining: 14 mins, 4 secs. Auto Shutoff: 0.991184
8.23782% complete. Max time remaining: 13 mins, 54 secs. Auto Shutoff: 0.989189
9.24068% complete. Max time remaining: 13 mins, 41 secs. Auto Shutoff: 0.988953
10.2435% complete. Max time remaining: 13 mins, 29 secs. Auto Shutoff: 0.993188
11.2464% complete. Max time remaining: 13 mins, 18 secs. Auto Shutoff: 1.00207
12.2493% complete. Max time remaining: 13 mins, 7 secs. Auto Shutoff: 0.987544
13.2521% complete. Max time remaining: 12 mins, 56 secs. Auto Shutoff: 0.985382
14.255% complete. Max time remaining: 12 mins, 46 secs. Auto Shutoff: 0.985013
15.2579% complete. Max time remaining: 12 mins, 36 secs. Auto Shutoff: 0.984671
16.2607% complete. Max time remaining: 12 mins, 26 secs. Auto Shutoff: 0.985187
17.2636% complete. Max time remaining: 12 mins, 16 secs. Auto Shutoff: 0.979896
18.2665% complete. Max time remaining: 12 mins, 7 secs. Auto Shutoff: 0.97964
19.2693% complete. Max time remaining: 11 mins, 57 secs. Auto Shutoff: 0.824847
20.2722% complete. Max time remaining: 11 mins, 47 secs. Auto Shutoff: 0.321758
21.2751% complete. Max time remaining: 11 mins, 38 secs. Auto Shutoff: 0.0645347
22.2779% complete. Max time remaining: 11 mins, 29 secs. Auto Shutoff: 0.00696235
23.2808% complete. Max time remaining: 11 mins, 19 secs. Auto Shutoff: 0.000300963
24.2837% complete. Max time remaining: 11 mins, 10 secs. Auto Shutoff: 4.14372e-05
25.2865% complete. Max time remaining: 11 mins, 1 secs. Auto Shutoff: 1.58647e-05
26.2894% complete. Max time remaining: 10 mins, 51 secs. Auto Shutoff: 1.01407e-05
100% complete. Max time remaining: 0 mins, 0 secs. Auto Shutoff: 9.53188e-06
Early termination of simulation, the autoshutoff criteria are satisfied.
Completed 5961 iterations, or 2.668785e-13s of Simulation Time
Process 0 starting to collect data
    collecting monitor data
    collecting source data
Using frequency dependent profile
Finished collecting data
left is a duplicate key.
bottom is a duplicate key.
z1 is a duplicate key.
z2 is a duplicate key.
Nx is a duplicate key.
Ny is a duplicate key.
Nz is a duplicate key.
left is a duplicate key.
bottom is a duplicate key.
z1 is a duplicate key.
z2 is a duplicate key.
Nx is a duplicate key.
Ny is a duplicate key.
Nz is a duplicate key.
left is a duplicate key.
bottom is a duplicate key.
z1 is a duplicate key.
z2 is a duplicate key.
Nx is a duplicate key.
Ny is a duplicate key.
Nz is a duplicate key.
left is a duplicate key.
bottom is a duplicate key.
z1 is a duplicate key.
z2 is a duplicate key.
Nx is a duplicate key.
Ny is a duplicate key.
Nz is a duplicate key.
Simulation completed successfully at: qui set 1 20:53:54 2022
Overall wall time measurements in seconds: 242.798
    time to mesh and initialize: 5.47456
    time to run FDTD simulation: 235.817
    time to checkpoint simulation: 1e-06
    time to finalize data and save to files: 0.140024
    miscellaneous time: 1.36676
    FDTD solver speed on process 0: 46.1922 Mnodes/s
    total FDTD solver speed on 4 processes: 184.769 Mnodes/s
