Ansys Lumerical 2022 R1.4 FDTD Solver Version 8.27.3044 (Linux 64bit)
 expires (month/day/year): 5/2/2023
using config file: Ansys Licensing set with ANSYSLMD_LICENSE_FILE
license host: 1055@10.75.13.24
current time: qui set 1 16:22:51 2022
Running on host: fotonica04-To-be-filled-by-O-E-M
host available memory (GB): 28.143501
All processes are communicating and ready to proceed to simulation...
Running fsp file: /opt/lumerical/v221/bin/fdtd-engine-mpich2nem -t 1 -remote -hide -shared-solve-license QU5TWVNDTF9DT05URVhUX0RBVEE9PEFOU1lTQ0xfQ09OVEVYVF9EQVRBPjxJRD5kZDVjNTU0OS0yOGIzLTQyOTEtOGZhNC1hOGZkODY2NmUxMjc8L0lEPjxUWVBFPkFQUF9ERUZJTkVEPC9UWVBFPjxOQU1FPmx1bV9zdGFuZGFyZF9zb2x2ZV9zaGFyZTwvTkFNRT48SEFORExFUj40NjQxN0Bmb3RvbmljYTA0LVRvLWJlLWZpbGxlZC1ieS1PLUUtTTwvSEFORExFUj48L0FOU1lTQ0xfQ09OVEVYVF9EQVRBPgpBTlNZU19DT05URVhUX0lEPWRkNWM1NTQ5LTI4YjMtNDI5MS04ZmE0LWE4ZmQ4NjY2ZTEyNwpBTlNZU19DT05URVhUX1NFUlZFUj00NjQxN0Bmb3RvbmljYTA0LVRvLWJlLWZpbGxlZC1ieS1PLUUtTQo= /home/trainner/Documentos/Vh/photonics-ring-resonator/anel_lumerical_s-parametersweep/s-parametersweep_4.fsp
Starting meshing
Simulation size in gridpoints: 1 x 68 x 28
Refined 0 mesh cells (0%)
Completed meshing!
Meshing complete in 0.001377 seconds of CPU time
Starting meshing
Simulation size in gridpoints: 1 x 68 x 28
Refined 0 mesh cells (0%)
Completed meshing!
Meshing complete in 0.000992 seconds of CPU time
Starting meshing
Simulation size in gridpoints: 1 x 68 x 28
Refined 0 mesh cells (0%)
Completed meshing!
Meshing complete in 0.001466 seconds of CPU time
left is a duplicate key.
bottom is a duplicate key.
z1 is a duplicate key.
z2 is a duplicate key.
Nx is a duplicate key.
Ny is a duplicate key.
Nz is a duplicate key.
Starting meshing
Simulation size in gridpoints: 1 x 68 x 28
Refined 0 mesh cells (0%)
Completed meshing!
Meshing complete in 0.001351 seconds of CPU time
Starting meshing
Simulation size in gridpoints: 1 x 68 x 28
Refined 0 mesh cells (0%)
Completed meshing!
Meshing complete in 0.000915 seconds of CPU time
Starting meshing
Simulation size in gridpoints: 1 x 68 x 28
Refined 0 mesh cells (0%)
Completed meshing!
Meshing complete in 0.001426 seconds of CPU time
left is a duplicate key.
bottom is a duplicate key.
z1 is a duplicate key.
z2 is a duplicate key.
Nx is a duplicate key.
Ny is a duplicate key.
Nz is a duplicate key.
Starting meshing
Simulation size in gridpoints: 86 x 1 x 28
Refined 0 mesh cells (0%)
Completed meshing!
Meshing complete in 0.000843 seconds of CPU time
Starting meshing
Simulation size in gridpoints: 86 x 1 x 28
Refined 0 mesh cells (0%)
Completed meshing!
Meshing complete in 0.000815 seconds of CPU time
Starting meshing
Simulation size in gridpoints: 86 x 1 x 28
Refined 0 mesh cells (0%)
Completed meshing!
Meshing complete in 0.000884 seconds of CPU time
left is a duplicate key.
bottom is a duplicate key.
z1 is a duplicate key.
z2 is a duplicate key.
Nx is a duplicate key.
Ny is a duplicate key.
Nz is a duplicate key.
Starting meshing
Simulation size in gridpoints: 86 x 1 x 28
Refined 0 mesh cells (0%)
Completed meshing!
Meshing complete in 0.000849 seconds of CPU time
Starting meshing
Simulation size in gridpoints: 86 x 1 x 28
Refined 0 mesh cells (0%)
Completed meshing!
Meshing complete in 0.00077 seconds of CPU time
Starting meshing
Simulation size in gridpoints: 86 x 1 x 28
Refined 0 mesh cells (0%)
Completed meshing!
Meshing complete in 0.000768 seconds of CPU time
Starting meshing
Simulation size in gridpoints: 86 x 1 x 28
Refined 0 mesh cells (0%)
Completed meshing!
Meshing complete in 0.000848 seconds of CPU time
Starting meshing
Simulation size in gridpoints: 86 x 1 x 28
Refined 0 mesh cells (0%)
Completed meshing!
Meshing complete in 0.00079 seconds of CPU time
Starting meshing
Simulation size in gridpoints: 86 x 1 x 28
Refined 0 mesh cells (0%)
Completed meshing!
Meshing complete in 0.000749 seconds of CPU time
left is a duplicate key.
bottom is a duplicate key.
z1 is a duplicate key.
z2 is a duplicate key.
Nx is a duplicate key.
Ny is a duplicate key.
Nz is a duplicate key.
number of processors is 4
processors are distributed as: 4x1x1
Running 3D Simulation
Starting meshing
Simulation size in gridpoints: 162 x 259 x 48
Refined 0 mesh cells (0%)
Completed meshing!
Meshing complete in 0.873369 seconds of CPU time
0 0
Starting meshing
Simulation size in gridpoints: 162 x 259 x 48
Refined 0 mesh cells (0%)
Completed meshing!
Meshing complete in 0.850301 seconds of CPU time
0 0
Starting meshing
Simulation size in gridpoints: 162 x 259 x 48
Refined 0 mesh cells (0%)
Completed meshing!
Meshing complete in 1.01101 seconds of CPU time
0 0
finished material properties
Meshing Time: 1.96713 seconds, Init Electrical Material Time: 0.171049 seconds, Init Magnetic Material Time: 0.005977
Using selected optimization level: 2
Selecting 3d kernel for splitFieldDirection=0 and optLevel=2
-----------------------------------------
Beginning initialization of 3D Simulation
Starting to add sources to simulation
Adding 3D Mode source propagating in Y
Using frequency dependent profile
Starting to add boundary conditions to simulation
Adding 3D PML BC
Adding 3D Parallel BC
Adding 3D PML BC
Adding 3D PML BC
Adding 3D PML BC
Adding 3D PML BC
Starting to add monitors to Simulation
Adding analysis monitor
Adding 3D DFT monitor
Adding 3D DFT monitor
Adding 3D DFT monitor
Adding 3D DFT monitor
Finished initialization of 3D Simulation
-----------------------------------------
All processes are communicating and ready to proceed to simulation...
Starting 22167 total iterations
0.216542% complete. Max time remaining: 15 mins, 33 secs. Auto Shutoff: 1
1.22707% complete. Max time remaining: 15 mins, 25 secs. Auto Shutoff: 1
2.2376% complete. Max time remaining: 15 mins, 19 secs. Auto Shutoff: 1
3.24813% complete. Max time remaining: 15 mins, 12 secs. Auto Shutoff: 1
4.25866% complete. Max time remaining: 15 mins, 3 secs. Auto Shutoff: 1
5.26919% complete. Max time remaining: 14 mins, 53 secs. Auto Shutoff: 1
6.27971% complete. Max time remaining: 14 mins, 42 secs. Auto Shutoff: 1
7.29024% complete. Max time remaining: 14 mins, 32 secs. Auto Shutoff: 0.993917
8.30077% complete. Max time remaining: 14 mins, 22 secs. Auto Shutoff: 0.97228
9.3113% complete. Max time remaining: 14 mins, 13 secs. Auto Shutoff: 0.970914
10.3218% complete. Max time remaining: 14 mins, 3 secs. Auto Shutoff: 0.970795
11.3324% complete. Max time remaining: 13 mins, 53 secs. Auto Shutoff: 0.97075
12.3429% complete. Max time remaining: 13 mins, 44 secs. Auto Shutoff: 0.999359
13.3534% complete. Max time remaining: 13 mins, 34 secs. Auto Shutoff: 0.976002
14.3639% complete. Max time remaining: 13 mins, 25 secs. Auto Shutoff: 0.970202
15.3745% complete. Max time remaining: 13 mins, 15 secs. Auto Shutoff: 0.968656
16.385% complete. Max time remaining: 13 mins, 6 secs. Auto Shutoff: 0.967385
17.3955% complete. Max time remaining: 12 mins, 56 secs. Auto Shutoff: 0.970623
18.4061% complete. Max time remaining: 12 mins, 46 secs. Auto Shutoff: 0.991887
19.4166% complete. Max time remaining: 12 mins, 37 secs. Auto Shutoff: 0.993586
20.4271% complete. Max time remaining: 12 mins, 27 secs. Auto Shutoff: 0.965219
21.4376% complete. Max time remaining: 12 mins, 18 secs. Auto Shutoff: 0.956844
22.4482% complete. Max time remaining: 12 mins, 8 secs. Auto Shutoff: 0.81049
23.4587% complete. Max time remaining: 11 mins, 59 secs. Auto Shutoff: 0.252692
24.4692% complete. Max time remaining: 11 mins, 50 secs. Auto Shutoff: 0.0129735
25.4798% complete. Max time remaining: 11 mins, 40 secs. Auto Shutoff: 0.000110997
26.4903% complete. Max time remaining: 11 mins, 31 secs. Auto Shutoff: 3.85419e-05
27.5008% complete. Max time remaining: 11 mins, 21 secs. Auto Shutoff: 2.33299e-05
28.5113% complete. Max time remaining: 11 mins, 12 secs. Auto Shutoff: 1.88802e-05
29.5219% complete. Max time remaining: 11 mins, 2 secs. Auto Shutoff: 1.71157e-05
30.5324% complete. Max time remaining: 10 mins, 53 secs. Auto Shutoff: 1.4667e-05
31.5429% complete. Max time remaining: 10 mins, 43 secs. Auto Shutoff: 1.34543e-05
32.5535% complete. Max time remaining: 10 mins, 34 secs. Auto Shutoff: 1.20683e-05
33.564% complete. Max time remaining: 10 mins, 24 secs. Auto Shutoff: 1.05513e-05
100% complete. Max time remaining: 0 mins, 0 secs. Auto Shutoff: 9.48615e-06
Early termination of simulation, the autoshutoff criteria are satisfied.
Completed 7466 iterations, or 3.368129e-13s of Simulation Time
Process 0 starting to collect data
    collecting monitor data
    collecting source data
Using frequency dependent profile
Finished collecting data
left is a duplicate key.
bottom is a duplicate key.
z1 is a duplicate key.
z2 is a duplicate key.
Nx is a duplicate key.
Ny is a duplicate key.
Nz is a duplicate key.
left is a duplicate key.
bottom is a duplicate key.
z1 is a duplicate key.
z2 is a duplicate key.
Nx is a duplicate key.
Ny is a duplicate key.
Nz is a duplicate key.
left is a duplicate key.
bottom is a duplicate key.
z1 is a duplicate key.
z2 is a duplicate key.
Nx is a duplicate key.
Ny is a duplicate key.
Nz is a duplicate key.
left is a duplicate key.
bottom is a duplicate key.
z1 is a duplicate key.
z2 is a duplicate key.
Nx is a duplicate key.
Ny is a duplicate key.
Nz is a duplicate key.
Simulation completed successfully at: qui set 1 16:28:13 2022
Overall wall time measurements in seconds: 323.028
    time to mesh and initialize: 5.14257
    time to run FDTD simulation: 316.516
    time to checkpoint simulation: 2e-06
    time to finalize data and save to files: 0.107555
    miscellaneous time: 1.26218
    FDTD solver speed on process 0: 47.506 Mnodes/s
    total FDTD solver speed on 4 processes: 190.024 Mnodes/s
