Ansys Lumerical 2022 R1.4 FDTD Solver Version 8.27.3044 (Linux 64bit)
 expires (month/day/year): 5/2/2023
using config file: Ansys Licensing set with ANSYSLMD_LICENSE_FILE
license host: 1055@10.75.13.24
current time: qui set 1 16:17:27 2022
Running on host: fotonica04-To-be-filled-by-O-E-M
host available memory (GB): 28.051489
All processes are communicating and ready to proceed to simulation...
Running fsp file: /opt/lumerical/v221/bin/fdtd-engine-mpich2nem -t 1 -remote -hide -shared-solve-license QU5TWVNDTF9DT05URVhUX0RBVEE9PEFOU1lTQ0xfQ09OVEVYVF9EQVRBPjxJRD5kZDVjNTU0OS0yOGIzLTQyOTEtOGZhNC1hOGZkODY2NmUxMjc8L0lEPjxUWVBFPkFQUF9ERUZJTkVEPC9UWVBFPjxOQU1FPmx1bV9zdGFuZGFyZF9zb2x2ZV9zaGFyZTwvTkFNRT48SEFORExFUj40NjQxN0Bmb3RvbmljYTA0LVRvLWJlLWZpbGxlZC1ieS1PLUUtTTwvSEFORExFUj48L0FOU1lTQ0xfQ09OVEVYVF9EQVRBPgpBTlNZU19DT05URVhUX0lEPWRkNWM1NTQ5LTI4YjMtNDI5MS04ZmE0LWE4ZmQ4NjY2ZTEyNwpBTlNZU19DT05URVhUX1NFUlZFUj00NjQxN0Bmb3RvbmljYTA0LVRvLWJlLWZpbGxlZC1ieS1PLUUtTQo= /home/trainner/Documentos/Vh/photonics-ring-resonator/anel_lumerical_s-parametersweep/s-parametersweep_3.fsp
Starting meshing
Simulation size in gridpoints: 1 x 68 x 28
Refined 0 mesh cells (0%)
Completed meshing!
Meshing complete in 0.00148 seconds of CPU time
Starting meshing
Simulation size in gridpoints: 1 x 68 x 28
Refined 0 mesh cells (0%)
Completed meshing!
Meshing complete in 0.000992 seconds of CPU time
Starting meshing
Simulation size in gridpoints: 1 x 68 x 28
Refined 0 mesh cells (0%)
Completed meshing!
Meshing complete in 0.001459 seconds of CPU time
left is a duplicate key.
bottom is a duplicate key.
z1 is a duplicate key.
z2 is a duplicate key.
Nx is a duplicate key.
Ny is a duplicate key.
Nz is a duplicate key.
Starting meshing
Simulation size in gridpoints: 1 x 68 x 28
Refined 0 mesh cells (0%)
Completed meshing!
Meshing complete in 0.001196 seconds of CPU time
Starting meshing
Simulation size in gridpoints: 1 x 68 x 28
Refined 0 mesh cells (0%)
Completed meshing!
Meshing complete in 0.000923 seconds of CPU time
Starting meshing
Simulation size in gridpoints: 1 x 68 x 28
Refined 0 mesh cells (0%)
Completed meshing!
Meshing complete in 0.001369 seconds of CPU time
left is a duplicate key.
bottom is a duplicate key.
z1 is a duplicate key.
z2 is a duplicate key.
Nx is a duplicate key.
Ny is a duplicate key.
Nz is a duplicate key.
Starting meshing
Simulation size in gridpoints: 86 x 1 x 28
Refined 0 mesh cells (0%)
Completed meshing!
Meshing complete in 0.000844 seconds of CPU time
Starting meshing
Simulation size in gridpoints: 86 x 1 x 28
Refined 0 mesh cells (0%)
Completed meshing!
Meshing complete in 0.00077 seconds of CPU time
Starting meshing
Simulation size in gridpoints: 86 x 1 x 28
Refined 0 mesh cells (0%)
Completed meshing!
Meshing complete in 0.00076 seconds of CPU time
Starting meshing
Simulation size in gridpoints: 86 x 1 x 28
Refined 0 mesh cells (0%)
Completed meshing!
Meshing complete in 0.00088 seconds of CPU time
Starting meshing
Simulation size in gridpoints: 86 x 1 x 28
Refined 0 mesh cells (0%)
Completed meshing!
Meshing complete in 0.000771 seconds of CPU time
Starting meshing
Simulation size in gridpoints: 86 x 1 x 28
Refined 0 mesh cells (0%)
Completed meshing!
Meshing complete in 0.001034 seconds of CPU time
left is a duplicate key.
bottom is a duplicate key.
z1 is a duplicate key.
z2 is a duplicate key.
Nx is a duplicate key.
Ny is a duplicate key.
Nz is a duplicate key.
Starting meshing
Simulation size in gridpoints: 86 x 1 x 28
Refined 0 mesh cells (0%)
Completed meshing!
Meshing complete in 0.000838 seconds of CPU time
Starting meshing
Simulation size in gridpoints: 86 x 1 x 28
Refined 0 mesh cells (0%)
Completed meshing!
Meshing complete in 0.000775 seconds of CPU time
Starting meshing
Simulation size in gridpoints: 86 x 1 x 28
Refined 0 mesh cells (0%)
Completed meshing!
Meshing complete in 0.00079 seconds of CPU time
left is a duplicate key.
bottom is a duplicate key.
z1 is a duplicate key.
z2 is a duplicate key.
Nx is a duplicate key.
Ny is a duplicate key.
Nz is a duplicate key.
number of processors is 4
processors are distributed as: 4x1x1
Running 3D Simulation
Starting meshing
Simulation size in gridpoints: 162 x 259 x 48
Refined 0 mesh cells (0%)
Completed meshing!
Meshing complete in 0.883714 seconds of CPU time
0 0
Starting meshing
Simulation size in gridpoints: 162 x 259 x 48
Refined 0 mesh cells (0%)
Completed meshing!
Meshing complete in 0.853929 seconds of CPU time
0 0
Starting meshing
Simulation size in gridpoints: 162 x 259 x 48
Refined 0 mesh cells (0%)
Completed meshing!
Meshing complete in 1.03666 seconds of CPU time
0 0
finished material properties
Meshing Time: 2.0011 seconds, Init Electrical Material Time: 0.179099 seconds, Init Magnetic Material Time: 0.007111
Using selected optimization level: 2
Selecting 3d kernel for splitFieldDirection=0 and optLevel=2
-----------------------------------------
Beginning initialization of 3D Simulation
Starting to add sources to simulation
Adding 3D Mode source propagating in Y
Using frequency dependent profile
Starting to add boundary conditions to simulation
Adding 3D PML BC
Adding 3D Parallel BC
Adding 3D PML BC
Adding 3D PML BC
Adding 3D PML BC
Adding 3D PML BC
Starting to add monitors to Simulation
Adding analysis monitor
Adding 3D DFT monitor
Adding 3D DFT monitor
Adding 3D DFT monitor
Adding 3D DFT monitor
Finished initialization of 3D Simulation
-----------------------------------------
All processes are communicating and ready to proceed to simulation...
Starting 22167 total iterations
0.216542% complete. Max time remaining: 15 mins, 38 secs. Auto Shutoff: 1
1.22707% complete. Max time remaining: 15 mins, 33 secs. Auto Shutoff: 1
2.2376% complete. Max time remaining: 15 mins, 31 secs. Auto Shutoff: 1
3.24813% complete. Max time remaining: 15 mins, 25 secs. Auto Shutoff: 1
4.25866% complete. Max time remaining: 15 mins, 18 secs. Auto Shutoff: 1
5.26919% complete. Max time remaining: 15 mins, 12 secs. Auto Shutoff: 1
6.27971% complete. Max time remaining: 14 mins, 60 secs. Auto Shutoff: 1
7.29024% complete. Max time remaining: 14 mins, 47 secs. Auto Shutoff: 0.997302
8.30077% complete. Max time remaining: 14 mins, 35 secs. Auto Shutoff: 0.976799
9.3113% complete. Max time remaining: 14 mins, 23 secs. Auto Shutoff: 0.975352
10.3218% complete. Max time remaining: 14 mins, 12 secs. Auto Shutoff: 0.975232
11.3324% complete. Max time remaining: 14 mins, 1 secs. Auto Shutoff: 0.975238
12.3429% complete. Max time remaining: 13 mins, 51 secs. Auto Shutoff: 0.997777
13.3534% complete. Max time remaining: 13 mins, 41 secs. Auto Shutoff: 0.982324
14.3639% complete. Max time remaining: 13 mins, 31 secs. Auto Shutoff: 0.974527
15.3745% complete. Max time remaining: 13 mins, 21 secs. Auto Shutoff: 0.973109
16.385% complete. Max time remaining: 13 mins, 10 secs. Auto Shutoff: 0.971807
17.3955% complete. Max time remaining: 13 mins, 0 secs. Auto Shutoff: 0.974172
18.4061% complete. Max time remaining: 12 mins, 50 secs. Auto Shutoff: 0.994621
19.4166% complete. Max time remaining: 12 mins, 40 secs. Auto Shutoff: 1.00088
20.4271% complete. Max time remaining: 12 mins, 30 secs. Auto Shutoff: 0.971046
21.4376% complete. Max time remaining: 12 mins, 20 secs. Auto Shutoff: 0.961251
22.4482% complete. Max time remaining: 12 mins, 11 secs. Auto Shutoff: 0.814218
23.4587% complete. Max time remaining: 12 mins, 1 secs. Auto Shutoff: 0.253855
24.4692% complete. Max time remaining: 11 mins, 51 secs. Auto Shutoff: 0.0129549
25.4798% complete. Max time remaining: 11 mins, 41 secs. Auto Shutoff: 0.000111319
26.4903% complete. Max time remaining: 11 mins, 31 secs. Auto Shutoff: 3.84935e-05
27.5008% complete. Max time remaining: 11 mins, 22 secs. Auto Shutoff: 2.32557e-05
28.5113% complete. Max time remaining: 11 mins, 12 secs. Auto Shutoff: 1.88491e-05
29.5219% complete. Max time remaining: 11 mins, 2 secs. Auto Shutoff: 1.7161e-05
30.5324% complete. Max time remaining: 10 mins, 53 secs. Auto Shutoff: 1.46568e-05
31.5429% complete. Max time remaining: 10 mins, 43 secs. Auto Shutoff: 1.3439e-05
32.5535% complete. Max time remaining: 10 mins, 33 secs. Auto Shutoff: 1.20606e-05
33.564% complete. Max time remaining: 10 mins, 24 secs. Auto Shutoff: 1.05485e-05
100% complete. Max time remaining: 0 mins, 0 secs. Auto Shutoff: 9.48335e-06
Early termination of simulation, the autoshutoff criteria are satisfied.
Completed 7466 iterations, or 3.368129e-13s of Simulation Time
Process 0 starting to collect data
    collecting monitor data
    collecting source data
Using frequency dependent profile
Finished collecting data
left is a duplicate key.
bottom is a duplicate key.
z1 is a duplicate key.
z2 is a duplicate key.
Nx is a duplicate key.
Ny is a duplicate key.
Nz is a duplicate key.
left is a duplicate key.
bottom is a duplicate key.
z1 is a duplicate key.
z2 is a duplicate key.
Nx is a duplicate key.
Ny is a duplicate key.
Nz is a duplicate key.
left is a duplicate key.
bottom is a duplicate key.
z1 is a duplicate key.
z2 is a duplicate key.
Nx is a duplicate key.
Ny is a duplicate key.
Nz is a duplicate key.
left is a duplicate key.
bottom is a duplicate key.
z1 is a duplicate key.
z2 is a duplicate key.
Nx is a duplicate key.
Ny is a duplicate key.
Nz is a duplicate key.
Simulation completed successfully at: qui set 1 16:22:50 2022
Overall wall time measurements in seconds: 322.914
    time to mesh and initialize: 5.22395
    time to run FDTD simulation: 316.311
    time to checkpoint simulation: 1e-06
    time to finalize data and save to files: 0.103403
    miscellaneous time: 1.27618
    FDTD solver speed on process 0: 47.5368 Mnodes/s
    total FDTD solver speed on 4 processes: 190.147 Mnodes/s
